0 verbose cli /usr/local/bin/node /usr/local/bin/npm
1 info using npm@10.9.2
2 info using node@v22.14.0
3 silly config load:file:/usr/local/lib/node_modules/npm/npmrc
4 silly config load:file:/Users/aravindaart/Documents/Reference/exp-tracker/.npmrc
5 silly config load:file:/Users/aravindaart/.npmrc
6 silly config load:file:/usr/local/etc/npmrc
7 verbose title npm install @supabase/supabase-js @supabase/ssr zod react-hook-form @hookform/resolvers recharts date-fns papaparse
8 verbose argv "install" "@supabase/supabase-js" "@supabase/ssr" "zod" "react-hook-form" "@hookform/resolvers" "recharts" "date-fns" "papaparse"
9 verbose logfile logs-max:10 dir:/Users/aravindaart/Documents/Reference/exp-tracker/.npm-cache/_logs/2026-04-16T15_47_17_847Z-
10 verbose logfile /Users/aravindaart/Documents/Reference/exp-tracker/.npm-cache/_logs/2026-04-16T15_47_17_847Z-debug-0.log
11 silly logfile done cleaning log files
12 silly packumentCache heap:2197815296 maxSize:549453824 maxEntrySize:274726912
13 silly idealTree buildDeps
14 silly fetch manifest @supabase/supabase-js@*
15 silly packumentCache full:https://registry.npmjs.org/@supabase%2fsupabase-js cache-miss
16 verbose shrinkwrap failed to load node_modules/.package-lock.json out of date, updated: node_modules
17 http fetch GET 200 https://registry.npmjs.org/npm 536ms
18 http fetch GET 200 https://registry.npmjs.org/@supabase%2fsupabase-js 481ms (cache miss)
19 silly packumentCache full:https://registry.npmjs.org/@supabase%2fsupabase-js set size:undefined disposed:false
20 silly fetch manifest @supabase/ssr@*
21 silly packumentCache full:https://registry.npmjs.org/@supabase%2fssr cache-miss
22 http fetch GET 200 https://registry.npmjs.org/@supabase%2fssr 81ms (cache miss)
23 silly packumentCache full:https://registry.npmjs.org/@supabase%2fssr set size:undefined disposed:false
24 silly fetch manifest zod@*
25 silly packumentCache full:https://registry.npmjs.org/zod cache-miss
26 http fetch GET 200 https://registry.npmjs.org/zod 109ms (cache miss)
27 silly packumentCache full:https://registry.npmjs.org/zod set size:undefined disposed:false
28 silly fetch manifest react-hook-form@*
29 silly packumentCache full:https://registry.npmjs.org/react-hook-form cache-miss
30 http fetch GET 200 https://registry.npmjs.org/react-hook-form 146ms (cache miss)
31 silly packumentCache full:https://registry.npmjs.org/react-hook-form set size:undefined disposed:false
32 silly fetch manifest react@^18
33 silly packumentCache full:https://registry.npmjs.org/react cache-miss
34 http fetch GET 200 https://registry.npmjs.org/react 183ms (cache miss)
35 silly packumentCache full:https://registry.npmjs.org/react set size:undefined disposed:false
36 silly fetch manifest @hookform/resolvers@*
37 silly packumentCache full:https://registry.npmjs.org/@hookform%2fresolvers cache-miss
38 http fetch GET 200 https://registry.npmjs.org/@hookform%2fresolvers 83ms (cache miss)
39 silly packumentCache full:https://registry.npmjs.org/@hookform%2fresolvers set size:undefined disposed:false
40 silly fetch manifest recharts@*
41 silly packumentCache full:https://registry.npmjs.org/recharts cache-miss
42 http fetch GET 200 https://registry.npmjs.org/recharts 71ms (cache miss)
43 silly packumentCache full:https://registry.npmjs.org/recharts set size:undefined disposed:false
44 silly fetch manifest react-dom@^18
45 silly packumentCache full:https://registry.npmjs.org/react-dom cache-miss
46 http fetch GET 200 https://registry.npmjs.org/react-dom 189ms (cache miss)
47 silly packumentCache full:https://registry.npmjs.org/react-dom set size:undefined disposed:false
48 silly fetch manifest react-is@^16.8.0 || ^17.0.0 || ^18.0.0 || ^19.0.0
49 silly packumentCache full:https://registry.npmjs.org/react-is cache-miss
50 http fetch GET 200 https://registry.npmjs.org/react-is 162ms (cache miss)
51 silly packumentCache full:https://registry.npmjs.org/react-is set size:undefined disposed:false
52 silly fetch manifest date-fns@*
53 silly packumentCache full:https://registry.npmjs.org/date-fns cache-miss
54 http fetch GET 200 https://registry.npmjs.org/date-fns 178ms (cache miss)
55 silly packumentCache full:https://registry.npmjs.org/date-fns set size:undefined disposed:false
56 silly fetch manifest papaparse@*
57 silly packumentCache full:https://registry.npmjs.org/papaparse cache-miss
58 http fetch GET 200 https://registry.npmjs.org/papaparse 49ms (cache miss)
59 silly packumentCache full:https://registry.npmjs.org/papaparse set size:undefined disposed:false
60 silly placeDep ROOT @hookform/resolvers@5.2.2 OK for: exp-tracker-scaffold@0.1.0 want: *
61 silly placeDep ROOT react-hook-form@7.72.1 OK for: @hookform/resolvers@5.2.2 want: ^7.55.0
62 silly placeDep ROOT @supabase/ssr@0.10.2 OK for: exp-tracker-scaffold@0.1.0 want: *
63 silly placeDep ROOT @supabase/supabase-js@2.103.3 OK for: @supabase/ssr@0.10.2 want: ^2.102.1
64 silly placeDep ROOT @supabase/supabase-js@2.103.3 REPLACE for: exp-tracker-scaffold@0.1.0 want: *
65 silly placeDep ROOT date-fns@4.1.0 OK for: exp-tracker-scaffold@0.1.0 want: *
66 silly placeDep ROOT papaparse@5.5.3 OK for: exp-tracker-scaffold@0.1.0 want: *
67 silly placeDep ROOT react-hook-form@7.72.1 REPLACE for: exp-tracker-scaffold@0.1.0 want: *
68 silly placeDep ROOT recharts@3.8.1 OK for: exp-tracker-scaffold@0.1.0 want: *
69 silly placeDep ROOT zod@4.3.6 OK for: exp-tracker-scaffold@0.1.0 want: *
70 silly fetch manifest @standard-schema/utils@^0.3.0
71 silly packumentCache full:https://registry.npmjs.org/@standard-schema%2futils cache-miss
72 silly fetch manifest cookie@^1.0.2
73 silly packumentCache full:https://registry.npmjs.org/cookie cache-miss
74 silly fetch manifest @supabase/auth-js@2.103.3
75 silly packumentCache full:https://registry.npmjs.org/@supabase%2fauth-js cache-miss
76 silly fetch manifest @supabase/functions-js@2.103.3
77 silly packumentCache full:https://registry.npmjs.org/@supabase%2ffunctions-js cache-miss
78 silly fetch manifest @supabase/postgrest-js@2.103.3
79 silly packumentCache full:https://registry.npmjs.org/@supabase%2fpostgrest-js cache-miss
80 silly fetch manifest @supabase/realtime-js@2.103.3
81 silly packumentCache full:https://registry.npmjs.org/@supabase%2frealtime-js cache-miss
82 silly fetch manifest @supabase/storage-js@2.103.3
83 silly packumentCache full:https://registry.npmjs.org/@supabase%2fstorage-js cache-miss
84 http fetch GET 200 https://registry.npmjs.org/@standard-schema%2futils 80ms (cache miss)
85 silly packumentCache full:https://registry.npmjs.org/@standard-schema%2futils set size:undefined disposed:false
86 silly fetch manifest @supabase/auth-js@2.103.3
87 silly packumentCache full:https://registry.npmjs.org/@supabase%2fauth-js cache-miss
88 http fetch GET 200 https://registry.npmjs.org/cookie 83ms (cache miss)
89 silly packumentCache full:https://registry.npmjs.org/cookie set size:undefined disposed:false
90 silly fetch manifest @supabase/functions-js@2.103.3
91 silly packumentCache full:https://registry.npmjs.org/@supabase%2ffunctions-js cache-miss
92 http fetch GET 200 https://registry.npmjs.org/@supabase%2ffunctions-js 182ms (cache miss)
93 silly packumentCache full:https://registry.npmjs.org/@supabase%2ffunctions-js set size:undefined disposed:false
94 silly fetch manifest @supabase/postgrest-js@2.103.3
95 silly packumentCache full:https://registry.npmjs.org/@supabase%2fpostgrest-js cache-miss
96 http fetch GET 200 https://registry.npmjs.org/@supabase%2ffunctions-js 141ms (cache miss)
97 silly packumentCache full:https://registry.npmjs.org/@supabase%2ffunctions-js set size:undefined disposed:false
98 silly fetch manifest @supabase/realtime-js@2.103.3
99 silly packumentCache full:https://registry.npmjs.org/@supabase%2frealtime-js cache-miss
100 http fetch GET 200 https://registry.npmjs.org/@supabase%2fauth-js 187ms (cache miss)
101 silly packumentCache full:https://registry.npmjs.org/@supabase%2fauth-js set size:undefined disposed:false
102 silly fetch manifest @supabase/storage-js@2.103.3
103 silly packumentCache full:https://registry.npmjs.org/@supabase%2fstorage-js cache-miss
104 http fetch GET 200 https://registry.npmjs.org/@supabase%2fauth-js 299ms (cache miss)
105 silly packumentCache full:https://registry.npmjs.org/@supabase%2fauth-js set size:undefined disposed:false
106 silly fetch manifest @reduxjs/toolkit@^1.9.0 || 2.x.x
107 silly packumentCache full:https://registry.npmjs.org/@reduxjs%2ftoolkit cache-miss
108 http fetch GET 200 https://registry.npmjs.org/@supabase%2fstorage-js 342ms (cache miss)
109 silly packumentCache full:https://registry.npmjs.org/@supabase%2fstorage-js set size:undefined disposed:false
110 silly fetch manifest clsx@^2.1.1
111 silly packumentCache full:https://registry.npmjs.org/clsx cache-miss
112 http fetch GET 200 https://registry.npmjs.org/@supabase%2frealtime-js 403ms (cache miss)
113 silly packumentCache full:https://registry.npmjs.org/@supabase%2frealtime-js set size:undefined disposed:false
114 silly fetch manifest decimal.js-light@^2.5.1
115 silly packumentCache full:https://registry.npmjs.org/decimal.js-light cache-miss
116 http fetch GET 200 https://registry.npmjs.org/@supabase%2fpostgrest-js 435ms (cache miss)
117 silly packumentCache full:https://registry.npmjs.org/@supabase%2fpostgrest-js set size:undefined disposed:false
118 silly fetch manifest es-toolkit@^1.39.3
119 silly packumentCache full:https://registry.npmjs.org/es-toolkit cache-miss
120 http fetch GET 200 https://registry.npmjs.org/clsx 124ms (cache miss)
121 silly packumentCache full:https://registry.npmjs.org/clsx set size:undefined disposed:false
122 silly fetch manifest eventemitter3@^5.0.1
123 silly packumentCache full:https://registry.npmjs.org/eventemitter3 cache-miss
124 http fetch GET 200 https://registry.npmjs.org/@reduxjs%2ftoolkit 179ms (cache miss)
125 silly packumentCache full:https://registry.npmjs.org/@reduxjs%2ftoolkit set size:undefined disposed:false
126 silly fetch manifest immer@^10.1.1
127 silly packumentCache full:https://registry.npmjs.org/immer cache-miss
128 http fetch GET 200 https://registry.npmjs.org/decimal.js-light 92ms (cache miss)
129 silly packumentCache full:https://registry.npmjs.org/decimal.js-light set size:undefined disposed:false
130 silly fetch manifest react-redux@8.x.x || 9.x.x
131 silly packumentCache full:https://registry.npmjs.org/react-redux cache-miss
132 http fetch GET 200 https://registry.npmjs.org/@supabase%2fpostgrest-js 341ms (cache miss)
133 silly packumentCache full:https://registry.npmjs.org/@supabase%2fpostgrest-js set size:undefined disposed:false
134 silly fetch manifest reselect@5.1.1
135 silly packumentCache full:https://registry.npmjs.org/reselect cache-miss
136 http fetch GET 200 https://registry.npmjs.org/@supabase%2frealtime-js 324ms (cache miss)
137 silly packumentCache full:https://registry.npmjs.org/@supabase%2frealtime-js set size:undefined disposed:false
138 silly fetch manifest tiny-invariant@^1.3.3
139 silly packumentCache full:https://registry.npmjs.org/tiny-invariant cache-miss
140 http fetch GET 200 https://registry.npmjs.org/@supabase%2fstorage-js 296ms (cache miss)
141 silly packumentCache full:https://registry.npmjs.org/@supabase%2fstorage-js set size:undefined disposed:false
142 silly fetch manifest use-sync-external-store@^1.2.2
143 silly packumentCache full:https://registry.npmjs.org/use-sync-external-store cache-miss
144 http fetch GET 200 https://registry.npmjs.org/eventemitter3 149ms (cache miss)
145 silly packumentCache full:https://registry.npmjs.org/eventemitter3 set size:undefined disposed:false
146 silly fetch manifest victory-vendor@^37.0.2
147 silly packumentCache full:https://registry.npmjs.org/victory-vendor cache-miss
148 http fetch GET 200 https://registry.npmjs.org/tiny-invariant 123ms (cache miss)
149 silly packumentCache full:https://registry.npmjs.org/tiny-invariant set size:undefined disposed:false
150 http fetch GET 200 https://registry.npmjs.org/immer 224ms (cache miss)
151 silly packumentCache full:https://registry.npmjs.org/immer set size:undefined disposed:false
152 http fetch GET 200 https://registry.npmjs.org/victory-vendor 100ms (cache miss)
153 silly packumentCache full:https://registry.npmjs.org/victory-vendor set size:undefined disposed:false
154 http fetch GET 200 https://registry.npmjs.org/reselect 205ms (cache miss)
155 silly packumentCache full:https://registry.npmjs.org/reselect set size:undefined disposed:false
156 http fetch GET 200 https://registry.npmjs.org/react-redux 273ms (cache miss)
157 silly packumentCache full:https://registry.npmjs.org/react-redux set size:undefined disposed:false
158 http fetch GET 200 https://registry.npmjs.org/use-sync-external-store 277ms (cache miss)
159 silly packumentCache full:https://registry.npmjs.org/use-sync-external-store set size:undefined disposed:false
160 http fetch GET 200 https://registry.npmjs.org/es-toolkit 523ms (cache miss)
161 silly packumentCache full:https://registry.npmjs.org/es-toolkit set size:undefined disposed:false
162 silly placeDep ROOT @standard-schema/utils@0.3.0 OK for: @hookform/resolvers@5.2.2 want: ^0.3.0
163 silly placeDep ROOT cookie@1.1.1 OK for: @supabase/ssr@0.10.2 want: ^1.0.2
164 silly placeDep ROOT @supabase/auth-js@2.103.3 OK for: @supabase/supabase-js@2.103.3 want: 2.103.3
165 silly placeDep ROOT @supabase/functions-js@2.103.3 OK for: @supabase/supabase-js@2.103.3 want: 2.103.3
166 silly placeDep ROOT @supabase/postgrest-js@2.103.3 OK for: @supabase/supabase-js@2.103.3 want: 2.103.3
167 silly placeDep ROOT @supabase/realtime-js@2.103.3 OK for: @supabase/supabase-js@2.103.3 want: 2.103.3
168 silly placeDep ROOT @supabase/storage-js@2.103.3 OK for: @supabase/supabase-js@2.103.3 want: 2.103.3
169 silly fetch manifest @supabase/phoenix@^0.4.0
170 silly packumentCache full:https://registry.npmjs.org/@supabase%2fphoenix cache-miss
171 silly fetch manifest @types/ws@^8.18.1
172 silly packumentCache full:https://registry.npmjs.org/@types%2fws cache-miss
173 silly fetch manifest ws@^8.18.2
174 silly packumentCache full:https://registry.npmjs.org/ws cache-miss
175 silly fetch manifest iceberg-js@^0.8.1
176 silly packumentCache full:https://registry.npmjs.org/iceberg-js cache-miss
177 http fetch GET 200 https://registry.npmjs.org/iceberg-js 57ms (cache miss)
178 silly packumentCache full:https://registry.npmjs.org/iceberg-js set size:undefined disposed:false
179 http fetch GET 200 https://registry.npmjs.org/ws 64ms (cache miss)
180 silly packumentCache full:https://registry.npmjs.org/ws set size:undefined disposed:false
181 http fetch GET 200 https://registry.npmjs.org/@types%2fws 77ms (cache miss)
182 silly packumentCache full:https://registry.npmjs.org/@types%2fws set size:undefined disposed:false
183 http fetch GET 200 https://registry.npmjs.org/@supabase%2fphoenix 85ms (cache miss)
184 silly packumentCache full:https://registry.npmjs.org/@supabase%2fphoenix set size:undefined disposed:false
185 silly fetch manifest bufferutil@^4.0.1
186 silly packumentCache full:https://registry.npmjs.org/bufferutil cache-miss
187 http fetch GET 200 https://registry.npmjs.org/bufferutil 39ms (cache miss)
188 silly packumentCache full:https://registry.npmjs.org/bufferutil set size:undefined disposed:false
189 silly fetch manifest utf-8-validate@>=5.0.2
190 silly packumentCache full:https://registry.npmjs.org/utf-8-validate cache-miss
191 http fetch GET 200 https://registry.npmjs.org/utf-8-validate 37ms (cache miss)
192 silly packumentCache full:https://registry.npmjs.org/utf-8-validate set size:undefined disposed:false
193 silly placeDep ROOT @supabase/phoenix@0.4.0 OK for: @supabase/realtime-js@2.103.3 want: ^0.4.0
194 silly placeDep ROOT @types/ws@8.18.1 OK for: @supabase/realtime-js@2.103.3 want: ^8.18.1
195 silly placeDep ROOT ws@8.20.0 OK for: @supabase/realtime-js@2.103.3 want: ^8.18.2
196 silly placeDep ROOT iceberg-js@0.8.1 OK for: @supabase/storage-js@2.103.3 want: ^0.8.1
197 silly fetch manifest react@^16.8.0 || ^17.0.0 || ^18.0.0 || ^19.0.0
198 silly packumentCache full:https://registry.npmjs.org/react cache-miss
199 http cache https://registry.npmjs.org/react 77ms (cache hit)
200 silly packumentCache full:https://registry.npmjs.org/react set size:6609926 disposed:false
201 silly fetch manifest @types/react@^18.2.25 || ^19
202 silly packumentCache full:https://registry.npmjs.org/@types%2freact cache-miss
203 http fetch GET 200 https://registry.npmjs.org/@types%2freact 104ms (cache miss)
204 silly packumentCache full:https://registry.npmjs.org/@types%2freact set size:undefined disposed:false
205 silly fetch manifest redux@^5.0.0
206 silly packumentCache full:https://registry.npmjs.org/redux cache-miss
207 http fetch GET 200 https://registry.npmjs.org/redux 45ms (cache miss)
208 silly packumentCache full:https://registry.npmjs.org/redux set size:undefined disposed:false
209 silly placeDep ROOT @reduxjs/toolkit@2.11.2 OK for: recharts@3.8.1 want: ^1.9.0 || 2.x.x
210 silly placeDep ROOT clsx@2.1.1 OK for: recharts@3.8.1 want: ^2.1.1
211 silly placeDep ROOT decimal.js-light@2.5.1 OK for: recharts@3.8.1 want: ^2.5.1
212 silly placeDep ROOT es-toolkit@1.45.1 OK for: recharts@3.8.1 want: ^1.39.3
213 silly placeDep ROOT eventemitter3@5.0.4 OK for: recharts@3.8.1 want: ^5.0.1
214 silly placeDep ROOT immer@10.2.0 OK for: recharts@3.8.1 want: ^10.1.1
215 silly placeDep ROOT react-redux@9.2.0 OK for: recharts@3.8.1 want: 8.x.x || 9.x.x
216 silly placeDep ROOT reselect@5.1.1 OK for: recharts@3.8.1 want: 5.1.1
217 silly placeDep ROOT tiny-invariant@1.3.3 OK for: recharts@3.8.1 want: ^1.3.3
218 silly placeDep ROOT use-sync-external-store@1.6.0 OK for: recharts@3.8.1 want: ^1.2.2
219 silly placeDep ROOT victory-vendor@37.3.6 OK for: recharts@3.8.1 want: ^37.0.2
220 silly fetch manifest @standard-schema/spec@^1.0.0
221 silly packumentCache full:https://registry.npmjs.org/@standard-schema%2fspec cache-miss
222 silly fetch manifest immer@^11.0.0
223 silly packumentCache full:https://registry.npmjs.org/immer cache-miss
224 silly fetch manifest redux@^5.0.1
225 silly packumentCache full:https://registry.npmjs.org/redux cache-miss
226 silly fetch manifest redux-thunk@^3.1.0
227 silly packumentCache full:https://registry.npmjs.org/redux-thunk cache-miss
228 silly fetch manifest reselect@^5.1.0
229 silly packumentCache full:https://registry.npmjs.org/reselect cache-miss
230 silly fetch manifest @types/use-sync-external-store@^0.0.6
231 silly packumentCache full:https://registry.npmjs.org/@types%2fuse-sync-external-store cache-miss
232 silly fetch manifest use-sync-external-store@^1.4.0
233 silly packumentCache full:https://registry.npmjs.org/use-sync-external-store cache-miss
234 http cache https://registry.npmjs.org/use-sync-external-store 27ms (cache hit)
235 silly packumentCache full:https://registry.npmjs.org/use-sync-external-store set size:4635315 disposed:false
236 silly fetch manifest d3-ease@^3.0.1
237 silly packumentCache full:https://registry.npmjs.org/d3-ease cache-miss
238 http cache https://registry.npmjs.org/immer 80ms (cache hit)
239 silly packumentCache full:https://registry.npmjs.org/immer set size:747136 disposed:false
240 silly fetch manifest d3-time@^3.0.0
241 silly packumentCache full:https://registry.npmjs.org/d3-time cache-miss
242 http cache https://registry.npmjs.org/reselect 93ms (cache hit)
243 silly packumentCache full:https://registry.npmjs.org/reselect set size:910470 disposed:false
244 silly fetch manifest d3-array@^3.1.6
245 silly packumentCache full:https://registry.npmjs.org/d3-array cache-miss
246 http cache https://registry.npmjs.org/redux 109ms (cache hit)
247 silly packumentCache full:https://registry.npmjs.org/redux set size:553833 disposed:false
248 silly fetch manifest d3-scale@^4.0.2
249 silly packumentCache full:https://registry.npmjs.org/d3-scale cache-miss
250 http fetch GET 200 https://registry.npmjs.org/@types%2fuse-sync-external-store 135ms (cache miss)
251 silly packumentCache full:https://registry.npmjs.org/@types%2fuse-sync-external-store set size:undefined disposed:false
252 silly fetch manifest d3-shape@^3.1.0
253 silly packumentCache full:https://registry.npmjs.org/d3-shape cache-miss
254 http fetch GET 200 https://registry.npmjs.org/@standard-schema%2fspec 141ms (cache miss)
255 silly packumentCache full:https://registry.npmjs.org/@standard-schema%2fspec set size:undefined disposed:false
256 silly fetch manifest d3-timer@^3.0.1
257 silly packumentCache full:https://registry.npmjs.org/d3-timer cache-miss
258 http fetch GET 200 https://registry.npmjs.org/redux-thunk 143ms (cache miss)
259 silly packumentCache full:https://registry.npmjs.org/redux-thunk set size:undefined disposed:false
260 silly fetch manifest @types/d3-ease@^3.0.0
261 silly packumentCache full:https://registry.npmjs.org/@types%2fd3-ease cache-miss
262 http fetch GET 200 https://registry.npmjs.org/d3-ease 119ms (cache miss)
263 silly packumentCache full:https://registry.npmjs.org/d3-ease set size:undefined disposed:false
264 silly fetch manifest @types/d3-time@^3.0.0
265 silly packumentCache full:https://registry.npmjs.org/@types%2fd3-time cache-miss
266 http fetch GET 200 https://registry.npmjs.org/d3-time 113ms (cache miss)
267 silly packumentCache full:https://registry.npmjs.org/d3-time set size:undefined disposed:false
268 silly fetch manifest d3-interpolate@^3.0.1
269 silly packumentCache full:https://registry.npmjs.org/d3-interpolate cache-miss
270 http fetch GET 200 https://registry.npmjs.org/d3-timer 67ms (cache miss)
271 silly packumentCache full:https://registry.npmjs.org/d3-timer set size:undefined disposed:false
272 silly fetch manifest @types/d3-array@^3.0.3
273 silly packumentCache full:https://registry.npmjs.org/@types%2fd3-array cache-miss
274 http fetch GET 200 https://registry.npmjs.org/@types%2fd3-ease 68ms (cache miss)
275 silly packumentCache full:https://registry.npmjs.org/@types%2fd3-ease set size:undefined disposed:false
276 silly fetch manifest @types/d3-scale@^4.0.2
277 silly packumentCache full:https://registry.npmjs.org/@types%2fd3-scale cache-miss
278 http fetch GET 200 https://registry.npmjs.org/d3-array 113ms (cache miss)
279 silly packumentCache full:https://registry.npmjs.org/d3-array set size:undefined disposed:false
280 silly fetch manifest @types/d3-shape@^3.1.0
281 silly packumentCache full:https://registry.npmjs.org/@types%2fd3-shape cache-miss
282 http fetch GET 200 https://registry.npmjs.org/d3-shape 87ms (cache miss)
283 silly packumentCache full:https://registry.npmjs.org/d3-shape set size:undefined disposed:false
284 silly fetch manifest @types/d3-timer@^3.0.0
285 silly packumentCache full:https://registry.npmjs.org/@types%2fd3-timer cache-miss
286 http fetch GET 200 https://registry.npmjs.org/d3-scale 118ms (cache miss)
287 silly packumentCache full:https://registry.npmjs.org/d3-scale set size:undefined disposed:false
288 silly fetch manifest @types/d3-interpolate@^3.0.1
289 silly packumentCache full:https://registry.npmjs.org/@types%2fd3-interpolate cache-miss
290 http fetch GET 200 https://registry.npmjs.org/d3-interpolate 50ms (cache miss)
291 silly packumentCache full:https://registry.npmjs.org/d3-interpolate set size:undefined disposed:false
292 http fetch GET 200 https://registry.npmjs.org/@types%2fd3-time 64ms (cache miss)
293 silly packumentCache full:https://registry.npmjs.org/@types%2fd3-time set size:undefined disposed:false
294 http fetch GET 200 https://registry.npmjs.org/@types%2fd3-array 52ms (cache miss)
295 silly packumentCache full:https://registry.npmjs.org/@types%2fd3-array set size:undefined disposed:false
296 http fetch GET 200 https://registry.npmjs.org/@types%2fd3-timer 52ms (cache miss)
297 silly packumentCache full:https://registry.npmjs.org/@types%2fd3-timer set size:undefined disposed:false
298 http fetch GET 200 https://registry.npmjs.org/@types%2fd3-scale 68ms (cache miss)
299 silly packumentCache full:https://registry.npmjs.org/@types%2fd3-scale set size:undefined disposed:false
300 http fetch GET 200 https://registry.npmjs.org/@types%2fd3-interpolate 60ms (cache miss)
301 silly packumentCache full:https://registry.npmjs.org/@types%2fd3-interpolate set size:undefined disposed:false
302 http fetch GET 200 https://registry.npmjs.org/@types%2fd3-shape 562ms (cache miss)
303 silly packumentCache full:https://registry.npmjs.org/@types%2fd3-shape set size:undefined disposed:false
304 silly placeDep ROOT @standard-schema/spec@1.1.0 OK for: @reduxjs/toolkit@2.11.2 want: ^1.0.0
305 silly placeDep node_modules/@reduxjs/toolkit immer@11.1.4 OK for: @reduxjs/toolkit@2.11.2 want: ^11.0.0
306 silly placeDep ROOT redux@5.0.1 OK for: @reduxjs/toolkit@2.11.2 want: ^5.0.1
307 silly placeDep ROOT redux-thunk@3.1.0 OK for: @reduxjs/toolkit@2.11.2 want: ^3.1.0
308 silly placeDep ROOT @types/use-sync-external-store@0.0.6 OK for: react-redux@9.2.0 want: ^0.0.6
309 silly placeDep ROOT @types/d3-array@3.2.2 OK for: victory-vendor@37.3.6 want: ^3.0.3
310 silly placeDep ROOT @types/d3-ease@3.0.2 OK for: victory-vendor@37.3.6 want: ^3.0.0
311 silly placeDep ROOT @types/d3-interpolate@3.0.4 OK for: victory-vendor@37.3.6 want: ^3.0.1
312 silly placeDep ROOT @types/d3-scale@4.0.9 OK for: victory-vendor@37.3.6 want: ^4.0.2
313 silly placeDep ROOT @types/d3-shape@3.1.8 OK for: victory-vendor@37.3.6 want: ^3.1.0
314 silly placeDep ROOT @types/d3-time@3.0.4 OK for: victory-vendor@37.3.6 want: ^3.0.0
315 silly placeDep ROOT @types/d3-timer@3.0.2 OK for: victory-vendor@37.3.6 want: ^3.0.0
316 silly placeDep ROOT d3-array@3.2.4 OK for: victory-vendor@37.3.6 want: ^3.1.6
317 silly placeDep ROOT d3-ease@3.0.1 OK for: victory-vendor@37.3.6 want: ^3.0.1
318 silly placeDep ROOT d3-interpolate@3.0.1 OK for: victory-vendor@37.3.6 want: ^3.0.1
319 silly placeDep ROOT d3-scale@4.0.2 OK for: victory-vendor@37.3.6 want: ^4.0.2
320 silly placeDep ROOT d3-shape@3.2.0 OK for: victory-vendor@37.3.6 want: ^3.1.0
321 silly placeDep ROOT d3-time@3.1.0 OK for: victory-vendor@37.3.6 want: ^3.0.0
322 silly placeDep ROOT d3-timer@3.0.1 OK for: victory-vendor@37.3.6 want: ^3.0.1
323 silly fetch manifest @types/d3-color@*
324 silly packumentCache full:https://registry.npmjs.org/@types%2fd3-color cache-miss
325 silly fetch manifest @types/d3-time@*
326 silly packumentCache full:https://registry.npmjs.org/@types%2fd3-time cache-miss
327 silly fetch manifest @types/d3-path@*
328 silly packumentCache full:https://registry.npmjs.org/@types%2fd3-path cache-miss
329 silly fetch manifest internmap@1 - 2
330 silly packumentCache full:https://registry.npmjs.org/internmap cache-miss
331 silly fetch manifest d3-color@1 - 3
332 silly packumentCache full:https://registry.npmjs.org/d3-color cache-miss
333 silly fetch manifest d3-format@1 - 3
334 silly packumentCache full:https://registry.npmjs.org/d3-format cache-miss
335 silly fetch manifest d3-time@2.1.1 - 3
336 silly packumentCache full:https://registry.npmjs.org/d3-time cache-miss
337 http cache https://registry.npmjs.org/d3-time 12ms (cache hit)
338 silly packumentCache full:https://registry.npmjs.org/d3-time set size:150406 disposed:false
339 silly fetch manifest d3-time-format@2 - 4
340 silly packumentCache full:https://registry.npmjs.org/d3-time-format cache-miss
341 http cache https://registry.npmjs.org/@types%2fd3-time 24ms (cache hit)
342 silly packumentCache full:https://registry.npmjs.org/@types%2fd3-time set size:52652 disposed:false
343 silly fetch manifest d3-path@^3.1.0
344 silly packumentCache full:https://registry.npmjs.org/d3-path cache-miss
345 http fetch GET 200 https://registry.npmjs.org/internmap 43ms (cache miss)
346 silly packumentCache full:https://registry.npmjs.org/internmap set size:undefined disposed:false
347 http fetch GET 200 https://registry.npmjs.org/d3-color 51ms (cache miss)
348 silly packumentCache full:https://registry.npmjs.org/d3-color set size:undefined disposed:false
349 http fetch GET 200 https://registry.npmjs.org/@types%2fd3-color 65ms (cache miss)
350 silly packumentCache full:https://registry.npmjs.org/@types%2fd3-color set size:undefined disposed:false
351 http fetch GET 200 https://registry.npmjs.org/d3-format 70ms (cache miss)
352 silly packumentCache full:https://registry.npmjs.org/d3-format set size:undefined disposed:false
353 http fetch GET 200 https://registry.npmjs.org/@types%2fd3-path 79ms (cache miss)
354 silly packumentCache full:https://registry.npmjs.org/@types%2fd3-path set size:undefined disposed:false
355 http fetch GET 200 https://registry.npmjs.org/d3-time-format 61ms (cache miss)
356 silly packumentCache full:https://registry.npmjs.org/d3-time-format set size:undefined disposed:false
357 http fetch GET 200 https://registry.npmjs.org/d3-path 76ms (cache miss)
358 silly packumentCache full:https://registry.npmjs.org/d3-path set size:undefined disposed:false
359 silly placeDep ROOT @types/d3-color@3.1.3 OK for: @types/d3-interpolate@3.0.4 want: *
360 silly placeDep ROOT @types/d3-path@3.1.1 OK for: @types/d3-shape@3.1.8 want: *
361 silly placeDep ROOT internmap@2.0.3 OK for: d3-array@3.2.4 want: 1 - 2
362 silly placeDep ROOT d3-color@3.1.0 OK for: d3-interpolate@3.0.1 want: 1 - 3
363 silly placeDep ROOT d3-format@3.1.2 OK for: d3-scale@4.0.2 want: 1 - 3
364 silly placeDep ROOT d3-time-format@4.1.0 OK for: d3-scale@4.0.2 want: 2 - 4
365 silly placeDep ROOT d3-path@3.1.0 OK for: d3-shape@3.2.0 want: ^3.1.0
366 silly reify moves {}
367 silly audit bulk request {
367 silly audit   '@alloc/quick-lru': [ '5.2.0' ],
367 silly audit   '@emnapi/core': [ '1.10.0' ],
367 silly audit   '@emnapi/runtime': [ '1.10.0' ],
367 silly audit   '@emnapi/wasi-threads': [ '1.2.1' ],
367 silly audit   '@eslint-community/eslint-utils': [ '4.9.1' ],
367 silly audit   '@eslint-community/regexpp': [ '4.12.2' ],
367 silly audit   '@eslint/eslintrc': [ '2.1.4' ],
367 silly audit   '@eslint/js': [ '8.57.1' ],
367 silly audit   '@humanwhocodes/config-array': [ '0.13.0' ],
367 silly audit   '@humanwhocodes/module-importer': [ '1.0.1' ],
367 silly audit   '@humanwhocodes/object-schema': [ '2.0.3' ],
367 silly audit   '@isaacs/cliui': [ '8.0.2' ],
367 silly audit   'ansi-regex': [ '6.2.2', '5.0.1' ],
367 silly audit   'strip-ansi': [ '7.2.0', '6.0.1' ],
367 silly audit   '@jridgewell/gen-mapping': [ '0.3.13' ],
367 silly audit   '@jridgewell/resolve-uri': [ '3.1.2' ],
367 silly audit   '@jridgewell/sourcemap-codec': [ '1.5.5' ],
367 silly audit   '@jridgewell/trace-mapping': [ '0.3.31' ],
367 silly audit   '@napi-rs/wasm-runtime': [ '0.2.12' ],
367 silly audit   '@next/env': [ '14.2.35' ],
367 silly audit   '@next/eslint-plugin-next': [ '14.2.35' ],
367 silly audit   '@next/swc-darwin-arm64': [ '14.2.33' ],
367 silly audit   '@next/swc-darwin-x64': [ '14.2.33' ],
367 silly audit   '@next/swc-linux-arm64-gnu': [ '14.2.33' ],
367 silly audit   '@next/swc-linux-arm64-musl': [ '14.2.33' ],
367 silly audit   '@next/swc-linux-x64-gnu': [ '14.2.33' ],
367 silly audit   '@next/swc-linux-x64-musl': [ '14.2.33' ],
367 silly audit   '@next/swc-win32-arm64-msvc': [ '14.2.33' ],
367 silly audit   '@next/swc-win32-ia32-msvc': [ '14.2.33' ],
367 silly audit   '@next/swc-win32-x64-msvc': [ '14.2.33' ],
367 silly audit   '@nodelib/fs.scandir': [ '2.1.5' ],
367 silly audit   '@nodelib/fs.stat': [ '2.0.5' ],
367 silly audit   '@nodelib/fs.walk': [ '1.2.8' ],
367 silly audit   '@nolyfill/is-core-module': [ '1.0.39' ],
367 silly audit   '@pkgjs/parseargs': [ '0.11.0' ],
367 silly audit   '@rtsao/scc': [ '1.1.0' ],
367 silly audit   '@rushstack/eslint-patch': [ '1.16.1' ],
367 silly audit   '@swc/counter': [ '0.1.3' ],
367 silly audit   '@swc/helpers': [ '0.5.5' ],
367 silly audit   '@tybys/wasm-util': [ '0.10.1' ],
367 silly audit   '@types/json5': [ '0.0.29' ],
367 silly audit   '@types/node': [ '20.19.39' ],
367 silly audit   '@types/prop-types': [ '15.7.15' ],
367 silly audit   '@types/react': [ '18.3.28' ],
367 silly audit   '@types/react-dom': [ '18.3.7' ],
367 silly audit   '@typescript-eslint/eslint-plugin': [ '8.58.2' ],
367 silly audit   ignore: [ '7.0.5', '5.3.2' ],
367 silly audit   '@typescript-eslint/parser': [ '8.58.2' ],
367 silly audit   '@typescript-eslint/project-service': [ '8.58.2' ],
367 silly audit   '@typescript-eslint/scope-manager': [ '8.58.2' ],
367 silly audit   '@typescript-eslint/tsconfig-utils': [ '8.58.2' ],
367 silly audit   '@typescript-eslint/type-utils': [ '8.58.2' ],
367 silly audit   '@typescript-eslint/types': [ '8.58.2' ],
367 silly audit   '@typescript-eslint/typescript-estree': [ '8.58.2' ],
367 silly audit   'balanced-match': [ '4.0.4', '1.0.2' ],
367 silly audit   'brace-expansion': [ '5.0.5', '1.1.14', '2.1.0' ],
367 silly audit   minimatch: [ '10.2.5', '9.0.9', '3.1.5' ],
367 silly audit   '@typescript-eslint/utils': [ '8.58.2' ],
367 silly audit   '@typescript-eslint/visitor-keys': [ '8.58.2' ],
367 silly audit   'eslint-visitor-keys': [ '5.0.1', '3.4.3' ],
367 silly audit   '@ungap/structured-clone': [ '1.3.0' ],
367 silly audit   '@unrs/resolver-binding-android-arm-eabi': [ '1.11.1' ],
367 silly audit   '@unrs/resolver-binding-android-arm64': [ '1.11.1' ],
367 silly audit   '@unrs/resolver-binding-darwin-arm64': [ '1.11.1' ],
367 silly audit   '@unrs/resolver-binding-darwin-x64': [ '1.11.1' ],
367 silly audit   '@unrs/resolver-binding-freebsd-x64': [ '1.11.1' ],
367 silly audit   '@unrs/resolver-binding-linux-arm-gnueabihf': [ '1.11.1' ],
367 silly audit   '@unrs/resolver-binding-linux-arm-musleabihf': [ '1.11.1' ],
367 silly audit   '@unrs/resolver-binding-linux-arm64-gnu': [ '1.11.1' ],
367 silly audit   '@unrs/resolver-binding-linux-arm64-musl': [ '1.11.1' ],
367 silly audit   '@unrs/resolver-binding-linux-ppc64-gnu': [ '1.11.1' ],
367 silly audit   '@unrs/resolver-binding-linux-riscv64-gnu': [ '1.11.1' ],
367 silly audit   '@unrs/resolver-binding-linux-riscv64-musl': [ '1.11.1' ],
367 silly audit   '@unrs/resolver-binding-linux-s390x-gnu': [ '1.11.1' ],
367 silly audit   '@unrs/resolver-binding-linux-x64-gnu': [ '1.11.1' ],
367 silly audit   '@unrs/resolver-binding-linux-x64-musl': [ '1.11.1' ],
367 silly audit   '@unrs/resolver-binding-wasm32-wasi': [ '1.11.1' ],
367 silly audit   '@unrs/resolver-binding-win32-arm64-msvc': [ '1.11.1' ],
367 silly audit   '@unrs/resolver-binding-win32-ia32-msvc': [ '1.11.1' ],
367 silly audit   '@unrs/resolver-binding-win32-x64-msvc': [ '1.11.1' ],
367 silly audit   acorn: [ '8.16.0' ],
367 silly audit   'acorn-jsx': [ '5.3.2' ],
367 silly audit   ajv: [ '6.14.0' ],
367 silly audit   'ansi-styles': [ '4.3.0', '6.2.3' ],
367 silly audit   'any-promise': [ '1.3.0' ],
367 silly audit   anymatch: [ '3.1.3' ],
367 silly audit   arg: [ '5.0.2' ],
367 silly audit   argparse: [ '2.0.1' ],
367 silly audit   'aria-query': [ '5.3.2' ],
367 silly audit   'array-buffer-byte-length': [ '1.0.2' ],
367 silly audit   'array-includes': [ '3.1.9' ],
367 silly audit   'array.prototype.findlast': [ '1.2.5' ],
367 silly audit   'array.prototype.findlastindex': [ '1.2.6' ],
367 silly audit   'array.prototype.flat': [ '1.3.3' ],
367 silly audit   'array.prototype.flatmap': [ '1.3.3' ],
367 silly audit   'array.prototype.tosorted': [ '1.1.4' ],
367 silly audit   'arraybuffer.prototype.slice': [ '1.0.4' ],
367 silly audit   'ast-types-flow': [ '0.0.8' ],
367 silly audit   'async-function': [ '1.0.0' ],
367 silly audit   'available-typed-arrays': [ '1.0.7' ],
367 silly audit   'axe-core': [ '4.11.3' ],
367 silly audit   'axobject-query': [ '4.1.0' ],
367 silly audit   'binary-extensions': [ '2.3.0' ],
367 silly audit   braces: [ '3.0.3' ],
367 silly audit   busboy: [ '1.6.0' ],
367 silly audit   'call-bind': [ '1.0.9' ],
367 silly audit   'call-bind-apply-helpers': [ '1.0.2' ],
367 silly audit   'call-bound': [ '1.0.4' ],
367 silly audit   callsites: [ '3.1.0' ],
367 silly audit   'camelcase-css': [ '2.0.1' ],
367 silly audit   'caniuse-lite': [ '1.0.30001788' ],
367 silly audit   chalk: [ '4.1.2' ],
367 silly audit   chokidar: [ '3.6.0' ],
367 silly audit   'glob-parent': [ '5.1.2', '6.0.2' ],
367 silly audit   'client-only': [ '0.0.1' ],
367 silly audit   'color-convert': [ '2.0.1' ],
367 silly audit   'color-name': [ '1.1.4' ],
367 silly audit   commander: [ '4.1.1' ],
367 silly audit   'concat-map': [ '0.0.1' ],
367 silly audit   'cross-spawn': [ '7.0.6' ],
367 silly audit   cssesc: [ '3.0.0' ],
367 silly audit   csstype: [ '3.2.3' ],
367 silly audit   'damerau-levenshtein': [ '1.0.8' ],
367 silly audit   'data-view-buffer': [ '1.0.2' ],
367 silly audit   'data-view-byte-length': [ '1.0.2' ],
367 silly audit   'data-view-byte-offset': [ '1.0.1' ],
367 silly audit   debug: [ '4.4.3', '3.2.7' ],
367 silly audit   'deep-is': [ '0.1.4' ],
367 silly audit   'define-data-property': [ '1.1.4' ],
367 silly audit   'define-properties': [ '1.2.1' ],
367 silly audit   didyoumean: [ '1.2.2' ],
367 silly audit   dlv: [ '1.1.3' ],
367 silly audit   doctrine: [ '3.0.0', '2.1.0' ],
367 silly audit   'dunder-proto': [ '1.0.1' ],
367 silly audit   eastasianwidth: [ '0.2.0' ],
367 silly audit   'emoji-regex': [ '9.2.2', '8.0.0' ],
367 silly audit   'es-abstract': [ '1.24.2' ],
367 silly audit   'es-define-property': [ '1.0.1' ],
367 silly audit   'es-errors': [ '1.3.0' ],
367 silly audit   'es-iterator-helpers': [ '1.3.2' ],
367 silly audit   'es-object-atoms': [ '1.1.1' ],
367 silly audit   'es-set-tostringtag': [ '2.1.0' ],
367 silly audit   'es-shim-unscopables': [ '1.1.0' ],
367 silly audit   'es-to-primitive': [ '1.3.0' ],
367 silly audit   'escape-string-regexp': [ '4.0.0' ],
367 silly audit   eslint: [ '8.57.1' ],
367 silly audit   'eslint-config-next': [ '14.2.35' ],
367 silly audit   'eslint-import-resolver-node': [ '0.3.10' ],
367 silly audit   'eslint-import-resolver-typescript': [ '3.10.1' ],
367 silly audit   'eslint-module-utils': [ '2.12.1' ],
367 silly audit   'eslint-plugin-import': [ '2.32.0' ],
367 silly audit   semver: [ '6.3.1', '7.7.4' ],
367 silly audit   'eslint-plugin-jsx-a11y': [ '6.10.2' ],
367 silly audit   'eslint-plugin-react': [ '7.37.5' ],
367 silly audit   'eslint-plugin-react-hooks': [ '5.0.0-canary-7118f5dd7-20230705' ],
367 silly audit   'eslint-scope': [ '7.2.2' ],
367 silly audit   espree: [ '9.6.1' ],
367 silly audit   esquery: [ '1.7.0' ],
367 silly audit   esrecurse: [ '4.3.0' ],
367 silly audit   estraverse: [ '5.3.0' ],
367 silly audit   esutils: [ '2.0.3' ],
367 silly audit   'fast-deep-equal': [ '3.1.3' ],
367 silly audit   'fast-glob': [ '3.3.3' ],
367 silly audit   'fast-json-stable-stringify': [ '2.1.0' ],
367 silly audit   'fast-levenshtein': [ '2.0.6' ],
367 silly audit   fastq: [ '1.20.1' ],
367 silly audit   'file-entry-cache': [ '6.0.1' ],
367 silly audit   'fill-range': [ '7.1.1' ],
367 silly audit   'find-up': [ '5.0.0' ],
367 silly audit   'flat-cache': [ '3.2.0' ],
367 silly audit   flatted: [ '3.4.2' ],
367 silly audit   'for-each': [ '0.3.5' ],
367 silly audit   'foreground-child': [ '3.3.1' ],
367 silly audit   'fs.realpath': [ '1.0.0' ],
367 silly audit   fsevents: [ '2.3.3' ],
367 silly audit   'function-bind': [ '1.1.2' ],
367 silly audit   'function.prototype.name': [ '1.1.8' ],
367 silly audit   'functions-have-names': [ '1.2.3' ],
367 silly audit   'generator-function': [ '2.0.1' ],
367 silly audit   'get-intrinsic': [ '1.3.0' ],
367 silly audit   'get-proto': [ '1.0.1' ],
367 silly audit   'get-symbol-description': [ '1.1.0' ],
367 silly audit   'get-tsconfig': [ '4.14.0' ],
367 silly audit   glob: [ '10.3.10', '7.2.3' ],
367 silly audit   globals: [ '13.24.0' ],
367 silly audit   globalthis: [ '1.0.4' ],
367 silly audit   gopd: [ '1.2.0' ],
367 silly audit   'graceful-fs': [ '4.2.11' ],
367 silly audit   graphemer: [ '1.4.0' ],
367 silly audit   'has-bigints': [ '1.1.0' ],
367 silly audit   'has-flag': [ '4.0.0' ],
367 silly audit   'has-property-descriptors': [ '1.0.2' ],
367 silly audit   'has-proto': [ '1.2.0' ],
367 silly audit   'has-symbols': [ '1.1.0' ],
367 silly audit   'has-tostringtag': [ '1.0.2' ],
367 silly audit   hasown: [ '2.0.2' ],
367 silly audit   'import-fresh': [ '3.3.1' ],
367 silly audit   imurmurhash: [ '0.1.4' ],
367 silly audit   inflight: [ '1.0.6' ],
367 silly audit   inherits: [ '2.0.4' ],
367 silly audit   'internal-slot': [ '1.1.0' ],
367 silly audit   'is-array-buffer': [ '3.0.5' ],
367 silly audit   'is-async-function': [ '2.1.1' ],
367 silly audit   'is-bigint': [ '1.1.0' ],
367 silly audit   'is-binary-path': [ '2.1.0' ],
367 silly audit   'is-boolean-object': [ '1.2.2' ],
367 silly audit   'is-bun-module': [ '2.0.0' ],
367 silly audit   'is-callable': [ '1.2.7' ],
367 silly audit   'is-core-module': [ '2.16.1' ],
367 silly audit   'is-data-view': [ '1.0.2' ],
367 silly audit   'is-date-object': [ '1.1.0' ],
367 silly audit   'is-extglob': [ '2.1.1' ],
367 silly audit   'is-finalizationregistry': [ '1.1.1' ],
367 silly audit   'is-fullwidth-code-point': [ '3.0.0' ],
367 silly audit   'is-generator-function': [ '1.1.2' ],
367 silly audit   'is-glob': [ '4.0.3' ],
367 silly audit   'is-map': [ '2.0.3' ],
367 silly audit   'is-negative-zero': [ '2.0.3' ],
367 silly audit   'is-number': [ '7.0.0' ],
367 silly audit   'is-number-object': [ '1.1.1' ],
367 silly audit   'is-path-inside': [ '3.0.3' ],
367 silly audit   'is-regex': [ '1.2.1' ],
367 silly audit   'is-set': [ '2.0.3' ],
367 silly audit   'is-shared-array-buffer': [ '1.0.4' ],
367 silly audit   'is-string': [ '1.1.1' ],
367 silly audit   'is-symbol': [ '1.1.1' ],
367 silly audit   'is-typed-array': [ '1.1.15' ],
367 silly audit   'is-weakmap': [ '2.0.2' ],
367 silly audit   'is-weakref': [ '1.1.1' ],
367 silly audit   'is-weakset': [ '2.0.4' ],
367 silly audit   isarray: [ '2.0.5' ],
367 silly audit   isexe: [ '2.0.0' ],
367 silly audit   'iterator.prototype': [ '1.1.5' ],
367 silly audit   jackspeak: [ '2.3.6' ],
367 silly audit   jiti: [ '1.21.7' ],
367 silly audit   'js-tokens': [ '4.0.0' ],
367 silly audit   'js-yaml': [ '4.1.1' ],
367 silly audit   'json-buffer': [ '3.0.1' ],
367 silly audit   'json-schema-traverse': [ '0.4.1' ],
367 silly audit   'json-stable-stringify-without-jsonify': [ '1.0.1' ],
367 silly audit   json5: [ '1.0.2' ],
367 silly audit   'jsx-ast-utils': [ '3.3.5' ],
367 silly audit   keyv: [ '4.5.4' ],
367 silly audit   'language-subtag-registry': [ '0.3.23' ],
367 silly audit   'language-tags': [ '1.0.9' ],
367 silly audit   levn: [ '0.4.1' ],
367 silly audit   lilconfig: [ '3.1.3' ],
367 silly audit   'lines-and-columns': [ '1.2.4' ],
367 silly audit   'locate-path': [ '6.0.0' ],
367 silly audit   'lodash.merge': [ '4.6.2' ],
367 silly audit   'loose-envify': [ '1.4.0' ],
367 silly audit   'lru-cache': [ '10.4.3' ],
367 silly audit   'math-intrinsics': [ '1.1.0' ],
367 silly audit   merge2: [ '1.4.1' ],
367 silly audit   micromatch: [ '4.0.8' ],
367 silly audit   minimist: [ '1.2.8' ],
367 silly audit   minipass: [ '7.1.3' ],
367 silly audit   ms: [ '2.1.3' ],
367 silly audit   mz: [ '2.7.0' ],
367 silly audit   nanoid: [ '3.3.11' ],
367 silly audit   'napi-postinstall': [ '0.3.4' ],
367 silly audit   'natural-compare': [ '1.4.0' ],
367 silly audit   next: [ '14.2.35' ],
367 silly audit   postcss: [ '8.4.31', '8.5.10' ],
367 silly audit   'node-exports-info': [ '1.6.0' ],
367 silly audit   'normalize-path': [ '3.0.0' ],
367 silly audit   'object-assign': [ '4.1.1' ],
367 silly audit   'object-hash': [ '3.0.0' ],
367 silly audit   'object-inspect': [ '1.13.4' ],
367 silly audit   'object-keys': [ '1.1.1' ],
367 silly audit   'object.assign': [ '4.1.7' ],
367 silly audit   'object.entries': [ '1.1.9' ],
367 silly audit   'object.fromentries': [ '2.0.8' ],
367 silly audit   'object.groupby': [ '1.0.3' ],
367 silly audit   'object.values': [ '1.2.1' ],
367 silly audit   once: [ '1.4.0' ],
367 silly audit   optionator: [ '0.9.4' ],
367 silly audit   'own-keys': [ '1.0.1' ],
367 silly audit   'p-limit': [ '3.1.0' ],
367 silly audit   'p-locate': [ '5.0.0' ],
367 silly audit   'parent-module': [ '1.0.1' ],
367 silly audit   'path-exists': [ '4.0.0' ],
367 silly audit   'path-is-absolute': [ '1.0.1' ],
367 silly audit   'path-key': [ '3.1.1' ],
367 silly audit   'path-parse': [ '1.0.7' ],
367 silly audit   'path-scurry': [ '1.11.1' ],
367 silly audit   picocolors: [ '1.1.1' ],
367 silly audit   picomatch: [ '2.3.2', '4.0.4' ],
367 silly audit   pify: [ '2.3.0' ],
367 silly audit   pirates: [ '4.0.7' ],
367 silly audit   'possible-typed-array-names': [ '1.1.0' ],
367 silly audit   'postcss-import': [ '15.1.0' ],
367 silly audit   resolve: [ '1.22.12', '2.0.0-next.6' ],
367 silly audit   'postcss-js': [ '4.1.0' ],
367 silly audit   'postcss-load-config': [ '6.0.1' ],
367 silly audit   'postcss-nested': [ '6.2.0' ],
367 silly audit   'postcss-selector-parser': [ '6.1.2' ],
367 silly audit   'postcss-value-parser': [ '4.2.0' ],
367 silly audit   'prelude-ls': [ '1.2.1' ],
367 silly audit   'prop-types': [ '15.8.1' ],
367 silly audit   punycode: [ '2.3.1' ],
367 silly audit   'queue-microtask': [ '1.2.3' ],
367 silly audit   react: [ '18.3.1' ],
367 silly audit   'react-dom': [ '18.3.1' ],
367 silly audit   'react-is': [ '16.13.1' ],
367 silly audit   'read-cache': [ '1.0.0' ],
367 silly audit   readdirp: [ '3.6.0' ],
367 silly audit   'reflect.getprototypeof': [ '1.0.10' ],
367 silly audit   'regexp.prototype.flags': [ '1.5.4' ],
367 silly audit   'resolve-from': [ '4.0.0' ],
367 silly audit   'resolve-pkg-maps': [ '1.0.0' ],
367 silly audit   reusify: [ '1.1.0' ],
367 silly audit   rimraf: [ '3.0.2' ],
367 silly audit   'run-parallel': [ '1.2.0' ],
367 silly audit   'safe-array-concat': [ '1.1.3' ],
367 silly audit   'safe-push-apply': [ '1.0.0' ],
367 silly audit   'safe-regex-test': [ '1.1.0' ],
367 silly audit   scheduler: [ '0.23.2' ],
367 silly audit   'set-function-length': [ '1.2.2' ],
367 silly audit   'set-function-name': [ '2.0.2' ],
367 silly audit   'set-proto': [ '1.0.0' ],
367 silly audit   'shebang-command': [ '2.0.0' ],
367 silly audit   'shebang-regex': [ '3.0.0' ],
367 silly audit   'side-channel': [ '1.1.0' ],
367 silly audit   'side-channel-list': [ '1.0.1' ],
367 silly audit   'side-channel-map': [ '1.0.1' ],
367 silly audit   'side-channel-weakmap': [ '1.0.2' ],
367 silly audit   'signal-exit': [ '4.1.0' ],
367 silly audit   'source-map-js': [ '1.2.1' ],
367 silly audit   'stable-hash': [ '0.0.5' ],
367 silly audit   'stop-iteration-iterator': [ '1.1.0' ],
367 silly audit   streamsearch: [ '1.1.0' ],
367 silly audit   'string-width': [ '5.1.2', '4.2.3' ],
367 silly audit   'string.prototype.includes': [ '2.0.1' ],
367 silly audit   'string.prototype.matchall': [ '4.0.12' ],
367 silly audit   'string.prototype.repeat': [ '1.0.0' ],
367 silly audit   'string.prototype.trim': [ '1.2.10' ],
367 silly audit   'string.prototype.trimend': [ '1.0.9' ],
367 silly audit   'string.prototype.trimstart': [ '1.0.8' ],
367 silly audit   'strip-bom': [ '3.0.0' ],
367 silly audit   'strip-json-comments': [ '3.1.1' ],
367 silly audit   'styled-jsx': [ '5.1.1' ],
367 silly audit   sucrase: [ '3.35.1' ],
367 silly audit   'supports-color': [ '7.2.0' ],
367 silly audit   'supports-preserve-symlinks-flag': [ '1.0.0' ],
367 silly audit   tailwindcss: [ '3.4.19' ],
367 silly audit   'text-table': [ '0.2.0' ],
367 silly audit   thenify: [ '3.3.1' ],
367 silly audit   'thenify-all': [ '1.6.0' ],
367 silly audit   tinyglobby: [ '0.2.16' ],
367 silly audit   fdir: [ '6.5.0' ],
367 silly audit   'to-regex-range': [ '5.0.1' ],
367 silly audit   'ts-api-utils': [ '2.5.0' ],
367 silly audit   'ts-interface-checker': [ '0.1.13' ],
367 silly audit   'tsconfig-paths': [ '3.15.0' ],
367 silly audit   tslib: [ '2.8.1' ],
367 silly audit   'type-check': [ '0.4.0' ],
367 silly audit   'type-fest': [ '0.20.2' ],
367 silly audit   'typed-array-buffer': [ '1.0.3' ],
367 silly audit   'typed-array-byte-length': [ '1.0.3' ],
367 silly audit   'typed-array-byte-offset': [ '1.0.4' ],
367 silly audit   'typed-array-length': [ '1.0.7' ],
367 silly audit   typescript: [ '5.9.3' ],
367 silly audit   'unbox-primitive': [ '1.1.0' ],
367 silly audit   'undici-types': [ '6.21.0' ],
367 silly audit   'unrs-resolver': [ '1.11.1' ],
367 silly audit   'uri-js': [ '4.4.1' ],
367 silly audit   'util-deprecate': [ '1.0.2' ],
367 silly audit   which: [ '2.0.2' ],
367 silly audit   'which-boxed-primitive': [ '1.1.1' ],
367 silly audit   'which-builtin-type': [ '1.2.1' ],
367 silly audit   'which-collection': [ '1.0.2' ],
367 silly audit   'which-typed-array': [ '1.1.20' ],
367 silly audit   'word-wrap': [ '1.2.5' ],
367 silly audit   'wrap-ansi': [ '8.1.0', '7.0.0' ],
367 silly audit   wrappy: [ '1.0.2' ],
367 silly audit   'yocto-queue': [ '0.1.0' ],
367 silly audit   '@hookform/resolvers': [ '5.2.2' ],
367 silly audit   '@supabase/ssr': [ '0.10.2' ],
367 silly audit   '@supabase/supabase-js': [ '2.103.3' ],
367 silly audit   'date-fns': [ '4.1.0' ],
367 silly audit   papaparse: [ '5.5.3' ],
367 silly audit   'react-hook-form': [ '7.72.1' ],
367 silly audit   recharts: [ '3.8.1' ],
367 silly audit   zod: [ '4.3.6' ],
367 silly audit   '@standard-schema/utils': [ '0.3.0' ],
367 silly audit   cookie: [ '1.1.1' ],
367 silly audit   '@supabase/auth-js': [ '2.103.3' ],
367 silly audit   '@supabase/functions-js': [ '2.103.3' ],
367 silly audit   '@supabase/postgrest-js': [ '2.103.3' ],
367 silly audit   '@supabase/realtime-js': [ '2.103.3' ],
367 silly audit   '@supabase/storage-js': [ '2.103.3' ],
367 silly audit   '@supabase/phoenix': [ '0.4.0' ],
367 silly audit   '@types/ws': [ '8.18.1' ],
367 silly audit   ws: [ '8.20.0' ],
367 silly audit   'iceberg-js': [ '0.8.1' ],
367 silly audit   '@reduxjs/toolkit': [ '2.11.2' ],
367 silly audit   clsx: [ '2.1.1' ],
367 silly audit   'decimal.js-light': [ '2.5.1' ],
367 silly audit   'es-toolkit': [ '1.45.1' ],
367 silly audit   eventemitter3: [ '5.0.4' ],
367 silly audit   immer: [ '10.2.0', '11.1.4' ],
367 silly audit   'react-redux': [ '9.2.0' ],
367 silly audit   reselect: [ '5.1.1' ],
367 silly audit   'tiny-invariant': [ '1.3.3' ],
367 silly audit   'use-sync-external-store': [ '1.6.0' ],
367 silly audit   'victory-vendor': [ '37.3.6' ],
367 silly audit   '@standard-schema/spec': [ '1.1.0' ],
367 silly audit   redux: [ '5.0.1' ],
367 silly audit   'redux-thunk': [ '3.1.0' ],
367 silly audit   '@types/use-sync-external-store': [ '0.0.6' ],
367 silly audit   '@types/d3-array': [ '3.2.2' ],
367 silly audit   '@types/d3-ease': [ '3.0.2' ],
367 silly audit   '@types/d3-interpolate': [ '3.0.4' ],
367 silly audit   '@types/d3-scale': [ '4.0.9' ],
367 silly audit   '@types/d3-shape': [ '3.1.8' ],
367 silly audit   '@types/d3-time': [ '3.0.4' ],
367 silly audit   '@types/d3-timer': [ '3.0.2' ],
367 silly audit   'd3-array': [ '3.2.4' ],
367 silly audit   'd3-ease': [ '3.0.1' ],
367 silly audit   'd3-interpolate': [ '3.0.1' ],
367 silly audit   'd3-scale': [ '4.0.2' ],
367 silly audit   'd3-shape': [ '3.2.0' ],
367 silly audit   'd3-time': [ '3.1.0' ],
367 silly audit   'd3-timer': [ '3.0.1' ],
367 silly audit   '@types/d3-color': [ '3.1.3' ],
367 silly audit   '@types/d3-path': [ '3.1.1' ],
367 silly audit   internmap: [ '2.0.3' ],
367 silly audit   'd3-color': [ '3.1.0' ],
367 silly audit   'd3-format': [ '3.1.2' ],
367 silly audit   'd3-time-format': [ '4.1.0' ],
367 silly audit   'd3-path': [ '3.1.0' ]
367 silly audit }
368 verbose reify failed optional dependency /Users/aravindaart/Documents/Reference/exp-tracker/node_modules/@unrs/resolver-binding-win32-x64-msvc
369 silly reify mark deleted [
369 silly reify   '/Users/aravindaart/Documents/Reference/exp-tracker/node_modules/@unrs/resolver-binding-win32-x64-msvc'
369 silly reify ]
370 verbose reify failed optional dependency /Users/aravindaart/Documents/Reference/exp-tracker/node_modules/@unrs/resolver-binding-win32-ia32-msvc
371 silly reify mark deleted [
371 silly reify   '/Users/aravindaart/Documents/Reference/exp-tracker/node_modules/@unrs/resolver-binding-win32-ia32-msvc'
371 silly reify ]
372 verbose reify failed optional dependency /Users/aravindaart/Documents/Reference/exp-tracker/node_modules/@unrs/resolver-binding-win32-arm64-msvc
373 silly reify mark deleted [
373 silly reify   '/Users/aravindaart/Documents/Reference/exp-tracker/node_modules/@unrs/resolver-binding-win32-arm64-msvc'
373 silly reify ]
374 verbose reify failed optional dependency /Users/aravindaart/Documents/Reference/exp-tracker/node_modules/@unrs/resolver-binding-wasm32-wasi
375 silly reify mark deleted [
375 silly reify   '/Users/aravindaart/Documents/Reference/exp-tracker/node_modules/@unrs/resolver-binding-wasm32-wasi'
375 silly reify ]
376 verbose reify failed optional dependency /Users/aravindaart/Documents/Reference/exp-tracker/node_modules/@napi-rs/wasm-runtime
377 silly reify mark deleted [
377 silly reify   '/Users/aravindaart/Documents/Reference/exp-tracker/node_modules/@napi-rs/wasm-runtime'
377 silly reify ]
378 verbose reify failed optional dependency /Users/aravindaart/Documents/Reference/exp-tracker/node_modules/@emnapi/core
379 silly reify mark deleted [
379 silly reify   '/Users/aravindaart/Documents/Reference/exp-tracker/node_modules/@emnapi/core'
379 silly reify ]
380 verbose reify failed optional dependency /Users/aravindaart/Documents/Reference/exp-tracker/node_modules/@emnapi/runtime
381 silly reify mark deleted [
381 silly reify   '/Users/aravindaart/Documents/Reference/exp-tracker/node_modules/@emnapi/runtime'
381 silly reify ]
382 verbose reify failed optional dependency /Users/aravindaart/Documents/Reference/exp-tracker/node_modules/@tybys/wasm-util
383 silly reify mark deleted [
383 silly reify   '/Users/aravindaart/Documents/Reference/exp-tracker/node_modules/@tybys/wasm-util'
383 silly reify ]
384 verbose reify failed optional dependency /Users/aravindaart/Documents/Reference/exp-tracker/node_modules/@emnapi/wasi-threads
385 silly reify mark deleted [
385 silly reify   '/Users/aravindaart/Documents/Reference/exp-tracker/node_modules/@emnapi/wasi-threads'
385 silly reify ]
386 verbose reify failed optional dependency /Users/aravindaart/Documents/Reference/exp-tracker/node_modules/@unrs/resolver-binding-linux-x64-musl
387 silly reify mark deleted [
387 silly reify   '/Users/aravindaart/Documents/Reference/exp-tracker/node_modules/@unrs/resolver-binding-linux-x64-musl'
387 silly reify ]
388 verbose reify failed optional dependency /Users/aravindaart/Documents/Reference/exp-tracker/node_modules/@unrs/resolver-binding-linux-x64-gnu
389 silly reify mark deleted [
389 silly reify   '/Users/aravindaart/Documents/Reference/exp-tracker/node_modules/@unrs/resolver-binding-linux-x64-gnu'
389 silly reify ]
390 verbose reify failed optional dependency /Users/aravindaart/Documents/Reference/exp-tracker/node_modules/@unrs/resolver-binding-linux-s390x-gnu
391 silly reify mark deleted [
391 silly reify   '/Users/aravindaart/Documents/Reference/exp-tracker/node_modules/@unrs/resolver-binding-linux-s390x-gnu'
391 silly reify ]
392 verbose reify failed optional dependency /Users/aravindaart/Documents/Reference/exp-tracker/node_modules/@unrs/resolver-binding-linux-riscv64-musl
393 silly reify mark deleted [
393 silly reify   '/Users/aravindaart/Documents/Reference/exp-tracker/node_modules/@unrs/resolver-binding-linux-riscv64-musl'
393 silly reify ]
394 verbose reify failed optional dependency /Users/aravindaart/Documents/Reference/exp-tracker/node_modules/@unrs/resolver-binding-linux-riscv64-gnu
395 silly reify mark deleted [
395 silly reify   '/Users/aravindaart/Documents/Reference/exp-tracker/node_modules/@unrs/resolver-binding-linux-riscv64-gnu'
395 silly reify ]
396 verbose reify failed optional dependency /Users/aravindaart/Documents/Reference/exp-tracker/node_modules/@unrs/resolver-binding-linux-ppc64-gnu
397 silly reify mark deleted [
397 silly reify   '/Users/aravindaart/Documents/Reference/exp-tracker/node_modules/@unrs/resolver-binding-linux-ppc64-gnu'
397 silly reify ]
398 verbose reify failed optional dependency /Users/aravindaart/Documents/Reference/exp-tracker/node_modules/@unrs/resolver-binding-linux-arm64-musl
399 silly reify mark deleted [
399 silly reify   '/Users/aravindaart/Documents/Reference/exp-tracker/node_modules/@unrs/resolver-binding-linux-arm64-musl'
399 silly reify ]
400 verbose reify failed optional dependency /Users/aravindaart/Documents/Reference/exp-tracker/node_modules/@unrs/resolver-binding-linux-arm64-gnu
401 silly reify mark deleted [
401 silly reify   '/Users/aravindaart/Documents/Reference/exp-tracker/node_modules/@unrs/resolver-binding-linux-arm64-gnu'
401 silly reify ]
402 verbose reify failed optional dependency /Users/aravindaart/Documents/Reference/exp-tracker/node_modules/@unrs/resolver-binding-linux-arm-musleabihf
403 silly reify mark deleted [
403 silly reify   '/Users/aravindaart/Documents/Reference/exp-tracker/node_modules/@unrs/resolver-binding-linux-arm-musleabihf'
403 silly reify ]
404 verbose reify failed optional dependency /Users/aravindaart/Documents/Reference/exp-tracker/node_modules/@unrs/resolver-binding-linux-arm-gnueabihf
405 silly reify mark deleted [
405 silly reify   '/Users/aravindaart/Documents/Reference/exp-tracker/node_modules/@unrs/resolver-binding-linux-arm-gnueabihf'
405 silly reify ]
406 verbose reify failed optional dependency /Users/aravindaart/Documents/Reference/exp-tracker/node_modules/@unrs/resolver-binding-freebsd-x64
407 silly reify mark deleted [
407 silly reify   '/Users/aravindaart/Documents/Reference/exp-tracker/node_modules/@unrs/resolver-binding-freebsd-x64'
407 silly reify ]
408 verbose reify failed optional dependency /Users/aravindaart/Documents/Reference/exp-tracker/node_modules/@unrs/resolver-binding-darwin-arm64
409 silly reify mark deleted [
409 silly reify   '/Users/aravindaart/Documents/Reference/exp-tracker/node_modules/@unrs/resolver-binding-darwin-arm64'
409 silly reify ]
410 verbose reify failed optional dependency /Users/aravindaart/Documents/Reference/exp-tracker/node_modules/@unrs/resolver-binding-android-arm64
411 silly reify mark deleted [
411 silly reify   '/Users/aravindaart/Documents/Reference/exp-tracker/node_modules/@unrs/resolver-binding-android-arm64'
411 silly reify ]
412 verbose reify failed optional dependency /Users/aravindaart/Documents/Reference/exp-tracker/node_modules/@unrs/resolver-binding-android-arm-eabi
413 silly reify mark deleted [
413 silly reify   '/Users/aravindaart/Documents/Reference/exp-tracker/node_modules/@unrs/resolver-binding-android-arm-eabi'
413 silly reify ]
414 verbose reify failed optional dependency /Users/aravindaart/Documents/Reference/exp-tracker/node_modules/@next/swc-win32-x64-msvc
415 silly reify mark deleted [
415 silly reify   '/Users/aravindaart/Documents/Reference/exp-tracker/node_modules/@next/swc-win32-x64-msvc'
415 silly reify ]
416 verbose reify failed optional dependency /Users/aravindaart/Documents/Reference/exp-tracker/node_modules/@next/swc-win32-ia32-msvc
417 silly reify mark deleted [
417 silly reify   '/Users/aravindaart/Documents/Reference/exp-tracker/node_modules/@next/swc-win32-ia32-msvc'
417 silly reify ]
418 verbose reify failed optional dependency /Users/aravindaart/Documents/Reference/exp-tracker/node_modules/@next/swc-win32-arm64-msvc
419 silly reify mark deleted [
419 silly reify   '/Users/aravindaart/Documents/Reference/exp-tracker/node_modules/@next/swc-win32-arm64-msvc'
419 silly reify ]
420 verbose reify failed optional dependency /Users/aravindaart/Documents/Reference/exp-tracker/node_modules/@next/swc-linux-x64-musl
421 silly reify mark deleted [
421 silly reify   '/Users/aravindaart/Documents/Reference/exp-tracker/node_modules/@next/swc-linux-x64-musl'
421 silly reify ]
422 verbose reify failed optional dependency /Users/aravindaart/Documents/Reference/exp-tracker/node_modules/@next/swc-linux-x64-gnu
423 silly reify mark deleted [
423 silly reify   '/Users/aravindaart/Documents/Reference/exp-tracker/node_modules/@next/swc-linux-x64-gnu'
423 silly reify ]
424 verbose reify failed optional dependency /Users/aravindaart/Documents/Reference/exp-tracker/node_modules/@next/swc-linux-arm64-musl
425 silly reify mark deleted [
425 silly reify   '/Users/aravindaart/Documents/Reference/exp-tracker/node_modules/@next/swc-linux-arm64-musl'
425 silly reify ]
426 verbose reify failed optional dependency /Users/aravindaart/Documents/Reference/exp-tracker/node_modules/@next/swc-linux-arm64-gnu
427 silly reify mark deleted [
427 silly reify   '/Users/aravindaart/Documents/Reference/exp-tracker/node_modules/@next/swc-linux-arm64-gnu'
427 silly reify ]
428 verbose reify failed optional dependency /Users/aravindaart/Documents/Reference/exp-tracker/node_modules/@next/swc-darwin-arm64
429 silly reify mark deleted [
429 silly reify   '/Users/aravindaart/Documents/Reference/exp-tracker/node_modules/@next/swc-darwin-arm64'
429 silly reify ]
430 http cache d3-time-format@https://registry.npmjs.org/d3-time-format/-/d3-time-format-4.1.0.tgz 0ms (cache hit)
431 http cache d3-path@https://registry.npmjs.org/d3-path/-/d3-path-3.1.0.tgz 0ms (cache hit)
432 http cache d3-format@https://registry.npmjs.org/d3-format/-/d3-format-3.1.2.tgz 0ms (cache hit)
433 http cache internmap@https://registry.npmjs.org/internmap/-/internmap-2.0.3.tgz 0ms (cache hit)
434 http cache d3-color@https://registry.npmjs.org/d3-color/-/d3-color-3.1.0.tgz 0ms (cache hit)
435 http cache @types/d3-path@https://registry.npmjs.org/@types/d3-path/-/d3-path-3.1.1.tgz 0ms (cache hit)
436 http cache d3-timer@https://registry.npmjs.org/d3-timer/-/d3-timer-3.0.1.tgz 0ms (cache hit)
437 http cache @types/d3-color@https://registry.npmjs.org/@types/d3-color/-/d3-color-3.1.3.tgz 0ms (cache hit)
438 http cache d3-time@https://registry.npmjs.org/d3-time/-/d3-time-3.1.0.tgz 0ms (cache hit)
439 http cache d3-scale@https://registry.npmjs.org/d3-scale/-/d3-scale-4.0.2.tgz 0ms (cache hit)
440 http cache d3-array@https://registry.npmjs.org/d3-array/-/d3-array-3.2.4.tgz 0ms (cache hit)
441 http cache @types/d3-timer@https://registry.npmjs.org/@types/d3-timer/-/d3-timer-3.0.2.tgz 0ms (cache hit)
442 http cache d3-interpolate@https://registry.npmjs.org/d3-interpolate/-/d3-interpolate-3.0.1.tgz 0ms (cache hit)
443 http cache d3-ease@https://registry.npmjs.org/d3-ease/-/d3-ease-3.0.1.tgz 0ms (cache hit)
444 http cache @types/d3-interpolate@https://registry.npmjs.org/@types/d3-interpolate/-/d3-interpolate-3.0.4.tgz 0ms (cache hit)
445 http cache @types/d3-time@https://registry.npmjs.org/@types/d3-time/-/d3-time-3.0.4.tgz 0ms (cache hit)
446 http cache @types/d3-scale@https://registry.npmjs.org/@types/d3-scale/-/d3-scale-4.0.9.tgz 0ms (cache hit)
447 http cache @types/d3-ease@https://registry.npmjs.org/@types/d3-ease/-/d3-ease-3.0.2.tgz 0ms (cache hit)
448 http cache @types/d3-shape@https://registry.npmjs.org/@types/d3-shape/-/d3-shape-3.1.8.tgz 0ms (cache hit)
449 http cache @types/d3-array@https://registry.npmjs.org/@types/d3-array/-/d3-array-3.2.2.tgz 0ms (cache hit)
450 http cache @types/use-sync-external-store@https://registry.npmjs.org/@types/use-sync-external-store/-/use-sync-external-store-0.0.6.tgz 0ms (cache hit)
451 http cache redux@https://registry.npmjs.org/redux/-/redux-5.0.1.tgz 0ms (cache hit)
452 http cache redux-thunk@https://registry.npmjs.org/redux-thunk/-/redux-thunk-3.1.0.tgz 0ms (cache hit)
453 http cache @standard-schema/spec@https://registry.npmjs.org/@standard-schema/spec/-/spec-1.1.0.tgz 0ms (cache hit)
454 http cache victory-vendor@https://registry.npmjs.org/victory-vendor/-/victory-vendor-37.3.6.tgz 0ms (cache hit)
455 http cache use-sync-external-store@https://registry.npmjs.org/use-sync-external-store/-/use-sync-external-store-1.6.0.tgz 0ms (cache hit)
456 http cache d3-shape@https://registry.npmjs.org/d3-shape/-/d3-shape-3.2.0.tgz 0ms (cache hit)
457 http cache tiny-invariant@https://registry.npmjs.org/tiny-invariant/-/tiny-invariant-1.3.3.tgz 1ms (cache hit)
458 http cache immer@https://registry.npmjs.org/immer/-/immer-10.2.0.tgz 0ms (cache hit)
459 http cache reselect@https://registry.npmjs.org/reselect/-/reselect-5.1.1.tgz 0ms (cache hit)
460 http cache react-redux@https://registry.npmjs.org/react-redux/-/react-redux-9.2.0.tgz 0ms (cache hit)
461 http cache eventemitter3@https://registry.npmjs.org/eventemitter3/-/eventemitter3-5.0.4.tgz 0ms (cache hit)
462 http cache decimal.js-light@https://registry.npmjs.org/decimal.js-light/-/decimal.js-light-2.5.1.tgz 1ms (cache hit)
463 http cache es-toolkit@https://registry.npmjs.org/es-toolkit/-/es-toolkit-1.45.1.tgz 0ms (cache hit)
464 http cache clsx@https://registry.npmjs.org/clsx/-/clsx-2.1.1.tgz 0ms (cache hit)
465 http cache @reduxjs/toolkit@https://registry.npmjs.org/@reduxjs/toolkit/-/toolkit-2.11.2.tgz 0ms (cache hit)
466 http cache iceberg-js@https://registry.npmjs.org/iceberg-js/-/iceberg-js-0.8.1.tgz 0ms (cache hit)
467 http cache ws@https://registry.npmjs.org/ws/-/ws-8.20.0.tgz 0ms (cache hit)
468 http cache @types/ws@https://registry.npmjs.org/@types/ws/-/ws-8.18.1.tgz 0ms (cache hit)
469 http cache @supabase/phoenix@https://registry.npmjs.org/@supabase/phoenix/-/phoenix-0.4.0.tgz 0ms (cache hit)
470 http cache @supabase/realtime-js@https://registry.npmjs.org/@supabase/realtime-js/-/realtime-js-2.103.3.tgz 0ms (cache hit)
471 http cache @supabase/storage-js@https://registry.npmjs.org/@supabase/storage-js/-/storage-js-2.103.3.tgz 0ms (cache hit)
472 http cache @supabase/postgrest-js@https://registry.npmjs.org/@supabase/postgrest-js/-/postgrest-js-2.103.3.tgz 0ms (cache hit)
473 http cache @supabase/auth-js@https://registry.npmjs.org/@supabase/auth-js/-/auth-js-2.103.3.tgz 0ms (cache hit)
474 http cache @supabase/functions-js@https://registry.npmjs.org/@supabase/functions-js/-/functions-js-2.103.3.tgz 0ms (cache hit)
475 http cache @standard-schema/utils@https://registry.npmjs.org/@standard-schema/utils/-/utils-0.3.0.tgz 0ms (cache hit)
476 http cache cookie@https://registry.npmjs.org/cookie/-/cookie-1.1.1.tgz 0ms (cache hit)
477 http cache zod@https://registry.npmjs.org/zod/-/zod-4.3.6.tgz 0ms (cache hit)
478 http cache recharts@https://registry.npmjs.org/recharts/-/recharts-3.8.1.tgz 0ms (cache hit)
479 http cache react-hook-form@https://registry.npmjs.org/react-hook-form/-/react-hook-form-7.72.1.tgz 0ms (cache hit)
480 http cache papaparse@https://registry.npmjs.org/papaparse/-/papaparse-5.5.3.tgz 0ms (cache hit)
481 http cache date-fns@https://registry.npmjs.org/date-fns/-/date-fns-4.1.0.tgz 0ms (cache hit)
482 http cache @supabase/supabase-js@https://registry.npmjs.org/@supabase/supabase-js/-/supabase-js-2.103.3.tgz 0ms (cache hit)
483 http cache @supabase/ssr@https://registry.npmjs.org/@supabase/ssr/-/ssr-0.10.2.tgz 0ms (cache hit)
484 http cache @hookform/resolvers@https://registry.npmjs.org/@hookform/resolvers/-/resolvers-5.2.2.tgz 0ms (cache hit)
485 http cache fsevents@https://registry.npmjs.org/fsevents/-/fsevents-2.3.3.tgz 0ms (cache hit)
486 http cache @tybys/wasm-util@https://registry.npmjs.org/@tybys/wasm-util/-/wasm-util-0.10.1.tgz 0ms (cache hit)
487 http cache @napi-rs/wasm-runtime@https://registry.npmjs.org/@napi-rs/wasm-runtime/-/wasm-runtime-0.2.12.tgz 0ms (cache hit)
488 http cache @emnapi/wasi-threads@https://registry.npmjs.org/@emnapi/wasi-threads/-/wasi-threads-1.2.1.tgz 0ms (cache hit)
489 http cache @emnapi/runtime@https://registry.npmjs.org/@emnapi/runtime/-/runtime-1.10.0.tgz 0ms (cache hit)
490 http cache @emnapi/core@https://registry.npmjs.org/@emnapi/core/-/core-1.10.0.tgz 0ms (cache hit)
491 http cache immer@https://registry.npmjs.org/immer/-/immer-11.1.4.tgz 0ms (cache hit)
492 silly tarball no local data for d3-time-format@https://registry.npmjs.org/d3-time-format/-/d3-time-format-4.1.0.tgz. Extracting by manifest.
493 silly tarball no local data for d3-path@https://registry.npmjs.org/d3-path/-/d3-path-3.1.0.tgz. Extracting by manifest.
494 silly tarball no local data for d3-format@https://registry.npmjs.org/d3-format/-/d3-format-3.1.2.tgz. Extracting by manifest.
495 silly tarball no local data for internmap@https://registry.npmjs.org/internmap/-/internmap-2.0.3.tgz. Extracting by manifest.
496 silly tarball no local data for d3-color@https://registry.npmjs.org/d3-color/-/d3-color-3.1.0.tgz. Extracting by manifest.
497 silly tarball no local data for @types/d3-path@https://registry.npmjs.org/@types/d3-path/-/d3-path-3.1.1.tgz. Extracting by manifest.
498 silly tarball no local data for d3-timer@https://registry.npmjs.org/d3-timer/-/d3-timer-3.0.1.tgz. Extracting by manifest.
499 silly tarball no local data for @types/d3-color@https://registry.npmjs.org/@types/d3-color/-/d3-color-3.1.3.tgz. Extracting by manifest.
500 silly tarball no local data for d3-time@https://registry.npmjs.org/d3-time/-/d3-time-3.1.0.tgz. Extracting by manifest.
501 silly tarball no local data for d3-scale@https://registry.npmjs.org/d3-scale/-/d3-scale-4.0.2.tgz. Extracting by manifest.
502 silly tarball no local data for d3-array@https://registry.npmjs.org/d3-array/-/d3-array-3.2.4.tgz. Extracting by manifest.
503 silly tarball no local data for @types/d3-timer@https://registry.npmjs.org/@types/d3-timer/-/d3-timer-3.0.2.tgz. Extracting by manifest.
504 silly tarball no local data for d3-ease@https://registry.npmjs.org/d3-ease/-/d3-ease-3.0.1.tgz. Extracting by manifest.
505 silly tarball no local data for d3-interpolate@https://registry.npmjs.org/d3-interpolate/-/d3-interpolate-3.0.1.tgz. Extracting by manifest.
506 silly tarball no local data for @types/d3-interpolate@https://registry.npmjs.org/@types/d3-interpolate/-/d3-interpolate-3.0.4.tgz. Extracting by manifest.
507 silly tarball no local data for @types/d3-time@https://registry.npmjs.org/@types/d3-time/-/d3-time-3.0.4.tgz. Extracting by manifest.
508 silly tarball no local data for @types/d3-scale@https://registry.npmjs.org/@types/d3-scale/-/d3-scale-4.0.9.tgz. Extracting by manifest.
509 silly tarball no local data for @types/d3-ease@https://registry.npmjs.org/@types/d3-ease/-/d3-ease-3.0.2.tgz. Extracting by manifest.
510 silly tarball no local data for @types/d3-shape@https://registry.npmjs.org/@types/d3-shape/-/d3-shape-3.1.8.tgz. Extracting by manifest.
511 silly tarball no local data for @types/d3-array@https://registry.npmjs.org/@types/d3-array/-/d3-array-3.2.2.tgz. Extracting by manifest.
512 silly tarball no local data for @types/use-sync-external-store@https://registry.npmjs.org/@types/use-sync-external-store/-/use-sync-external-store-0.0.6.tgz. Extracting by manifest.
513 silly tarball no local data for redux@https://registry.npmjs.org/redux/-/redux-5.0.1.tgz. Extracting by manifest.
514 silly tarball no local data for redux-thunk@https://registry.npmjs.org/redux-thunk/-/redux-thunk-3.1.0.tgz. Extracting by manifest.
515 silly tarball no local data for @standard-schema/spec@https://registry.npmjs.org/@standard-schema/spec/-/spec-1.1.0.tgz. Extracting by manifest.
516 silly tarball no local data for victory-vendor@https://registry.npmjs.org/victory-vendor/-/victory-vendor-37.3.6.tgz. Extracting by manifest.
517 silly tarball no local data for use-sync-external-store@https://registry.npmjs.org/use-sync-external-store/-/use-sync-external-store-1.6.0.tgz. Extracting by manifest.
518 silly tarball no local data for d3-shape@https://registry.npmjs.org/d3-shape/-/d3-shape-3.2.0.tgz. Extracting by manifest.
519 silly tarball no local data for tiny-invariant@https://registry.npmjs.org/tiny-invariant/-/tiny-invariant-1.3.3.tgz. Extracting by manifest.
520 silly tarball no local data for immer@https://registry.npmjs.org/immer/-/immer-10.2.0.tgz. Extracting by manifest.
521 silly tarball no local data for reselect@https://registry.npmjs.org/reselect/-/reselect-5.1.1.tgz. Extracting by manifest.
522 silly tarball no local data for react-redux@https://registry.npmjs.org/react-redux/-/react-redux-9.2.0.tgz. Extracting by manifest.
523 silly tarball no local data for eventemitter3@https://registry.npmjs.org/eventemitter3/-/eventemitter3-5.0.4.tgz. Extracting by manifest.
524 silly tarball no local data for decimal.js-light@https://registry.npmjs.org/decimal.js-light/-/decimal.js-light-2.5.1.tgz. Extracting by manifest.
525 silly tarball no local data for es-toolkit@https://registry.npmjs.org/es-toolkit/-/es-toolkit-1.45.1.tgz. Extracting by manifest.
526 silly tarball no local data for clsx@https://registry.npmjs.org/clsx/-/clsx-2.1.1.tgz. Extracting by manifest.
527 silly tarball no local data for @reduxjs/toolkit@https://registry.npmjs.org/@reduxjs/toolkit/-/toolkit-2.11.2.tgz. Extracting by manifest.
528 silly tarball no local data for iceberg-js@https://registry.npmjs.org/iceberg-js/-/iceberg-js-0.8.1.tgz. Extracting by manifest.
529 silly tarball no local data for ws@https://registry.npmjs.org/ws/-/ws-8.20.0.tgz. Extracting by manifest.
530 silly tarball no local data for @types/ws@https://registry.npmjs.org/@types/ws/-/ws-8.18.1.tgz. Extracting by manifest.
531 silly tarball no local data for @supabase/phoenix@https://registry.npmjs.org/@supabase/phoenix/-/phoenix-0.4.0.tgz. Extracting by manifest.
532 silly tarball no local data for @supabase/realtime-js@https://registry.npmjs.org/@supabase/realtime-js/-/realtime-js-2.103.3.tgz. Extracting by manifest.
533 silly tarball no local data for @supabase/storage-js@https://registry.npmjs.org/@supabase/storage-js/-/storage-js-2.103.3.tgz. Extracting by manifest.
534 silly tarball no local data for @supabase/postgrest-js@https://registry.npmjs.org/@supabase/postgrest-js/-/postgrest-js-2.103.3.tgz. Extracting by manifest.
535 silly tarball no local data for @supabase/auth-js@https://registry.npmjs.org/@supabase/auth-js/-/auth-js-2.103.3.tgz. Extracting by manifest.
536 silly tarball no local data for @supabase/functions-js@https://registry.npmjs.org/@supabase/functions-js/-/functions-js-2.103.3.tgz. Extracting by manifest.
537 silly tarball no local data for @standard-schema/utils@https://registry.npmjs.org/@standard-schema/utils/-/utils-0.3.0.tgz. Extracting by manifest.
538 silly tarball no local data for cookie@https://registry.npmjs.org/cookie/-/cookie-1.1.1.tgz. Extracting by manifest.
539 silly tarball no local data for zod@https://registry.npmjs.org/zod/-/zod-4.3.6.tgz. Extracting by manifest.
540 silly tarball no local data for recharts@https://registry.npmjs.org/recharts/-/recharts-3.8.1.tgz. Extracting by manifest.
541 silly tarball no local data for papaparse@https://registry.npmjs.org/papaparse/-/papaparse-5.5.3.tgz. Extracting by manifest.
542 silly tarball no local data for react-hook-form@https://registry.npmjs.org/react-hook-form/-/react-hook-form-7.72.1.tgz. Extracting by manifest.
543 silly tarball no local data for date-fns@https://registry.npmjs.org/date-fns/-/date-fns-4.1.0.tgz. Extracting by manifest.
544 silly tarball no local data for @supabase/supabase-js@https://registry.npmjs.org/@supabase/supabase-js/-/supabase-js-2.103.3.tgz. Extracting by manifest.
545 silly tarball no local data for @supabase/ssr@https://registry.npmjs.org/@supabase/ssr/-/ssr-0.10.2.tgz. Extracting by manifest.
546 silly tarball no local data for @hookform/resolvers@https://registry.npmjs.org/@hookform/resolvers/-/resolvers-5.2.2.tgz. Extracting by manifest.
547 silly tarball no local data for fsevents@https://registry.npmjs.org/fsevents/-/fsevents-2.3.3.tgz. Extracting by manifest.
548 silly tarball no local data for @tybys/wasm-util@https://registry.npmjs.org/@tybys/wasm-util/-/wasm-util-0.10.1.tgz. Extracting by manifest.
549 silly tarball no local data for @napi-rs/wasm-runtime@https://registry.npmjs.org/@napi-rs/wasm-runtime/-/wasm-runtime-0.2.12.tgz. Extracting by manifest.
550 silly tarball no local data for @emnapi/wasi-threads@https://registry.npmjs.org/@emnapi/wasi-threads/-/wasi-threads-1.2.1.tgz. Extracting by manifest.
551 silly tarball no local data for @emnapi/runtime@https://registry.npmjs.org/@emnapi/runtime/-/runtime-1.10.0.tgz. Extracting by manifest.
552 silly tarball no local data for @emnapi/core@https://registry.npmjs.org/@emnapi/core/-/core-1.10.0.tgz. Extracting by manifest.
553 silly tarball no local data for immer@https://registry.npmjs.org/immer/-/immer-11.1.4.tgz. Extracting by manifest.
554 http fetch POST 200 https://registry.npmjs.org/-/npm/v1/security/advisories/bulk 276ms
555 silly audit report {
555 silly audit report   glob: [
555 silly audit report     {
555 silly audit report       id: 1109842,
555 silly audit report       url: 'https://github.com/advisories/GHSA-5j98-mcp5-4vw2',
555 silly audit report       title: 'glob CLI: Command injection via -c/--cmd executes matches with shell:true',
555 silly audit report       severity: 'high',
555 silly audit report       vulnerable_versions: '>=10.2.0 <10.5.0',
555 silly audit report       cwe: [Array],
555 silly audit report       cvss: [Object]
555 silly audit report     }
555 silly audit report   ],
555 silly audit report   next: [
555 silly audit report     {
555 silly audit report       id: 1112593,
555 silly audit report       url: 'https://github.com/advisories/GHSA-9g9p-9gw9-jx7f',
555 silly audit report       title: 'Next.js self-hosted applications vulnerable to DoS via Image Optimizer remotePatterns configuration',
555 silly audit report       severity: 'moderate',
555 silly audit report       vulnerable_versions: '>=10.0.0 <15.5.10',
555 silly audit report       cwe: [Array],
555 silly audit report       cvss: [Object]
555 silly audit report     },
555 silly audit report     {
555 silly audit report       id: 1112653,
555 silly audit report       url: 'https://github.com/advisories/GHSA-h25m-26qc-wcjf',
555 silly audit report       title: 'Next.js HTTP request deserialization can lead to DoS when using insecure React Server Components',
555 silly audit report       severity: 'high',
555 silly audit report       vulnerable_versions: '>=13.0.0 <15.0.8',
555 silly audit report       cwe: [Array],
555 silly audit report       cvss: [Object]
555 silly audit report     },
555 silly audit report     {
555 silly audit report       id: 1114897,
555 silly audit report       url: 'https://github.com/advisories/GHSA-ggv3-7p47-pfv8',
555 silly audit report       title: 'Next.js: HTTP request smuggling in rewrites',
555 silly audit report       severity: 'moderate',
555 silly audit report       vulnerable_versions: '>=9.5.0 <15.5.13',
555 silly audit report       cwe: [Array],
555 silly audit report       cvss: [Object]
555 silly audit report     },
555 silly audit report     {
555 silly audit report       id: 1114940,
555 silly audit report       url: 'https://github.com/advisories/GHSA-3x4c-7xq6-9pq8',
555 silly audit report       title: 'Next.js: Unbounded next/image disk cache growth can exhaust storage',
555 silly audit report       severity: 'moderate',
555 silly audit report       vulnerable_versions: '>=10.0.0 <15.5.14',
555 silly audit report       cwe: [Array],
555 silly audit report       cvss: [Object]
555 silly audit report     },
555 silly audit report     {
555 silly audit report       id: 1116376,
555 silly audit report       url: 'https://github.com/advisories/GHSA-q4gf-8mx6-v5v3',
555 silly audit report       title: 'Next.js has a Denial of Service with Server Components',
555 silly audit report       severity: 'high',
555 silly audit report       vulnerable_versions: '>=13.0.0 <15.5.15',
555 silly audit report       cwe: [Array],
555 silly audit report       cvss: [Object]
555 silly audit report     }
555 silly audit report   ]
555 silly audit report }
556 silly packumentCache corgi:https://registry.npmjs.org/glob cache-miss
557 silly packumentCache corgi:https://registry.npmjs.org/next cache-miss
558 http fetch GET 200 https://registry.npmjs.org/internmap/-/internmap-2.0.3.tgz 346ms (cache miss)
559 http fetch GET 200 https://registry.npmjs.org/@types/d3-path/-/d3-path-3.1.1.tgz 349ms (cache miss)
560 http fetch GET 200 https://registry.npmjs.org/d3-path/-/d3-path-3.1.0.tgz 357ms (cache miss)
561 http fetch GET 200 https://registry.npmjs.org/d3-format/-/d3-format-3.1.2.tgz 419ms (cache miss)
562 http fetch GET 200 https://registry.npmjs.org/@types/d3-array/-/d3-array-3.2.2.tgz 507ms (cache miss)
563 http fetch GET 200 https://registry.npmjs.org/d3-color/-/d3-color-3.1.0.tgz 519ms (cache miss)
564 http fetch GET 200 https://registry.npmjs.org/@types/d3-time/-/d3-time-3.0.4.tgz 516ms (cache miss)
565 http fetch GET 200 https://registry.npmjs.org/@types/d3-scale/-/d3-scale-4.0.9.tgz 596ms (cache miss)
566 http fetch GET 200 https://registry.npmjs.org/@types/d3-interpolate/-/d3-interpolate-3.0.4.tgz 603ms (cache miss)
567 http fetch GET 200 https://registry.npmjs.org/@types/d3-ease/-/d3-ease-3.0.2.tgz 710ms (cache miss)
568 http fetch GET 200 https://registry.npmjs.org/@types/d3-shape/-/d3-shape-3.1.8.tgz 715ms (cache miss)
569 http fetch GET 200 https://registry.npmjs.org/redux-thunk/-/redux-thunk-3.1.0.tgz 764ms (cache miss)
570 http fetch GET 200 https://registry.npmjs.org/@types/use-sync-external-store/-/use-sync-external-store-0.0.6.tgz 805ms (cache miss)
571 http fetch GET 200 https://registry.npmjs.org/use-sync-external-store/-/use-sync-external-store-1.6.0.tgz 815ms (cache miss)
572 http fetch GET 200 https://registry.npmjs.org/@types/d3-color/-/d3-color-3.1.3.tgz 835ms (cache miss)
573 http fetch GET 200 https://registry.npmjs.org/d3-timer/-/d3-timer-3.0.1.tgz 838ms (cache miss)
574 http fetch GET 200 https://registry.npmjs.org/@standard-schema/spec/-/spec-1.1.0.tgz 898ms (cache miss)
575 http fetch GET 200 https://registry.npmjs.org/@types/d3-timer/-/d3-timer-3.0.2.tgz 940ms (cache miss)
576 http fetch GET 200 https://registry.npmjs.org/@standard-schema/utils/-/utils-0.3.0.tgz 971ms (cache miss)
577 http fetch GET 200 https://registry.npmjs.org/clsx/-/clsx-2.1.1.tgz 977ms (cache miss)
578 http fetch GET 200 https://registry.npmjs.org/eventemitter3/-/eventemitter3-5.0.4.tgz 1011ms (cache miss)
579 http fetch GET 200 https://registry.npmjs.org/tiny-invariant/-/tiny-invariant-1.3.3.tgz 1020ms (cache miss)
580 http fetch GET 200 https://registry.npmjs.org/@types/ws/-/ws-8.18.1.tgz 1017ms (cache miss)
581 http fetch GET 200 https://registry.npmjs.org/d3-time/-/d3-time-3.1.0.tgz 1062ms (cache miss)
582 http fetch GET 200 https://registry.npmjs.org/iceberg-js/-/iceberg-js-0.8.1.tgz 1052ms (cache miss)
583 http fetch GET 200 https://registry.npmjs.org/cookie/-/cookie-1.1.1.tgz 1085ms (cache miss)
584 http fetch GET 200 https://registry.npmjs.org/decimal.js-light/-/decimal.js-light-2.5.1.tgz 1103ms (cache miss)
585 http fetch GET 200 https://registry.npmjs.org/glob 898ms (cache miss)
586 silly packumentCache corgi:https://registry.npmjs.org/glob set size:undefined disposed:false
587 http fetch GET 200 https://registry.npmjs.org/@emnapi/wasi-threads/-/wasi-threads-1.2.1.tgz 1146ms (cache miss)
588 http fetch GET 200 https://registry.npmjs.org/d3-time-format/-/d3-time-format-4.1.0.tgz 1198ms (cache miss)
589 http fetch GET 200 https://registry.npmjs.org/d3-ease/-/d3-ease-3.0.1.tgz 1253ms (cache miss)
590 http fetch GET 200 https://registry.npmjs.org/papaparse/-/papaparse-5.5.3.tgz 1258ms (cache miss)
591 http fetch GET 200 https://registry.npmjs.org/d3-interpolate/-/d3-interpolate-3.0.1.tgz 1281ms (cache miss)
592 http fetch GET 200 https://registry.npmjs.org/ws/-/ws-8.20.0.tgz 1278ms (cache miss)
593 http fetch GET 200 https://registry.npmjs.org/fsevents/-/fsevents-2.3.3.tgz 1270ms (cache miss)
594 http fetch GET 200 https://registry.npmjs.org/d3-scale/-/d3-scale-4.0.2.tgz 1331ms (cache miss)
595 http fetch GET 200 https://registry.npmjs.org/redux/-/redux-5.0.1.tgz 1325ms (cache miss)
596 http fetch GET 200 https://registry.npmjs.org/@emnapi/runtime/-/runtime-1.10.0.tgz 1314ms (cache miss)
597 http fetch GET 200 https://registry.npmjs.org/@supabase/functions-js/-/functions-js-2.103.3.tgz 1491ms (cache miss)
598 http fetch GET 200 https://registry.npmjs.org/@supabase/supabase-js/-/supabase-js-2.103.3.tgz 1495ms (cache miss)
599 http fetch GET 200 https://registry.npmjs.org/d3-shape/-/d3-shape-3.2.0.tgz 1517ms (cache miss)
600 http fetch GET 200 https://registry.npmjs.org/d3-array/-/d3-array-3.2.4.tgz 1716ms (cache miss)
601 http fetch GET 200 https://registry.npmjs.org/@supabase/phoenix/-/phoenix-0.4.0.tgz 1723ms (cache miss)
602 http fetch GET 200 https://registry.npmjs.org/reselect/-/reselect-5.1.1.tgz 1747ms (cache miss)
603 http fetch GET 200 https://registry.npmjs.org/@supabase/storage-js/-/storage-js-2.103.3.tgz 1745ms (cache miss)
604 http fetch GET 200 https://registry.npmjs.org/@tybys/wasm-util/-/wasm-util-0.10.1.tgz 1767ms (cache miss)
605 http fetch GET 200 https://registry.npmjs.org/immer/-/immer-11.1.4.tgz 1766ms (cache miss)
606 http fetch GET 200 https://registry.npmjs.org/react-redux/-/react-redux-9.2.0.tgz 1793ms (cache miss)
607 http fetch GET 200 https://registry.npmjs.org/immer/-/immer-10.2.0.tgz 1837ms (cache miss)
608 http fetch GET 200 https://registry.npmjs.org/@supabase/postgrest-js/-/postgrest-js-2.103.3.tgz 1851ms (cache miss)
609 http fetch GET 200 https://registry.npmjs.org/@supabase/ssr/-/ssr-0.10.2.tgz 1884ms (cache miss)
610 http fetch GET 200 https://registry.npmjs.org/@emnapi/core/-/core-1.10.0.tgz 1889ms (cache miss)
611 http fetch GET 200 https://registry.npmjs.org/@supabase/realtime-js/-/realtime-js-2.103.3.tgz 2158ms (cache miss)
612 http fetch GET 200 https://registry.npmjs.org/@supabase/auth-js/-/auth-js-2.103.3.tgz 2649ms (cache miss)
613 http fetch GET 200 https://registry.npmjs.org/victory-vendor/-/victory-vendor-37.3.6.tgz 2689ms (cache miss)
614 http fetch GET 200 https://registry.npmjs.org/@napi-rs/wasm-runtime/-/wasm-runtime-0.2.12.tgz 2832ms (cache miss)
615 http fetch GET 200 https://registry.npmjs.org/react-hook-form/-/react-hook-form-7.72.1.tgz 2941ms (cache miss)
616 http fetch GET 200 https://registry.npmjs.org/@hookform/resolvers/-/resolvers-5.2.2.tgz 3364ms (cache miss)
617 http fetch GET 200 https://registry.npmjs.org/@reduxjs/toolkit/-/toolkit-2.11.2.tgz 3492ms (cache miss)
618 http fetch GET 200 https://registry.npmjs.org/zod/-/zod-4.3.6.tgz 4029ms (cache miss)
619 http fetch GET 200 https://registry.npmjs.org/recharts/-/recharts-3.8.1.tgz 4332ms (cache miss)
620 http fetch GET 200 https://registry.npmjs.org/next 4147ms (cache miss)
621 silly packumentCache corgi:https://registry.npmjs.org/next set size:undefined disposed:false
622 silly packumentCache corgi:https://registry.npmjs.org/@next%2feslint-plugin-next cache-miss
623 http fetch GET 200 https://registry.npmjs.org/@next%2feslint-plugin-next 450ms (cache miss)
624 silly packumentCache corgi:https://registry.npmjs.org/@next%2feslint-plugin-next set size:undefined disposed:false
625 silly packumentCache corgi:https://registry.npmjs.org/eslint-config-next cache-miss
626 http fetch GET 200 https://registry.npmjs.org/eslint-config-next 270ms (cache miss)
627 silly packumentCache corgi:https://registry.npmjs.org/eslint-config-next set size:undefined disposed:false
628 http fetch GET 200 https://registry.npmjs.org/es-toolkit/-/es-toolkit-1.45.1.tgz 17990ms (cache miss)
629 http fetch GET 200 https://registry.npmjs.org/date-fns/-/date-fns-4.1.0.tgz 19397ms (cache miss)
630 silly ADD node_modules/d3-path
631 silly ADD node_modules/d3-time-format
632 silly ADD node_modules/d3-format
633 silly ADD node_modules/d3-color
634 silly ADD node_modules/internmap
635 silly ADD node_modules/@types/d3-path
636 silly ADD node_modules/@types/d3-color
637 silly ADD node_modules/d3-timer
638 silly ADD node_modules/d3-time
639 silly ADD node_modules/d3-shape
640 silly ADD node_modules/d3-scale
641 silly ADD node_modules/d3-interpolate
642 silly ADD node_modules/d3-ease
643 silly ADD node_modules/d3-array
644 silly ADD node_modules/@types/d3-timer
645 silly ADD node_modules/@types/d3-time
646 silly ADD node_modules/@types/d3-shape
647 silly ADD node_modules/@types/d3-scale
648 silly ADD node_modules/@types/d3-interpolate
649 silly ADD node_modules/@types/d3-ease
650 silly ADD node_modules/@types/d3-array
651 silly ADD node_modules/@types/use-sync-external-store
652 silly ADD node_modules/redux-thunk
653 silly ADD node_modules/redux
654 silly ADD node_modules/@standard-schema/spec
655 silly ADD node_modules/victory-vendor
656 silly ADD node_modules/use-sync-external-store
657 silly ADD node_modules/tiny-invariant
658 silly ADD node_modules/reselect
659 silly ADD node_modules/react-redux
660 silly ADD node_modules/immer
661 silly ADD node_modules/eventemitter3
662 silly ADD node_modules/es-toolkit
663 silly ADD node_modules/decimal.js-light
664 silly ADD node_modules/clsx
665 silly ADD node_modules/@reduxjs/toolkit
666 silly ADD node_modules/@reduxjs/toolkit/node_modules/immer
667 silly ADD node_modules/iceberg-js
668 silly ADD node_modules/ws
669 silly ADD node_modules/@types/ws
670 silly ADD node_modules/@supabase/phoenix
671 silly ADD node_modules/@supabase/storage-js
672 silly ADD node_modules/@supabase/realtime-js
673 silly ADD node_modules/@supabase/postgrest-js
674 silly ADD node_modules/@supabase/functions-js
675 silly ADD node_modules/@supabase/auth-js
676 silly ADD node_modules/cookie
677 silly ADD node_modules/@standard-schema/utils
678 silly ADD node_modules/zod
679 silly ADD node_modules/recharts
680 silly ADD node_modules/react-hook-form
681 silly ADD node_modules/papaparse
682 silly ADD node_modules/date-fns
683 silly ADD node_modules/@supabase/supabase-js
684 silly ADD node_modules/@supabase/ssr
685 silly ADD node_modules/@hookform/resolvers
686 silly ADD node_modules/fsevents
687 silly ADD
688 silly ADD
689 silly ADD
690 silly ADD
691 silly ADD
692 silly ADD
693 silly ADD
694 silly ADD
695 silly ADD
696 silly ADD
697 silly ADD
698 silly ADD
699 silly ADD
700 silly ADD
701 silly ADD
702 silly ADD
703 silly ADD
704 silly ADD
705 silly ADD
706 silly ADD
707 silly ADD
708 silly ADD
709 silly ADD
710 silly ADD
711 silly ADD
712 silly ADD
713 silly ADD
714 silly ADD
715 silly ADD
716 silly ADD
717 silly ADD
718 verbose cwd /Users/aravindaart/Documents/Reference/exp-tracker
719 verbose os Darwin 24.6.0
720 verbose node v22.14.0
721 verbose npm  v10.9.2
722 notice
722 notice New major version of npm available! 10.9.2 -> 11.12.1
722 notice Changelog: https://github.com/npm/cli/releases/tag/v11.12.1
722 notice To update run: npm install -g npm@11.12.1
722 notice  { force: true, [Symbol(proc-log.meta)]: true }
723 verbose exit 0
724 info ok
