0 verbose cli /usr/local/bin/node /usr/local/bin/npm
1 info using npm@10.9.2
2 info using node@v22.14.0
3 silly config load:file:/usr/local/lib/node_modules/npm/npmrc
4 silly config load:file:/Users/aravindaart/Documents/Reference/exp-tracker/.npmrc
5 silly config load:file:/Users/aravindaart/.npmrc
6 silly config load:file:/usr/local/etc/npmrc
7 verbose title npm install lucide-react class-variance-authority clsx tailwind-merge
8 verbose argv "install" "lucide-react" "class-variance-authority" "clsx" "tailwind-merge"
9 verbose logfile logs-max:10 dir:/Users/aravindaart/Documents/Reference/exp-tracker/.npm-cache/_logs/2026-04-16T15_47_48_634Z-
10 verbose logfile /Users/aravindaart/Documents/Reference/exp-tracker/.npm-cache/_logs/2026-04-16T15_47_48_634Z-debug-0.log
11 silly logfile done cleaning log files
12 silly packumentCache heap:2197815296 maxSize:549453824 maxEntrySize:274726912
13 silly idealTree buildDeps
14 silly fetch manifest lucide-react@*
15 silly packumentCache full:https://registry.npmjs.org/lucide-react cache-miss
16 http fetch GET 200 https://registry.npmjs.org/lucide-react 403ms (cache miss)
17 silly packumentCache full:https://registry.npmjs.org/lucide-react set size:undefined disposed:false
18 silly fetch manifest react@^18
19 silly packumentCache full:https://registry.npmjs.org/react cache-miss
20 http cache https://registry.npmjs.org/react 44ms (cache hit)
21 silly packumentCache full:https://registry.npmjs.org/react set size:6609926 disposed:false
22 silly fetch manifest class-variance-authority@*
23 silly packumentCache full:https://registry.npmjs.org/class-variance-authority cache-miss
24 http fetch GET 200 https://registry.npmjs.org/class-variance-authority 53ms (cache miss)
25 silly packumentCache full:https://registry.npmjs.org/class-variance-authority set size:undefined disposed:false
26 silly fetch manifest clsx@*
27 silly packumentCache full:https://registry.npmjs.org/clsx cache-miss
28 http cache https://registry.npmjs.org/clsx 7ms (cache hit)
29 silly packumentCache full:https://registry.npmjs.org/clsx set size:42506 disposed:false
30 silly fetch manifest tailwind-merge@*
31 silly packumentCache full:https://registry.npmjs.org/tailwind-merge cache-miss
32 http fetch GET 200 https://registry.npmjs.org/tailwind-merge 83ms (cache miss)
33 silly packumentCache full:https://registry.npmjs.org/tailwind-merge set size:undefined disposed:false
34 silly placeDep ROOT class-variance-authority@0.7.1 OK for: exp-tracker-scaffold@0.1.0 want: *
35 silly placeDep ROOT clsx@2.1.1 REPLACE for: exp-tracker-scaffold@0.1.0 want: *
36 silly placeDep ROOT lucide-react@1.8.0 OK for: exp-tracker-scaffold@0.1.0 want: *
37 silly placeDep ROOT tailwind-merge@3.5.0 OK for: exp-tracker-scaffold@0.1.0 want: *
38 silly reify moves {}
39 silly audit bulk request {
39 silly audit   '@alloc/quick-lru': [ '5.2.0' ],
39 silly audit   '@emnapi/core': [ '1.10.0' ],
39 silly audit   '@emnapi/runtime': [ '1.10.0' ],
39 silly audit   '@emnapi/wasi-threads': [ '1.2.1' ],
39 silly audit   '@eslint-community/eslint-utils': [ '4.9.1' ],
39 silly audit   '@eslint-community/regexpp': [ '4.12.2' ],
39 silly audit   '@eslint/eslintrc': [ '2.1.4' ],
39 silly audit   '@eslint/js': [ '8.57.1' ],
39 silly audit   '@hookform/resolvers': [ '5.2.2' ],
39 silly audit   '@humanwhocodes/config-array': [ '0.13.0' ],
39 silly audit   '@humanwhocodes/module-importer': [ '1.0.1' ],
39 silly audit   '@humanwhocodes/object-schema': [ '2.0.3' ],
39 silly audit   '@isaacs/cliui': [ '8.0.2' ],
39 silly audit   'ansi-regex': [ '6.2.2', '5.0.1' ],
39 silly audit   'strip-ansi': [ '7.2.0', '6.0.1' ],
39 silly audit   '@jridgewell/gen-mapping': [ '0.3.13' ],
39 silly audit   '@jridgewell/resolve-uri': [ '3.1.2' ],
39 silly audit   '@jridgewell/sourcemap-codec': [ '1.5.5' ],
39 silly audit   '@jridgewell/trace-mapping': [ '0.3.31' ],
39 silly audit   '@napi-rs/wasm-runtime': [ '0.2.12' ],
39 silly audit   '@next/env': [ '14.2.35' ],
39 silly audit   '@next/eslint-plugin-next': [ '14.2.35' ],
39 silly audit   '@next/swc-darwin-arm64': [ '14.2.33' ],
39 silly audit   '@next/swc-darwin-x64': [ '14.2.33' ],
39 silly audit   '@next/swc-linux-arm64-gnu': [ '14.2.33' ],
39 silly audit   '@next/swc-linux-arm64-musl': [ '14.2.33' ],
39 silly audit   '@next/swc-linux-x64-gnu': [ '14.2.33' ],
39 silly audit   '@next/swc-linux-x64-musl': [ '14.2.33' ],
39 silly audit   '@next/swc-win32-arm64-msvc': [ '14.2.33' ],
39 silly audit   '@next/swc-win32-ia32-msvc': [ '14.2.33' ],
39 silly audit   '@next/swc-win32-x64-msvc': [ '14.2.33' ],
39 silly audit   '@nodelib/fs.scandir': [ '2.1.5' ],
39 silly audit   '@nodelib/fs.stat': [ '2.0.5' ],
39 silly audit   '@nodelib/fs.walk': [ '1.2.8' ],
39 silly audit   '@nolyfill/is-core-module': [ '1.0.39' ],
39 silly audit   '@pkgjs/parseargs': [ '0.11.0' ],
39 silly audit   '@reduxjs/toolkit': [ '2.11.2' ],
39 silly audit   immer: [ '11.1.4', '10.2.0' ],
39 silly audit   '@rtsao/scc': [ '1.1.0' ],
39 silly audit   '@rushstack/eslint-patch': [ '1.16.1' ],
39 silly audit   '@standard-schema/spec': [ '1.1.0' ],
39 silly audit   '@standard-schema/utils': [ '0.3.0' ],
39 silly audit   '@supabase/auth-js': [ '2.103.3' ],
39 silly audit   '@supabase/functions-js': [ '2.103.3' ],
39 silly audit   '@supabase/phoenix': [ '0.4.0' ],
39 silly audit   '@supabase/postgrest-js': [ '2.103.3' ],
39 silly audit   '@supabase/realtime-js': [ '2.103.3' ],
39 silly audit   '@supabase/ssr': [ '0.10.2' ],
39 silly audit   '@supabase/storage-js': [ '2.103.3' ],
39 silly audit   '@supabase/supabase-js': [ '2.103.3' ],
39 silly audit   '@swc/counter': [ '0.1.3' ],
39 silly audit   '@swc/helpers': [ '0.5.5' ],
39 silly audit   '@tybys/wasm-util': [ '0.10.1' ],
39 silly audit   '@types/d3-array': [ '3.2.2' ],
39 silly audit   '@types/d3-color': [ '3.1.3' ],
39 silly audit   '@types/d3-ease': [ '3.0.2' ],
39 silly audit   '@types/d3-interpolate': [ '3.0.4' ],
39 silly audit   '@types/d3-path': [ '3.1.1' ],
39 silly audit   '@types/d3-scale': [ '4.0.9' ],
39 silly audit   '@types/d3-shape': [ '3.1.8' ],
39 silly audit   '@types/d3-time': [ '3.0.4' ],
39 silly audit   '@types/d3-timer': [ '3.0.2' ],
39 silly audit   '@types/json5': [ '0.0.29' ],
39 silly audit   '@types/node': [ '20.19.39' ],
39 silly audit   '@types/prop-types': [ '15.7.15' ],
39 silly audit   '@types/react': [ '18.3.28' ],
39 silly audit   '@types/react-dom': [ '18.3.7' ],
39 silly audit   '@types/use-sync-external-store': [ '0.0.6' ],
39 silly audit   '@types/ws': [ '8.18.1' ],
39 silly audit   '@typescript-eslint/eslint-plugin': [ '8.58.2' ],
39 silly audit   ignore: [ '7.0.5', '5.3.2' ],
39 silly audit   '@typescript-eslint/parser': [ '8.58.2' ],
39 silly audit   '@typescript-eslint/project-service': [ '8.58.2' ],
39 silly audit   '@typescript-eslint/scope-manager': [ '8.58.2' ],
39 silly audit   '@typescript-eslint/tsconfig-utils': [ '8.58.2' ],
39 silly audit   '@typescript-eslint/type-utils': [ '8.58.2' ],
39 silly audit   '@typescript-eslint/types': [ '8.58.2' ],
39 silly audit   '@typescript-eslint/typescript-estree': [ '8.58.2' ],
39 silly audit   'balanced-match': [ '4.0.4', '1.0.2' ],
39 silly audit   'brace-expansion': [ '5.0.5', '1.1.14', '2.1.0' ],
39 silly audit   minimatch: [ '10.2.5', '9.0.9', '3.1.5' ],
39 silly audit   '@typescript-eslint/utils': [ '8.58.2' ],
39 silly audit   '@typescript-eslint/visitor-keys': [ '8.58.2' ],
39 silly audit   'eslint-visitor-keys': [ '5.0.1', '3.4.3' ],
39 silly audit   '@ungap/structured-clone': [ '1.3.0' ],
39 silly audit   '@unrs/resolver-binding-android-arm-eabi': [ '1.11.1' ],
39 silly audit   '@unrs/resolver-binding-android-arm64': [ '1.11.1' ],
39 silly audit   '@unrs/resolver-binding-darwin-arm64': [ '1.11.1' ],
39 silly audit   '@unrs/resolver-binding-darwin-x64': [ '1.11.1' ],
39 silly audit   '@unrs/resolver-binding-freebsd-x64': [ '1.11.1' ],
39 silly audit   '@unrs/resolver-binding-linux-arm-gnueabihf': [ '1.11.1' ],
39 silly audit   '@unrs/resolver-binding-linux-arm-musleabihf': [ '1.11.1' ],
39 silly audit   '@unrs/resolver-binding-linux-arm64-gnu': [ '1.11.1' ],
39 silly audit   '@unrs/resolver-binding-linux-arm64-musl': [ '1.11.1' ],
39 silly audit   '@unrs/resolver-binding-linux-ppc64-gnu': [ '1.11.1' ],
39 silly audit   '@unrs/resolver-binding-linux-riscv64-gnu': [ '1.11.1' ],
39 silly audit   '@unrs/resolver-binding-linux-riscv64-musl': [ '1.11.1' ],
39 silly audit   '@unrs/resolver-binding-linux-s390x-gnu': [ '1.11.1' ],
39 silly audit   '@unrs/resolver-binding-linux-x64-gnu': [ '1.11.1' ],
39 silly audit   '@unrs/resolver-binding-linux-x64-musl': [ '1.11.1' ],
39 silly audit   '@unrs/resolver-binding-wasm32-wasi': [ '1.11.1' ],
39 silly audit   '@unrs/resolver-binding-win32-arm64-msvc': [ '1.11.1' ],
39 silly audit   '@unrs/resolver-binding-win32-ia32-msvc': [ '1.11.1' ],
39 silly audit   '@unrs/resolver-binding-win32-x64-msvc': [ '1.11.1' ],
39 silly audit   acorn: [ '8.16.0' ],
39 silly audit   'acorn-jsx': [ '5.3.2' ],
39 silly audit   ajv: [ '6.14.0' ],
39 silly audit   'ansi-styles': [ '4.3.0', '6.2.3' ],
39 silly audit   'any-promise': [ '1.3.0' ],
39 silly audit   anymatch: [ '3.1.3' ],
39 silly audit   arg: [ '5.0.2' ],
39 silly audit   argparse: [ '2.0.1' ],
39 silly audit   'aria-query': [ '5.3.2' ],
39 silly audit   'array-buffer-byte-length': [ '1.0.2' ],
39 silly audit   'array-includes': [ '3.1.9' ],
39 silly audit   'array.prototype.findlast': [ '1.2.5' ],
39 silly audit   'array.prototype.findlastindex': [ '1.2.6' ],
39 silly audit   'array.prototype.flat': [ '1.3.3' ],
39 silly audit   'array.prototype.flatmap': [ '1.3.3' ],
39 silly audit   'array.prototype.tosorted': [ '1.1.4' ],
39 silly audit   'arraybuffer.prototype.slice': [ '1.0.4' ],
39 silly audit   'ast-types-flow': [ '0.0.8' ],
39 silly audit   'async-function': [ '1.0.0' ],
39 silly audit   'available-typed-arrays': [ '1.0.7' ],
39 silly audit   'axe-core': [ '4.11.3' ],
39 silly audit   'axobject-query': [ '4.1.0' ],
39 silly audit   'binary-extensions': [ '2.3.0' ],
39 silly audit   braces: [ '3.0.3' ],
39 silly audit   busboy: [ '1.6.0' ],
39 silly audit   'call-bind': [ '1.0.9' ],
39 silly audit   'call-bind-apply-helpers': [ '1.0.2' ],
39 silly audit   'call-bound': [ '1.0.4' ],
39 silly audit   callsites: [ '3.1.0' ],
39 silly audit   'camelcase-css': [ '2.0.1' ],
39 silly audit   'caniuse-lite': [ '1.0.30001788' ],
39 silly audit   chalk: [ '4.1.2' ],
39 silly audit   chokidar: [ '3.6.0' ],
39 silly audit   'glob-parent': [ '5.1.2', '6.0.2' ],
39 silly audit   'client-only': [ '0.0.1' ],
39 silly audit   'color-convert': [ '2.0.1' ],
39 silly audit   'color-name': [ '1.1.4' ],
39 silly audit   commander: [ '4.1.1' ],
39 silly audit   'concat-map': [ '0.0.1' ],
39 silly audit   cookie: [ '1.1.1' ],
39 silly audit   'cross-spawn': [ '7.0.6' ],
39 silly audit   cssesc: [ '3.0.0' ],
39 silly audit   csstype: [ '3.2.3' ],
39 silly audit   'd3-array': [ '3.2.4' ],
39 silly audit   'd3-color': [ '3.1.0' ],
39 silly audit   'd3-ease': [ '3.0.1' ],
39 silly audit   'd3-format': [ '3.1.2' ],
39 silly audit   'd3-interpolate': [ '3.0.1' ],
39 silly audit   'd3-path': [ '3.1.0' ],
39 silly audit   'd3-scale': [ '4.0.2' ],
39 silly audit   'd3-shape': [ '3.2.0' ],
39 silly audit   'd3-time': [ '3.1.0' ],
39 silly audit   'd3-time-format': [ '4.1.0' ],
39 silly audit   'd3-timer': [ '3.0.1' ],
39 silly audit   'damerau-levenshtein': [ '1.0.8' ],
39 silly audit   'data-view-buffer': [ '1.0.2' ],
39 silly audit   'data-view-byte-length': [ '1.0.2' ],
39 silly audit   'data-view-byte-offset': [ '1.0.1' ],
39 silly audit   'date-fns': [ '4.1.0' ],
39 silly audit   debug: [ '4.4.3', '3.2.7' ],
39 silly audit   'decimal.js-light': [ '2.5.1' ],
39 silly audit   'deep-is': [ '0.1.4' ],
39 silly audit   'define-data-property': [ '1.1.4' ],
39 silly audit   'define-properties': [ '1.2.1' ],
39 silly audit   didyoumean: [ '1.2.2' ],
39 silly audit   dlv: [ '1.1.3' ],
39 silly audit   doctrine: [ '3.0.0', '2.1.0' ],
39 silly audit   'dunder-proto': [ '1.0.1' ],
39 silly audit   eastasianwidth: [ '0.2.0' ],
39 silly audit   'emoji-regex': [ '9.2.2', '8.0.0' ],
39 silly audit   'es-abstract': [ '1.24.2' ],
39 silly audit   'es-define-property': [ '1.0.1' ],
39 silly audit   'es-errors': [ '1.3.0' ],
39 silly audit   'es-iterator-helpers': [ '1.3.2' ],
39 silly audit   'es-object-atoms': [ '1.1.1' ],
39 silly audit   'es-set-tostringtag': [ '2.1.0' ],
39 silly audit   'es-shim-unscopables': [ '1.1.0' ],
39 silly audit   'es-to-primitive': [ '1.3.0' ],
39 silly audit   'es-toolkit': [ '1.45.1' ],
39 silly audit   'escape-string-regexp': [ '4.0.0' ],
39 silly audit   eslint: [ '8.57.1' ],
39 silly audit   'eslint-config-next': [ '14.2.35' ],
39 silly audit   'eslint-import-resolver-node': [ '0.3.10' ],
39 silly audit   'eslint-import-resolver-typescript': [ '3.10.1' ],
39 silly audit   'eslint-module-utils': [ '2.12.1' ],
39 silly audit   'eslint-plugin-import': [ '2.32.0' ],
39 silly audit   semver: [ '6.3.1', '7.7.4' ],
39 silly audit   'eslint-plugin-jsx-a11y': [ '6.10.2' ],
39 silly audit   'eslint-plugin-react': [ '7.37.5' ],
39 silly audit   'eslint-plugin-react-hooks': [ '5.0.0-canary-7118f5dd7-20230705' ],
39 silly audit   'eslint-scope': [ '7.2.2' ],
39 silly audit   espree: [ '9.6.1' ],
39 silly audit   esquery: [ '1.7.0' ],
39 silly audit   esrecurse: [ '4.3.0' ],
39 silly audit   estraverse: [ '5.3.0' ],
39 silly audit   esutils: [ '2.0.3' ],
39 silly audit   eventemitter3: [ '5.0.4' ],
39 silly audit   'fast-deep-equal': [ '3.1.3' ],
39 silly audit   'fast-glob': [ '3.3.3' ],
39 silly audit   'fast-json-stable-stringify': [ '2.1.0' ],
39 silly audit   'fast-levenshtein': [ '2.0.6' ],
39 silly audit   fastq: [ '1.20.1' ],
39 silly audit   'file-entry-cache': [ '6.0.1' ],
39 silly audit   'fill-range': [ '7.1.1' ],
39 silly audit   'find-up': [ '5.0.0' ],
39 silly audit   'flat-cache': [ '3.2.0' ],
39 silly audit   flatted: [ '3.4.2' ],
39 silly audit   'for-each': [ '0.3.5' ],
39 silly audit   'foreground-child': [ '3.3.1' ],
39 silly audit   'fs.realpath': [ '1.0.0' ],
39 silly audit   fsevents: [ '2.3.3' ],
39 silly audit   'function-bind': [ '1.1.2' ],
39 silly audit   'function.prototype.name': [ '1.1.8' ],
39 silly audit   'functions-have-names': [ '1.2.3' ],
39 silly audit   'generator-function': [ '2.0.1' ],
39 silly audit   'get-intrinsic': [ '1.3.0' ],
39 silly audit   'get-proto': [ '1.0.1' ],
39 silly audit   'get-symbol-description': [ '1.1.0' ],
39 silly audit   'get-tsconfig': [ '4.14.0' ],
39 silly audit   glob: [ '10.3.10', '7.2.3' ],
39 silly audit   globals: [ '13.24.0' ],
39 silly audit   globalthis: [ '1.0.4' ],
39 silly audit   gopd: [ '1.2.0' ],
39 silly audit   'graceful-fs': [ '4.2.11' ],
39 silly audit   graphemer: [ '1.4.0' ],
39 silly audit   'has-bigints': [ '1.1.0' ],
39 silly audit   'has-flag': [ '4.0.0' ],
39 silly audit   'has-property-descriptors': [ '1.0.2' ],
39 silly audit   'has-proto': [ '1.2.0' ],
39 silly audit   'has-symbols': [ '1.1.0' ],
39 silly audit   'has-tostringtag': [ '1.0.2' ],
39 silly audit   hasown: [ '2.0.2' ],
39 silly audit   'iceberg-js': [ '0.8.1' ],
39 silly audit   'import-fresh': [ '3.3.1' ],
39 silly audit   imurmurhash: [ '0.1.4' ],
39 silly audit   inflight: [ '1.0.6' ],
39 silly audit   inherits: [ '2.0.4' ],
39 silly audit   'internal-slot': [ '1.1.0' ],
39 silly audit   internmap: [ '2.0.3' ],
39 silly audit   'is-array-buffer': [ '3.0.5' ],
39 silly audit   'is-async-function': [ '2.1.1' ],
39 silly audit   'is-bigint': [ '1.1.0' ],
39 silly audit   'is-binary-path': [ '2.1.0' ],
39 silly audit   'is-boolean-object': [ '1.2.2' ],
39 silly audit   'is-bun-module': [ '2.0.0' ],
39 silly audit   'is-callable': [ '1.2.7' ],
39 silly audit   'is-core-module': [ '2.16.1' ],
39 silly audit   'is-data-view': [ '1.0.2' ],
39 silly audit   'is-date-object': [ '1.1.0' ],
39 silly audit   'is-extglob': [ '2.1.1' ],
39 silly audit   'is-finalizationregistry': [ '1.1.1' ],
39 silly audit   'is-fullwidth-code-point': [ '3.0.0' ],
39 silly audit   'is-generator-function': [ '1.1.2' ],
39 silly audit   'is-glob': [ '4.0.3' ],
39 silly audit   'is-map': [ '2.0.3' ],
39 silly audit   'is-negative-zero': [ '2.0.3' ],
39 silly audit   'is-number': [ '7.0.0' ],
39 silly audit   'is-number-object': [ '1.1.1' ],
39 silly audit   'is-path-inside': [ '3.0.3' ],
39 silly audit   'is-regex': [ '1.2.1' ],
39 silly audit   'is-set': [ '2.0.3' ],
39 silly audit   'is-shared-array-buffer': [ '1.0.4' ],
39 silly audit   'is-string': [ '1.1.1' ],
39 silly audit   'is-symbol': [ '1.1.1' ],
39 silly audit   'is-typed-array': [ '1.1.15' ],
39 silly audit   'is-weakmap': [ '2.0.2' ],
39 silly audit   'is-weakref': [ '1.1.1' ],
39 silly audit   'is-weakset': [ '2.0.4' ],
39 silly audit   isarray: [ '2.0.5' ],
39 silly audit   isexe: [ '2.0.0' ],
39 silly audit   'iterator.prototype': [ '1.1.5' ],
39 silly audit   jackspeak: [ '2.3.6' ],
39 silly audit   jiti: [ '1.21.7' ],
39 silly audit   'js-tokens': [ '4.0.0' ],
39 silly audit   'js-yaml': [ '4.1.1' ],
39 silly audit   'json-buffer': [ '3.0.1' ],
39 silly audit   'json-schema-traverse': [ '0.4.1' ],
39 silly audit   'json-stable-stringify-without-jsonify': [ '1.0.1' ],
39 silly audit   json5: [ '1.0.2' ],
39 silly audit   'jsx-ast-utils': [ '3.3.5' ],
39 silly audit   keyv: [ '4.5.4' ],
39 silly audit   'language-subtag-registry': [ '0.3.23' ],
39 silly audit   'language-tags': [ '1.0.9' ],
39 silly audit   levn: [ '0.4.1' ],
39 silly audit   lilconfig: [ '3.1.3' ],
39 silly audit   'lines-and-columns': [ '1.2.4' ],
39 silly audit   'locate-path': [ '6.0.0' ],
39 silly audit   'lodash.merge': [ '4.6.2' ],
39 silly audit   'loose-envify': [ '1.4.0' ],
39 silly audit   'lru-cache': [ '10.4.3' ],
39 silly audit   'math-intrinsics': [ '1.1.0' ],
39 silly audit   merge2: [ '1.4.1' ],
39 silly audit   micromatch: [ '4.0.8' ],
39 silly audit   minimist: [ '1.2.8' ],
39 silly audit   minipass: [ '7.1.3' ],
39 silly audit   ms: [ '2.1.3' ],
39 silly audit   mz: [ '2.7.0' ],
39 silly audit   nanoid: [ '3.3.11' ],
39 silly audit   'napi-postinstall': [ '0.3.4' ],
39 silly audit   'natural-compare': [ '1.4.0' ],
39 silly audit   next: [ '14.2.35' ],
39 silly audit   postcss: [ '8.4.31', '8.5.10' ],
39 silly audit   'node-exports-info': [ '1.6.0' ],
39 silly audit   'normalize-path': [ '3.0.0' ],
39 silly audit   'object-assign': [ '4.1.1' ],
39 silly audit   'object-hash': [ '3.0.0' ],
39 silly audit   'object-inspect': [ '1.13.4' ],
39 silly audit   'object-keys': [ '1.1.1' ],
39 silly audit   'object.assign': [ '4.1.7' ],
39 silly audit   'object.entries': [ '1.1.9' ],
39 silly audit   'object.fromentries': [ '2.0.8' ],
39 silly audit   'object.groupby': [ '1.0.3' ],
39 silly audit   'object.values': [ '1.2.1' ],
39 silly audit   once: [ '1.4.0' ],
39 silly audit   optionator: [ '0.9.4' ],
39 silly audit   'own-keys': [ '1.0.1' ],
39 silly audit   'p-limit': [ '3.1.0' ],
39 silly audit   'p-locate': [ '5.0.0' ],
39 silly audit   papaparse: [ '5.5.3' ],
39 silly audit   'parent-module': [ '1.0.1' ],
39 silly audit   'path-exists': [ '4.0.0' ],
39 silly audit   'path-is-absolute': [ '1.0.1' ],
39 silly audit   'path-key': [ '3.1.1' ],
39 silly audit   'path-parse': [ '1.0.7' ],
39 silly audit   'path-scurry': [ '1.11.1' ],
39 silly audit   picocolors: [ '1.1.1' ],
39 silly audit   picomatch: [ '2.3.2', '4.0.4' ],
39 silly audit   pify: [ '2.3.0' ],
39 silly audit   pirates: [ '4.0.7' ],
39 silly audit   'possible-typed-array-names': [ '1.1.0' ],
39 silly audit   'postcss-import': [ '15.1.0' ],
39 silly audit   resolve: [ '1.22.12', '2.0.0-next.6' ],
39 silly audit   'postcss-js': [ '4.1.0' ],
39 silly audit   'postcss-load-config': [ '6.0.1' ],
39 silly audit   'postcss-nested': [ '6.2.0' ],
39 silly audit   'postcss-selector-parser': [ '6.1.2' ],
39 silly audit   'postcss-value-parser': [ '4.2.0' ],
39 silly audit   'prelude-ls': [ '1.2.1' ],
39 silly audit   'prop-types': [ '15.8.1' ],
39 silly audit   punycode: [ '2.3.1' ],
39 silly audit   'queue-microtask': [ '1.2.3' ],
39 silly audit   react: [ '18.3.1' ],
39 silly audit   'react-dom': [ '18.3.1' ],
39 silly audit   'react-hook-form': [ '7.72.1' ],
39 silly audit   'react-is': [ '16.13.1' ],
39 silly audit   'react-redux': [ '9.2.0' ],
39 silly audit   'read-cache': [ '1.0.0' ],
39 silly audit   readdirp: [ '3.6.0' ],
39 silly audit   recharts: [ '3.8.1' ],
39 silly audit   redux: [ '5.0.1' ],
39 silly audit   'redux-thunk': [ '3.1.0' ],
39 silly audit   'reflect.getprototypeof': [ '1.0.10' ],
39 silly audit   'regexp.prototype.flags': [ '1.5.4' ],
39 silly audit   reselect: [ '5.1.1' ],
39 silly audit   'resolve-from': [ '4.0.0' ],
39 silly audit   'resolve-pkg-maps': [ '1.0.0' ],
39 silly audit   reusify: [ '1.1.0' ],
39 silly audit   rimraf: [ '3.0.2' ],
39 silly audit   'run-parallel': [ '1.2.0' ],
39 silly audit   'safe-array-concat': [ '1.1.3' ],
39 silly audit   'safe-push-apply': [ '1.0.0' ],
39 silly audit   'safe-regex-test': [ '1.1.0' ],
39 silly audit   scheduler: [ '0.23.2' ],
39 silly audit   'set-function-length': [ '1.2.2' ],
39 silly audit   'set-function-name': [ '2.0.2' ],
39 silly audit   'set-proto': [ '1.0.0' ],
39 silly audit   'shebang-command': [ '2.0.0' ],
39 silly audit   'shebang-regex': [ '3.0.0' ],
39 silly audit   'side-channel': [ '1.1.0' ],
39 silly audit   'side-channel-list': [ '1.0.1' ],
39 silly audit   'side-channel-map': [ '1.0.1' ],
39 silly audit   'side-channel-weakmap': [ '1.0.2' ],
39 silly audit   'signal-exit': [ '4.1.0' ],
39 silly audit   'source-map-js': [ '1.2.1' ],
39 silly audit   'stable-hash': [ '0.0.5' ],
39 silly audit   'stop-iteration-iterator': [ '1.1.0' ],
39 silly audit   streamsearch: [ '1.1.0' ],
39 silly audit   'string-width': [ '5.1.2', '4.2.3' ],
39 silly audit   'string.prototype.includes': [ '2.0.1' ],
39 silly audit   'string.prototype.matchall': [ '4.0.12' ],
39 silly audit   'string.prototype.repeat': [ '1.0.0' ],
39 silly audit   'string.prototype.trim': [ '1.2.10' ],
39 silly audit   'string.prototype.trimend': [ '1.0.9' ],
39 silly audit   'string.prototype.trimstart': [ '1.0.8' ],
39 silly audit   'strip-bom': [ '3.0.0' ],
39 silly audit   'strip-json-comments': [ '3.1.1' ],
39 silly audit   'styled-jsx': [ '5.1.1' ],
39 silly audit   sucrase: [ '3.35.1' ],
39 silly audit   'supports-color': [ '7.2.0' ],
39 silly audit   'supports-preserve-symlinks-flag': [ '1.0.0' ],
39 silly audit   tailwindcss: [ '3.4.19' ],
39 silly audit   'text-table': [ '0.2.0' ],
39 silly audit   thenify: [ '3.3.1' ],
39 silly audit   'thenify-all': [ '1.6.0' ],
39 silly audit   'tiny-invariant': [ '1.3.3' ],
39 silly audit   tinyglobby: [ '0.2.16' ],
39 silly audit   fdir: [ '6.5.0' ],
39 silly audit   'to-regex-range': [ '5.0.1' ],
39 silly audit   'ts-api-utils': [ '2.5.0' ],
39 silly audit   'ts-interface-checker': [ '0.1.13' ],
39 silly audit   'tsconfig-paths': [ '3.15.0' ],
39 silly audit   tslib: [ '2.8.1' ],
39 silly audit   'type-check': [ '0.4.0' ],
39 silly audit   'type-fest': [ '0.20.2' ],
39 silly audit   'typed-array-buffer': [ '1.0.3' ],
39 silly audit   'typed-array-byte-length': [ '1.0.3' ],
39 silly audit   'typed-array-byte-offset': [ '1.0.4' ],
39 silly audit   'typed-array-length': [ '1.0.7' ],
39 silly audit   typescript: [ '5.9.3' ],
39 silly audit   'unbox-primitive': [ '1.1.0' ],
39 silly audit   'undici-types': [ '6.21.0' ],
39 silly audit   'unrs-resolver': [ '1.11.1' ],
39 silly audit   'uri-js': [ '4.4.1' ],
39 silly audit   'use-sync-external-store': [ '1.6.0' ],
39 silly audit   'util-deprecate': [ '1.0.2' ],
39 silly audit   'victory-vendor': [ '37.3.6' ],
39 silly audit   which: [ '2.0.2' ],
39 silly audit   'which-boxed-primitive': [ '1.1.1' ],
39 silly audit   'which-builtin-type': [ '1.2.1' ],
39 silly audit   'which-collection': [ '1.0.2' ],
39 silly audit   'which-typed-array': [ '1.1.20' ],
39 silly audit   'word-wrap': [ '1.2.5' ],
39 silly audit   'wrap-ansi': [ '8.1.0', '7.0.0' ],
39 silly audit   wrappy: [ '1.0.2' ],
39 silly audit   ws: [ '8.20.0' ],
39 silly audit   'yocto-queue': [ '0.1.0' ],
39 silly audit   zod: [ '4.3.6' ],
39 silly audit   'class-variance-authority': [ '0.7.1' ],
39 silly audit   clsx: [ '2.1.1' ],
39 silly audit   'lucide-react': [ '1.8.0' ],
39 silly audit   'tailwind-merge': [ '3.5.0' ]
39 silly audit }
40 verbose reify failed optional dependency /Users/aravindaart/Documents/Reference/exp-tracker/node_modules/@unrs/resolver-binding-win32-x64-msvc
41 silly reify mark deleted [
41 silly reify   '/Users/aravindaart/Documents/Reference/exp-tracker/node_modules/@unrs/resolver-binding-win32-x64-msvc'
41 silly reify ]
42 verbose reify failed optional dependency /Users/aravindaart/Documents/Reference/exp-tracker/node_modules/@unrs/resolver-binding-win32-ia32-msvc
43 silly reify mark deleted [
43 silly reify   '/Users/aravindaart/Documents/Reference/exp-tracker/node_modules/@unrs/resolver-binding-win32-ia32-msvc'
43 silly reify ]
44 verbose reify failed optional dependency /Users/aravindaart/Documents/Reference/exp-tracker/node_modules/@unrs/resolver-binding-win32-arm64-msvc
45 silly reify mark deleted [
45 silly reify   '/Users/aravindaart/Documents/Reference/exp-tracker/node_modules/@unrs/resolver-binding-win32-arm64-msvc'
45 silly reify ]
46 verbose reify failed optional dependency /Users/aravindaart/Documents/Reference/exp-tracker/node_modules/@unrs/resolver-binding-wasm32-wasi
47 silly reify mark deleted [
47 silly reify   '/Users/aravindaart/Documents/Reference/exp-tracker/node_modules/@unrs/resolver-binding-wasm32-wasi'
47 silly reify ]
48 verbose reify failed optional dependency /Users/aravindaart/Documents/Reference/exp-tracker/node_modules/@napi-rs/wasm-runtime
49 silly reify mark deleted [
49 silly reify   '/Users/aravindaart/Documents/Reference/exp-tracker/node_modules/@napi-rs/wasm-runtime'
49 silly reify ]
50 verbose reify failed optional dependency /Users/aravindaart/Documents/Reference/exp-tracker/node_modules/@emnapi/core
51 silly reify mark deleted [
51 silly reify   '/Users/aravindaart/Documents/Reference/exp-tracker/node_modules/@emnapi/core'
51 silly reify ]
52 verbose reify failed optional dependency /Users/aravindaart/Documents/Reference/exp-tracker/node_modules/@emnapi/runtime
53 silly reify mark deleted [
53 silly reify   '/Users/aravindaart/Documents/Reference/exp-tracker/node_modules/@emnapi/runtime'
53 silly reify ]
54 verbose reify failed optional dependency /Users/aravindaart/Documents/Reference/exp-tracker/node_modules/@tybys/wasm-util
55 silly reify mark deleted [
55 silly reify   '/Users/aravindaart/Documents/Reference/exp-tracker/node_modules/@tybys/wasm-util'
55 silly reify ]
56 verbose reify failed optional dependency /Users/aravindaart/Documents/Reference/exp-tracker/node_modules/@emnapi/wasi-threads
57 silly reify mark deleted [
57 silly reify   '/Users/aravindaart/Documents/Reference/exp-tracker/node_modules/@emnapi/wasi-threads'
57 silly reify ]
58 verbose reify failed optional dependency /Users/aravindaart/Documents/Reference/exp-tracker/node_modules/@unrs/resolver-binding-linux-x64-musl
59 silly reify mark deleted [
59 silly reify   '/Users/aravindaart/Documents/Reference/exp-tracker/node_modules/@unrs/resolver-binding-linux-x64-musl'
59 silly reify ]
60 verbose reify failed optional dependency /Users/aravindaart/Documents/Reference/exp-tracker/node_modules/@unrs/resolver-binding-linux-x64-gnu
61 silly reify mark deleted [
61 silly reify   '/Users/aravindaart/Documents/Reference/exp-tracker/node_modules/@unrs/resolver-binding-linux-x64-gnu'
61 silly reify ]
62 verbose reify failed optional dependency /Users/aravindaart/Documents/Reference/exp-tracker/node_modules/@unrs/resolver-binding-linux-s390x-gnu
63 silly reify mark deleted [
63 silly reify   '/Users/aravindaart/Documents/Reference/exp-tracker/node_modules/@unrs/resolver-binding-linux-s390x-gnu'
63 silly reify ]
64 verbose reify failed optional dependency /Users/aravindaart/Documents/Reference/exp-tracker/node_modules/@unrs/resolver-binding-linux-riscv64-musl
65 silly reify mark deleted [
65 silly reify   '/Users/aravindaart/Documents/Reference/exp-tracker/node_modules/@unrs/resolver-binding-linux-riscv64-musl'
65 silly reify ]
66 verbose reify failed optional dependency /Users/aravindaart/Documents/Reference/exp-tracker/node_modules/@unrs/resolver-binding-linux-riscv64-gnu
67 silly reify mark deleted [
67 silly reify   '/Users/aravindaart/Documents/Reference/exp-tracker/node_modules/@unrs/resolver-binding-linux-riscv64-gnu'
67 silly reify ]
68 verbose reify failed optional dependency /Users/aravindaart/Documents/Reference/exp-tracker/node_modules/@unrs/resolver-binding-linux-ppc64-gnu
69 silly reify mark deleted [
69 silly reify   '/Users/aravindaart/Documents/Reference/exp-tracker/node_modules/@unrs/resolver-binding-linux-ppc64-gnu'
69 silly reify ]
70 verbose reify failed optional dependency /Users/aravindaart/Documents/Reference/exp-tracker/node_modules/@unrs/resolver-binding-linux-arm64-musl
71 silly reify mark deleted [
71 silly reify   '/Users/aravindaart/Documents/Reference/exp-tracker/node_modules/@unrs/resolver-binding-linux-arm64-musl'
71 silly reify ]
72 verbose reify failed optional dependency /Users/aravindaart/Documents/Reference/exp-tracker/node_modules/@unrs/resolver-binding-linux-arm64-gnu
73 silly reify mark deleted [
73 silly reify   '/Users/aravindaart/Documents/Reference/exp-tracker/node_modules/@unrs/resolver-binding-linux-arm64-gnu'
73 silly reify ]
74 verbose reify failed optional dependency /Users/aravindaart/Documents/Reference/exp-tracker/node_modules/@unrs/resolver-binding-linux-arm-musleabihf
75 silly reify mark deleted [
75 silly reify   '/Users/aravindaart/Documents/Reference/exp-tracker/node_modules/@unrs/resolver-binding-linux-arm-musleabihf'
75 silly reify ]
76 verbose reify failed optional dependency /Users/aravindaart/Documents/Reference/exp-tracker/node_modules/@unrs/resolver-binding-linux-arm-gnueabihf
77 silly reify mark deleted [
77 silly reify   '/Users/aravindaart/Documents/Reference/exp-tracker/node_modules/@unrs/resolver-binding-linux-arm-gnueabihf'
77 silly reify ]
78 verbose reify failed optional dependency /Users/aravindaart/Documents/Reference/exp-tracker/node_modules/@unrs/resolver-binding-freebsd-x64
79 silly reify mark deleted [
79 silly reify   '/Users/aravindaart/Documents/Reference/exp-tracker/node_modules/@unrs/resolver-binding-freebsd-x64'
79 silly reify ]
80 verbose reify failed optional dependency /Users/aravindaart/Documents/Reference/exp-tracker/node_modules/@unrs/resolver-binding-darwin-arm64
81 silly reify mark deleted [
81 silly reify   '/Users/aravindaart/Documents/Reference/exp-tracker/node_modules/@unrs/resolver-binding-darwin-arm64'
81 silly reify ]
82 verbose reify failed optional dependency /Users/aravindaart/Documents/Reference/exp-tracker/node_modules/@unrs/resolver-binding-android-arm64
83 silly reify mark deleted [
83 silly reify   '/Users/aravindaart/Documents/Reference/exp-tracker/node_modules/@unrs/resolver-binding-android-arm64'
83 silly reify ]
84 verbose reify failed optional dependency /Users/aravindaart/Documents/Reference/exp-tracker/node_modules/@unrs/resolver-binding-android-arm-eabi
85 silly reify mark deleted [
85 silly reify   '/Users/aravindaart/Documents/Reference/exp-tracker/node_modules/@unrs/resolver-binding-android-arm-eabi'
85 silly reify ]
86 verbose reify failed optional dependency /Users/aravindaart/Documents/Reference/exp-tracker/node_modules/@next/swc-win32-x64-msvc
87 silly reify mark deleted [
87 silly reify   '/Users/aravindaart/Documents/Reference/exp-tracker/node_modules/@next/swc-win32-x64-msvc'
87 silly reify ]
88 verbose reify failed optional dependency /Users/aravindaart/Documents/Reference/exp-tracker/node_modules/@next/swc-win32-ia32-msvc
89 silly reify mark deleted [
89 silly reify   '/Users/aravindaart/Documents/Reference/exp-tracker/node_modules/@next/swc-win32-ia32-msvc'
89 silly reify ]
90 verbose reify failed optional dependency /Users/aravindaart/Documents/Reference/exp-tracker/node_modules/@next/swc-win32-arm64-msvc
91 silly reify mark deleted [
91 silly reify   '/Users/aravindaart/Documents/Reference/exp-tracker/node_modules/@next/swc-win32-arm64-msvc'
91 silly reify ]
92 verbose reify failed optional dependency /Users/aravindaart/Documents/Reference/exp-tracker/node_modules/@next/swc-linux-x64-musl
93 silly reify mark deleted [
93 silly reify   '/Users/aravindaart/Documents/Reference/exp-tracker/node_modules/@next/swc-linux-x64-musl'
93 silly reify ]
94 verbose reify failed optional dependency /Users/aravindaart/Documents/Reference/exp-tracker/node_modules/@next/swc-linux-x64-gnu
95 silly reify mark deleted [
95 silly reify   '/Users/aravindaart/Documents/Reference/exp-tracker/node_modules/@next/swc-linux-x64-gnu'
95 silly reify ]
96 verbose reify failed optional dependency /Users/aravindaart/Documents/Reference/exp-tracker/node_modules/@next/swc-linux-arm64-musl
97 silly reify mark deleted [
97 silly reify   '/Users/aravindaart/Documents/Reference/exp-tracker/node_modules/@next/swc-linux-arm64-musl'
97 silly reify ]
98 verbose reify failed optional dependency /Users/aravindaart/Documents/Reference/exp-tracker/node_modules/@next/swc-linux-arm64-gnu
99 silly reify mark deleted [
99 silly reify   '/Users/aravindaart/Documents/Reference/exp-tracker/node_modules/@next/swc-linux-arm64-gnu'
99 silly reify ]
100 verbose reify failed optional dependency /Users/aravindaart/Documents/Reference/exp-tracker/node_modules/@next/swc-darwin-arm64
101 silly reify mark deleted [
101 silly reify   '/Users/aravindaart/Documents/Reference/exp-tracker/node_modules/@next/swc-darwin-arm64'
101 silly reify ]
102 http cache @tybys/wasm-util@https://registry.npmjs.org/@tybys/wasm-util/-/wasm-util-0.10.1.tgz 0ms (cache hit)
103 http cache class-variance-authority@https://registry.npmjs.org/class-variance-authority/-/class-variance-authority-0.7.1.tgz 0ms (cache hit)
104 http cache @napi-rs/wasm-runtime@https://registry.npmjs.org/@napi-rs/wasm-runtime/-/wasm-runtime-0.2.12.tgz 0ms (cache hit)
105 http cache tailwind-merge@https://registry.npmjs.org/tailwind-merge/-/tailwind-merge-3.5.0.tgz 0ms (cache hit)
106 http cache @emnapi/wasi-threads@https://registry.npmjs.org/@emnapi/wasi-threads/-/wasi-threads-1.2.1.tgz 0ms (cache hit)
107 http cache @emnapi/core@https://registry.npmjs.org/@emnapi/core/-/core-1.10.0.tgz 0ms (cache hit)
108 http cache lucide-react@https://registry.npmjs.org/lucide-react/-/lucide-react-1.8.0.tgz 0ms (cache hit)
109 http cache @emnapi/runtime@https://registry.npmjs.org/@emnapi/runtime/-/runtime-1.10.0.tgz 0ms (cache hit)
110 silly tarball no local data for class-variance-authority@https://registry.npmjs.org/class-variance-authority/-/class-variance-authority-0.7.1.tgz. Extracting by manifest.
111 silly tarball no local data for tailwind-merge@https://registry.npmjs.org/tailwind-merge/-/tailwind-merge-3.5.0.tgz. Extracting by manifest.
112 silly tarball no local data for lucide-react@https://registry.npmjs.org/lucide-react/-/lucide-react-1.8.0.tgz. Extracting by manifest.
113 http fetch POST 200 https://registry.npmjs.org/-/npm/v1/security/advisories/bulk 245ms
114 silly audit report {
114 silly audit report   glob: [
114 silly audit report     {
114 silly audit report       id: 1109842,
114 silly audit report       url: 'https://github.com/advisories/GHSA-5j98-mcp5-4vw2',
114 silly audit report       title: 'glob CLI: Command injection via -c/--cmd executes matches with shell:true',
114 silly audit report       severity: 'high',
114 silly audit report       vulnerable_versions: '>=10.2.0 <10.5.0',
114 silly audit report       cwe: [Array],
114 silly audit report       cvss: [Object]
114 silly audit report     }
114 silly audit report   ],
114 silly audit report   next: [
114 silly audit report     {
114 silly audit report       id: 1112593,
114 silly audit report       url: 'https://github.com/advisories/GHSA-9g9p-9gw9-jx7f',
114 silly audit report       title: 'Next.js self-hosted applications vulnerable to DoS via Image Optimizer remotePatterns configuration',
114 silly audit report       severity: 'moderate',
114 silly audit report       vulnerable_versions: '>=10.0.0 <15.5.10',
114 silly audit report       cwe: [Array],
114 silly audit report       cvss: [Object]
114 silly audit report     },
114 silly audit report     {
114 silly audit report       id: 1112653,
114 silly audit report       url: 'https://github.com/advisories/GHSA-h25m-26qc-wcjf',
114 silly audit report       title: 'Next.js HTTP request deserialization can lead to DoS when using insecure React Server Components',
114 silly audit report       severity: 'high',
114 silly audit report       vulnerable_versions: '>=13.0.0 <15.0.8',
114 silly audit report       cwe: [Array],
114 silly audit report       cvss: [Object]
114 silly audit report     },
114 silly audit report     {
114 silly audit report       id: 1114897,
114 silly audit report       url: 'https://github.com/advisories/GHSA-ggv3-7p47-pfv8',
114 silly audit report       title: 'Next.js: HTTP request smuggling in rewrites',
114 silly audit report       severity: 'moderate',
114 silly audit report       vulnerable_versions: '>=9.5.0 <15.5.13',
114 silly audit report       cwe: [Array],
114 silly audit report       cvss: [Object]
114 silly audit report     },
114 silly audit report     {
114 silly audit report       id: 1114940,
114 silly audit report       url: 'https://github.com/advisories/GHSA-3x4c-7xq6-9pq8',
114 silly audit report       title: 'Next.js: Unbounded next/image disk cache growth can exhaust storage',
114 silly audit report       severity: 'moderate',
114 silly audit report       vulnerable_versions: '>=10.0.0 <15.5.14',
114 silly audit report       cwe: [Array],
114 silly audit report       cvss: [Object]
114 silly audit report     },
114 silly audit report     {
114 silly audit report       id: 1116376,
114 silly audit report       url: 'https://github.com/advisories/GHSA-q4gf-8mx6-v5v3',
114 silly audit report       title: 'Next.js has a Denial of Service with Server Components',
114 silly audit report       severity: 'high',
114 silly audit report       vulnerable_versions: '>=13.0.0 <15.5.15',
114 silly audit report       cwe: [Array],
114 silly audit report       cvss: [Object]
114 silly audit report     }
114 silly audit report   ]
114 silly audit report }
115 silly packumentCache corgi:https://registry.npmjs.org/glob cache-miss
116 silly packumentCache corgi:https://registry.npmjs.org/next cache-miss
117 http fetch GET 200 https://registry.npmjs.org/class-variance-authority/-/class-variance-authority-0.7.1.tgz 241ms (cache miss)
118 http cache https://registry.npmjs.org/glob 55ms (cache hit)
119 silly packumentCache corgi:https://registry.npmjs.org/glob set size:199194 disposed:false
120 http cache https://registry.npmjs.org/next 156ms (cache hit)
121 silly packumentCache corgi:https://registry.npmjs.org/next set size:24754089 disposed:false
122 silly packumentCache corgi:https://registry.npmjs.org/@next%2feslint-plugin-next cache-miss
123 http cache https://registry.npmjs.org/@next%2feslint-plugin-next 48ms (cache hit)
124 silly packumentCache corgi:https://registry.npmjs.org/@next%2feslint-plugin-next set size:3196896 disposed:false
125 silly packumentCache corgi:https://registry.npmjs.org/eslint-config-next cache-miss
126 http cache https://registry.npmjs.org/eslint-config-next 30ms (cache hit)
127 silly packumentCache corgi:https://registry.npmjs.org/eslint-config-next set size:3843801 disposed:false
128 http fetch GET 200 https://registry.npmjs.org/tailwind-merge/-/tailwind-merge-3.5.0.tgz 1827ms (cache miss)
129 http fetch GET 200 https://registry.npmjs.org/lucide-react/-/lucide-react-1.8.0.tgz 3943ms (cache miss)
130 silly ADD node_modules/tailwind-merge
131 silly ADD node_modules/lucide-react
132 silly ADD node_modules/class-variance-authority
133 silly ADD
134 silly ADD
135 silly ADD
136 silly ADD
137 silly ADD
138 silly ADD
139 silly ADD
140 silly ADD
141 silly ADD
142 silly ADD
143 silly ADD
144 silly ADD
145 silly ADD
146 silly ADD
147 silly ADD
148 silly ADD
149 silly ADD
150 silly ADD
151 silly ADD
152 silly ADD
153 silly ADD
154 silly ADD
155 silly ADD
156 silly ADD
157 silly ADD
158 silly ADD
159 silly ADD
160 silly ADD
161 silly ADD
162 silly ADD
163 silly ADD
164 verbose cwd /Users/aravindaart/Documents/Reference/exp-tracker
165 verbose os Darwin 24.6.0
166 verbose node v22.14.0
167 verbose npm  v10.9.2
168 verbose exit 0
169 info ok
