0 verbose cli /usr/local/bin/node /usr/local/bin/npm
1 info using npm@10.9.2
2 info using node@v22.14.0
3 silly config load:file:/usr/local/lib/node_modules/npm/npmrc
4 silly config load:file:/Users/aravindaart/Documents/Reference/exp-tracker/.npmrc
5 silly config load:file:/Users/aravindaart/.npmrc
6 silly config load:file:/usr/local/etc/npmrc
7 verbose title npm install @types/papaparse
8 verbose argv "install" "--save-dev" "@types/papaparse"
9 verbose logfile logs-max:10 dir:/Users/aravindaart/Documents/Reference/exp-tracker/.npm-cache/_logs/2026-04-16T15_47_59_414Z-
10 verbose logfile /Users/aravindaart/Documents/Reference/exp-tracker/.npm-cache/_logs/2026-04-16T15_47_59_414Z-debug-0.log
11 silly logfile done cleaning log files
12 silly packumentCache heap:2197815296 maxSize:549453824 maxEntrySize:274726912
13 silly idealTree buildDeps
14 silly fetch manifest @types/papaparse@*
15 silly packumentCache full:https://registry.npmjs.org/@types%2fpapaparse cache-miss
16 http fetch GET 200 https://registry.npmjs.org/@types%2fpapaparse 582ms (cache miss)
17 silly packumentCache full:https://registry.npmjs.org/@types%2fpapaparse set size:undefined disposed:false
18 silly placeDep ROOT @types/papaparse@5.5.2 OK for: exp-tracker-scaffold@0.1.0 want: *
19 silly reify moves {}
20 silly audit bulk request {
20 silly audit   '@alloc/quick-lru': [ '5.2.0' ],
20 silly audit   '@emnapi/core': [ '1.10.0' ],
20 silly audit   '@emnapi/runtime': [ '1.10.0' ],
20 silly audit   '@emnapi/wasi-threads': [ '1.2.1' ],
20 silly audit   '@eslint-community/eslint-utils': [ '4.9.1' ],
20 silly audit   '@eslint-community/regexpp': [ '4.12.2' ],
20 silly audit   '@eslint/eslintrc': [ '2.1.4' ],
20 silly audit   '@eslint/js': [ '8.57.1' ],
20 silly audit   '@hookform/resolvers': [ '5.2.2' ],
20 silly audit   '@humanwhocodes/config-array': [ '0.13.0' ],
20 silly audit   '@humanwhocodes/module-importer': [ '1.0.1' ],
20 silly audit   '@humanwhocodes/object-schema': [ '2.0.3' ],
20 silly audit   '@isaacs/cliui': [ '8.0.2' ],
20 silly audit   'ansi-regex': [ '6.2.2', '5.0.1' ],
20 silly audit   'strip-ansi': [ '7.2.0', '6.0.1' ],
20 silly audit   '@jridgewell/gen-mapping': [ '0.3.13' ],
20 silly audit   '@jridgewell/resolve-uri': [ '3.1.2' ],
20 silly audit   '@jridgewell/sourcemap-codec': [ '1.5.5' ],
20 silly audit   '@jridgewell/trace-mapping': [ '0.3.31' ],
20 silly audit   '@napi-rs/wasm-runtime': [ '0.2.12' ],
20 silly audit   '@next/env': [ '14.2.35' ],
20 silly audit   '@next/eslint-plugin-next': [ '14.2.35' ],
20 silly audit   '@next/swc-darwin-arm64': [ '14.2.33' ],
20 silly audit   '@next/swc-darwin-x64': [ '14.2.33' ],
20 silly audit   '@next/swc-linux-arm64-gnu': [ '14.2.33' ],
20 silly audit   '@next/swc-linux-arm64-musl': [ '14.2.33' ],
20 silly audit   '@next/swc-linux-x64-gnu': [ '14.2.33' ],
20 silly audit   '@next/swc-linux-x64-musl': [ '14.2.33' ],
20 silly audit   '@next/swc-win32-arm64-msvc': [ '14.2.33' ],
20 silly audit   '@next/swc-win32-ia32-msvc': [ '14.2.33' ],
20 silly audit   '@next/swc-win32-x64-msvc': [ '14.2.33' ],
20 silly audit   '@nodelib/fs.scandir': [ '2.1.5' ],
20 silly audit   '@nodelib/fs.stat': [ '2.0.5' ],
20 silly audit   '@nodelib/fs.walk': [ '1.2.8' ],
20 silly audit   '@nolyfill/is-core-module': [ '1.0.39' ],
20 silly audit   '@pkgjs/parseargs': [ '0.11.0' ],
20 silly audit   '@reduxjs/toolkit': [ '2.11.2' ],
20 silly audit   immer: [ '11.1.4', '10.2.0' ],
20 silly audit   '@rtsao/scc': [ '1.1.0' ],
20 silly audit   '@rushstack/eslint-patch': [ '1.16.1' ],
20 silly audit   '@standard-schema/spec': [ '1.1.0' ],
20 silly audit   '@standard-schema/utils': [ '0.3.0' ],
20 silly audit   '@supabase/auth-js': [ '2.103.3' ],
20 silly audit   '@supabase/functions-js': [ '2.103.3' ],
20 silly audit   '@supabase/phoenix': [ '0.4.0' ],
20 silly audit   '@supabase/postgrest-js': [ '2.103.3' ],
20 silly audit   '@supabase/realtime-js': [ '2.103.3' ],
20 silly audit   '@supabase/ssr': [ '0.10.2' ],
20 silly audit   '@supabase/storage-js': [ '2.103.3' ],
20 silly audit   '@supabase/supabase-js': [ '2.103.3' ],
20 silly audit   '@swc/counter': [ '0.1.3' ],
20 silly audit   '@swc/helpers': [ '0.5.5' ],
20 silly audit   '@tybys/wasm-util': [ '0.10.1' ],
20 silly audit   '@types/d3-array': [ '3.2.2' ],
20 silly audit   '@types/d3-color': [ '3.1.3' ],
20 silly audit   '@types/d3-ease': [ '3.0.2' ],
20 silly audit   '@types/d3-interpolate': [ '3.0.4' ],
20 silly audit   '@types/d3-path': [ '3.1.1' ],
20 silly audit   '@types/d3-scale': [ '4.0.9' ],
20 silly audit   '@types/d3-shape': [ '3.1.8' ],
20 silly audit   '@types/d3-time': [ '3.0.4' ],
20 silly audit   '@types/d3-timer': [ '3.0.2' ],
20 silly audit   '@types/json5': [ '0.0.29' ],
20 silly audit   '@types/node': [ '20.19.39' ],
20 silly audit   '@types/prop-types': [ '15.7.15' ],
20 silly audit   '@types/react': [ '18.3.28' ],
20 silly audit   '@types/react-dom': [ '18.3.7' ],
20 silly audit   '@types/use-sync-external-store': [ '0.0.6' ],
20 silly audit   '@types/ws': [ '8.18.1' ],
20 silly audit   '@typescript-eslint/eslint-plugin': [ '8.58.2' ],
20 silly audit   ignore: [ '7.0.5', '5.3.2' ],
20 silly audit   '@typescript-eslint/parser': [ '8.58.2' ],
20 silly audit   '@typescript-eslint/project-service': [ '8.58.2' ],
20 silly audit   '@typescript-eslint/scope-manager': [ '8.58.2' ],
20 silly audit   '@typescript-eslint/tsconfig-utils': [ '8.58.2' ],
20 silly audit   '@typescript-eslint/type-utils': [ '8.58.2' ],
20 silly audit   '@typescript-eslint/types': [ '8.58.2' ],
20 silly audit   '@typescript-eslint/typescript-estree': [ '8.58.2' ],
20 silly audit   'balanced-match': [ '4.0.4', '1.0.2' ],
20 silly audit   'brace-expansion': [ '5.0.5', '1.1.14', '2.1.0' ],
20 silly audit   minimatch: [ '10.2.5', '9.0.9', '3.1.5' ],
20 silly audit   '@typescript-eslint/utils': [ '8.58.2' ],
20 silly audit   '@typescript-eslint/visitor-keys': [ '8.58.2' ],
20 silly audit   'eslint-visitor-keys': [ '5.0.1', '3.4.3' ],
20 silly audit   '@ungap/structured-clone': [ '1.3.0' ],
20 silly audit   '@unrs/resolver-binding-android-arm-eabi': [ '1.11.1' ],
20 silly audit   '@unrs/resolver-binding-android-arm64': [ '1.11.1' ],
20 silly audit   '@unrs/resolver-binding-darwin-arm64': [ '1.11.1' ],
20 silly audit   '@unrs/resolver-binding-darwin-x64': [ '1.11.1' ],
20 silly audit   '@unrs/resolver-binding-freebsd-x64': [ '1.11.1' ],
20 silly audit   '@unrs/resolver-binding-linux-arm-gnueabihf': [ '1.11.1' ],
20 silly audit   '@unrs/resolver-binding-linux-arm-musleabihf': [ '1.11.1' ],
20 silly audit   '@unrs/resolver-binding-linux-arm64-gnu': [ '1.11.1' ],
20 silly audit   '@unrs/resolver-binding-linux-arm64-musl': [ '1.11.1' ],
20 silly audit   '@unrs/resolver-binding-linux-ppc64-gnu': [ '1.11.1' ],
20 silly audit   '@unrs/resolver-binding-linux-riscv64-gnu': [ '1.11.1' ],
20 silly audit   '@unrs/resolver-binding-linux-riscv64-musl': [ '1.11.1' ],
20 silly audit   '@unrs/resolver-binding-linux-s390x-gnu': [ '1.11.1' ],
20 silly audit   '@unrs/resolver-binding-linux-x64-gnu': [ '1.11.1' ],
20 silly audit   '@unrs/resolver-binding-linux-x64-musl': [ '1.11.1' ],
20 silly audit   '@unrs/resolver-binding-wasm32-wasi': [ '1.11.1' ],
20 silly audit   '@unrs/resolver-binding-win32-arm64-msvc': [ '1.11.1' ],
20 silly audit   '@unrs/resolver-binding-win32-ia32-msvc': [ '1.11.1' ],
20 silly audit   '@unrs/resolver-binding-win32-x64-msvc': [ '1.11.1' ],
20 silly audit   acorn: [ '8.16.0' ],
20 silly audit   'acorn-jsx': [ '5.3.2' ],
20 silly audit   ajv: [ '6.14.0' ],
20 silly audit   'ansi-styles': [ '4.3.0', '6.2.3' ],
20 silly audit   'any-promise': [ '1.3.0' ],
20 silly audit   anymatch: [ '3.1.3' ],
20 silly audit   arg: [ '5.0.2' ],
20 silly audit   argparse: [ '2.0.1' ],
20 silly audit   'aria-query': [ '5.3.2' ],
20 silly audit   'array-buffer-byte-length': [ '1.0.2' ],
20 silly audit   'array-includes': [ '3.1.9' ],
20 silly audit   'array.prototype.findlast': [ '1.2.5' ],
20 silly audit   'array.prototype.findlastindex': [ '1.2.6' ],
20 silly audit   'array.prototype.flat': [ '1.3.3' ],
20 silly audit   'array.prototype.flatmap': [ '1.3.3' ],
20 silly audit   'array.prototype.tosorted': [ '1.1.4' ],
20 silly audit   'arraybuffer.prototype.slice': [ '1.0.4' ],
20 silly audit   'ast-types-flow': [ '0.0.8' ],
20 silly audit   'async-function': [ '1.0.0' ],
20 silly audit   'available-typed-arrays': [ '1.0.7' ],
20 silly audit   'axe-core': [ '4.11.3' ],
20 silly audit   'axobject-query': [ '4.1.0' ],
20 silly audit   'binary-extensions': [ '2.3.0' ],
20 silly audit   braces: [ '3.0.3' ],
20 silly audit   busboy: [ '1.6.0' ],
20 silly audit   'call-bind': [ '1.0.9' ],
20 silly audit   'call-bind-apply-helpers': [ '1.0.2' ],
20 silly audit   'call-bound': [ '1.0.4' ],
20 silly audit   callsites: [ '3.1.0' ],
20 silly audit   'camelcase-css': [ '2.0.1' ],
20 silly audit   'caniuse-lite': [ '1.0.30001788' ],
20 silly audit   chalk: [ '4.1.2' ],
20 silly audit   chokidar: [ '3.6.0' ],
20 silly audit   'glob-parent': [ '5.1.2', '6.0.2' ],
20 silly audit   'class-variance-authority': [ '0.7.1' ],
20 silly audit   'client-only': [ '0.0.1' ],
20 silly audit   clsx: [ '2.1.1' ],
20 silly audit   'color-convert': [ '2.0.1' ],
20 silly audit   'color-name': [ '1.1.4' ],
20 silly audit   commander: [ '4.1.1' ],
20 silly audit   'concat-map': [ '0.0.1' ],
20 silly audit   cookie: [ '1.1.1' ],
20 silly audit   'cross-spawn': [ '7.0.6' ],
20 silly audit   cssesc: [ '3.0.0' ],
20 silly audit   csstype: [ '3.2.3' ],
20 silly audit   'd3-array': [ '3.2.4' ],
20 silly audit   'd3-color': [ '3.1.0' ],
20 silly audit   'd3-ease': [ '3.0.1' ],
20 silly audit   'd3-format': [ '3.1.2' ],
20 silly audit   'd3-interpolate': [ '3.0.1' ],
20 silly audit   'd3-path': [ '3.1.0' ],
20 silly audit   'd3-scale': [ '4.0.2' ],
20 silly audit   'd3-shape': [ '3.2.0' ],
20 silly audit   'd3-time': [ '3.1.0' ],
20 silly audit   'd3-time-format': [ '4.1.0' ],
20 silly audit   'd3-timer': [ '3.0.1' ],
20 silly audit   'damerau-levenshtein': [ '1.0.8' ],
20 silly audit   'data-view-buffer': [ '1.0.2' ],
20 silly audit   'data-view-byte-length': [ '1.0.2' ],
20 silly audit   'data-view-byte-offset': [ '1.0.1' ],
20 silly audit   'date-fns': [ '4.1.0' ],
20 silly audit   debug: [ '4.4.3', '3.2.7' ],
20 silly audit   'decimal.js-light': [ '2.5.1' ],
20 silly audit   'deep-is': [ '0.1.4' ],
20 silly audit   'define-data-property': [ '1.1.4' ],
20 silly audit   'define-properties': [ '1.2.1' ],
20 silly audit   didyoumean: [ '1.2.2' ],
20 silly audit   dlv: [ '1.1.3' ],
20 silly audit   doctrine: [ '3.0.0', '2.1.0' ],
20 silly audit   'dunder-proto': [ '1.0.1' ],
20 silly audit   eastasianwidth: [ '0.2.0' ],
20 silly audit   'emoji-regex': [ '9.2.2', '8.0.0' ],
20 silly audit   'es-abstract': [ '1.24.2' ],
20 silly audit   'es-define-property': [ '1.0.1' ],
20 silly audit   'es-errors': [ '1.3.0' ],
20 silly audit   'es-iterator-helpers': [ '1.3.2' ],
20 silly audit   'es-object-atoms': [ '1.1.1' ],
20 silly audit   'es-set-tostringtag': [ '2.1.0' ],
20 silly audit   'es-shim-unscopables': [ '1.1.0' ],
20 silly audit   'es-to-primitive': [ '1.3.0' ],
20 silly audit   'es-toolkit': [ '1.45.1' ],
20 silly audit   'escape-string-regexp': [ '4.0.0' ],
20 silly audit   eslint: [ '8.57.1' ],
20 silly audit   'eslint-config-next': [ '14.2.35' ],
20 silly audit   'eslint-import-resolver-node': [ '0.3.10' ],
20 silly audit   'eslint-import-resolver-typescript': [ '3.10.1' ],
20 silly audit   'eslint-module-utils': [ '2.12.1' ],
20 silly audit   'eslint-plugin-import': [ '2.32.0' ],
20 silly audit   semver: [ '6.3.1', '7.7.4' ],
20 silly audit   'eslint-plugin-jsx-a11y': [ '6.10.2' ],
20 silly audit   'eslint-plugin-react': [ '7.37.5' ],
20 silly audit   'eslint-plugin-react-hooks': [ '5.0.0-canary-7118f5dd7-20230705' ],
20 silly audit   'eslint-scope': [ '7.2.2' ],
20 silly audit   espree: [ '9.6.1' ],
20 silly audit   esquery: [ '1.7.0' ],
20 silly audit   esrecurse: [ '4.3.0' ],
20 silly audit   estraverse: [ '5.3.0' ],
20 silly audit   esutils: [ '2.0.3' ],
20 silly audit   eventemitter3: [ '5.0.4' ],
20 silly audit   'fast-deep-equal': [ '3.1.3' ],
20 silly audit   'fast-glob': [ '3.3.3' ],
20 silly audit   'fast-json-stable-stringify': [ '2.1.0' ],
20 silly audit   'fast-levenshtein': [ '2.0.6' ],
20 silly audit   fastq: [ '1.20.1' ],
20 silly audit   'file-entry-cache': [ '6.0.1' ],
20 silly audit   'fill-range': [ '7.1.1' ],
20 silly audit   'find-up': [ '5.0.0' ],
20 silly audit   'flat-cache': [ '3.2.0' ],
20 silly audit   flatted: [ '3.4.2' ],
20 silly audit   'for-each': [ '0.3.5' ],
20 silly audit   'foreground-child': [ '3.3.1' ],
20 silly audit   'fs.realpath': [ '1.0.0' ],
20 silly audit   fsevents: [ '2.3.3' ],
20 silly audit   'function-bind': [ '1.1.2' ],
20 silly audit   'function.prototype.name': [ '1.1.8' ],
20 silly audit   'functions-have-names': [ '1.2.3' ],
20 silly audit   'generator-function': [ '2.0.1' ],
20 silly audit   'get-intrinsic': [ '1.3.0' ],
20 silly audit   'get-proto': [ '1.0.1' ],
20 silly audit   'get-symbol-description': [ '1.1.0' ],
20 silly audit   'get-tsconfig': [ '4.14.0' ],
20 silly audit   glob: [ '10.3.10', '7.2.3' ],
20 silly audit   globals: [ '13.24.0' ],
20 silly audit   globalthis: [ '1.0.4' ],
20 silly audit   gopd: [ '1.2.0' ],
20 silly audit   'graceful-fs': [ '4.2.11' ],
20 silly audit   graphemer: [ '1.4.0' ],
20 silly audit   'has-bigints': [ '1.1.0' ],
20 silly audit   'has-flag': [ '4.0.0' ],
20 silly audit   'has-property-descriptors': [ '1.0.2' ],
20 silly audit   'has-proto': [ '1.2.0' ],
20 silly audit   'has-symbols': [ '1.1.0' ],
20 silly audit   'has-tostringtag': [ '1.0.2' ],
20 silly audit   hasown: [ '2.0.2' ],
20 silly audit   'iceberg-js': [ '0.8.1' ],
20 silly audit   'import-fresh': [ '3.3.1' ],
20 silly audit   imurmurhash: [ '0.1.4' ],
20 silly audit   inflight: [ '1.0.6' ],
20 silly audit   inherits: [ '2.0.4' ],
20 silly audit   'internal-slot': [ '1.1.0' ],
20 silly audit   internmap: [ '2.0.3' ],
20 silly audit   'is-array-buffer': [ '3.0.5' ],
20 silly audit   'is-async-function': [ '2.1.1' ],
20 silly audit   'is-bigint': [ '1.1.0' ],
20 silly audit   'is-binary-path': [ '2.1.0' ],
20 silly audit   'is-boolean-object': [ '1.2.2' ],
20 silly audit   'is-bun-module': [ '2.0.0' ],
20 silly audit   'is-callable': [ '1.2.7' ],
20 silly audit   'is-core-module': [ '2.16.1' ],
20 silly audit   'is-data-view': [ '1.0.2' ],
20 silly audit   'is-date-object': [ '1.1.0' ],
20 silly audit   'is-extglob': [ '2.1.1' ],
20 silly audit   'is-finalizationregistry': [ '1.1.1' ],
20 silly audit   'is-fullwidth-code-point': [ '3.0.0' ],
20 silly audit   'is-generator-function': [ '1.1.2' ],
20 silly audit   'is-glob': [ '4.0.3' ],
20 silly audit   'is-map': [ '2.0.3' ],
20 silly audit   'is-negative-zero': [ '2.0.3' ],
20 silly audit   'is-number': [ '7.0.0' ],
20 silly audit   'is-number-object': [ '1.1.1' ],
20 silly audit   'is-path-inside': [ '3.0.3' ],
20 silly audit   'is-regex': [ '1.2.1' ],
20 silly audit   'is-set': [ '2.0.3' ],
20 silly audit   'is-shared-array-buffer': [ '1.0.4' ],
20 silly audit   'is-string': [ '1.1.1' ],
20 silly audit   'is-symbol': [ '1.1.1' ],
20 silly audit   'is-typed-array': [ '1.1.15' ],
20 silly audit   'is-weakmap': [ '2.0.2' ],
20 silly audit   'is-weakref': [ '1.1.1' ],
20 silly audit   'is-weakset': [ '2.0.4' ],
20 silly audit   isarray: [ '2.0.5' ],
20 silly audit   isexe: [ '2.0.0' ],
20 silly audit   'iterator.prototype': [ '1.1.5' ],
20 silly audit   jackspeak: [ '2.3.6' ],
20 silly audit   jiti: [ '1.21.7' ],
20 silly audit   'js-tokens': [ '4.0.0' ],
20 silly audit   'js-yaml': [ '4.1.1' ],
20 silly audit   'json-buffer': [ '3.0.1' ],
20 silly audit   'json-schema-traverse': [ '0.4.1' ],
20 silly audit   'json-stable-stringify-without-jsonify': [ '1.0.1' ],
20 silly audit   json5: [ '1.0.2' ],
20 silly audit   'jsx-ast-utils': [ '3.3.5' ],
20 silly audit   keyv: [ '4.5.4' ],
20 silly audit   'language-subtag-registry': [ '0.3.23' ],
20 silly audit   'language-tags': [ '1.0.9' ],
20 silly audit   levn: [ '0.4.1' ],
20 silly audit   lilconfig: [ '3.1.3' ],
20 silly audit   'lines-and-columns': [ '1.2.4' ],
20 silly audit   'locate-path': [ '6.0.0' ],
20 silly audit   'lodash.merge': [ '4.6.2' ],
20 silly audit   'loose-envify': [ '1.4.0' ],
20 silly audit   'lru-cache': [ '10.4.3' ],
20 silly audit   'lucide-react': [ '1.8.0' ],
20 silly audit   'math-intrinsics': [ '1.1.0' ],
20 silly audit   merge2: [ '1.4.1' ],
20 silly audit   micromatch: [ '4.0.8' ],
20 silly audit   minimist: [ '1.2.8' ],
20 silly audit   minipass: [ '7.1.3' ],
20 silly audit   ms: [ '2.1.3' ],
20 silly audit   mz: [ '2.7.0' ],
20 silly audit   nanoid: [ '3.3.11' ],
20 silly audit   'napi-postinstall': [ '0.3.4' ],
20 silly audit   'natural-compare': [ '1.4.0' ],
20 silly audit   next: [ '14.2.35' ],
20 silly audit   postcss: [ '8.4.31', '8.5.10' ],
20 silly audit   'node-exports-info': [ '1.6.0' ],
20 silly audit   'normalize-path': [ '3.0.0' ],
20 silly audit   'object-assign': [ '4.1.1' ],
20 silly audit   'object-hash': [ '3.0.0' ],
20 silly audit   'object-inspect': [ '1.13.4' ],
20 silly audit   'object-keys': [ '1.1.1' ],
20 silly audit   'object.assign': [ '4.1.7' ],
20 silly audit   'object.entries': [ '1.1.9' ],
20 silly audit   'object.fromentries': [ '2.0.8' ],
20 silly audit   'object.groupby': [ '1.0.3' ],
20 silly audit   'object.values': [ '1.2.1' ],
20 silly audit   once: [ '1.4.0' ],
20 silly audit   optionator: [ '0.9.4' ],
20 silly audit   'own-keys': [ '1.0.1' ],
20 silly audit   'p-limit': [ '3.1.0' ],
20 silly audit   'p-locate': [ '5.0.0' ],
20 silly audit   papaparse: [ '5.5.3' ],
20 silly audit   'parent-module': [ '1.0.1' ],
20 silly audit   'path-exists': [ '4.0.0' ],
20 silly audit   'path-is-absolute': [ '1.0.1' ],
20 silly audit   'path-key': [ '3.1.1' ],
20 silly audit   'path-parse': [ '1.0.7' ],
20 silly audit   'path-scurry': [ '1.11.1' ],
20 silly audit   picocolors: [ '1.1.1' ],
20 silly audit   picomatch: [ '2.3.2', '4.0.4' ],
20 silly audit   pify: [ '2.3.0' ],
20 silly audit   pirates: [ '4.0.7' ],
20 silly audit   'possible-typed-array-names': [ '1.1.0' ],
20 silly audit   'postcss-import': [ '15.1.0' ],
20 silly audit   resolve: [ '1.22.12', '2.0.0-next.6' ],
20 silly audit   'postcss-js': [ '4.1.0' ],
20 silly audit   'postcss-load-config': [ '6.0.1' ],
20 silly audit   'postcss-nested': [ '6.2.0' ],
20 silly audit   'postcss-selector-parser': [ '6.1.2' ],
20 silly audit   'postcss-value-parser': [ '4.2.0' ],
20 silly audit   'prelude-ls': [ '1.2.1' ],
20 silly audit   'prop-types': [ '15.8.1' ],
20 silly audit   punycode: [ '2.3.1' ],
20 silly audit   'queue-microtask': [ '1.2.3' ],
20 silly audit   react: [ '18.3.1' ],
20 silly audit   'react-dom': [ '18.3.1' ],
20 silly audit   'react-hook-form': [ '7.72.1' ],
20 silly audit   'react-is': [ '16.13.1' ],
20 silly audit   'react-redux': [ '9.2.0' ],
20 silly audit   'read-cache': [ '1.0.0' ],
20 silly audit   readdirp: [ '3.6.0' ],
20 silly audit   recharts: [ '3.8.1' ],
20 silly audit   redux: [ '5.0.1' ],
20 silly audit   'redux-thunk': [ '3.1.0' ],
20 silly audit   'reflect.getprototypeof': [ '1.0.10' ],
20 silly audit   'regexp.prototype.flags': [ '1.5.4' ],
20 silly audit   reselect: [ '5.1.1' ],
20 silly audit   'resolve-from': [ '4.0.0' ],
20 silly audit   'resolve-pkg-maps': [ '1.0.0' ],
20 silly audit   reusify: [ '1.1.0' ],
20 silly audit   rimraf: [ '3.0.2' ],
20 silly audit   'run-parallel': [ '1.2.0' ],
20 silly audit   'safe-array-concat': [ '1.1.3' ],
20 silly audit   'safe-push-apply': [ '1.0.0' ],
20 silly audit   'safe-regex-test': [ '1.1.0' ],
20 silly audit   scheduler: [ '0.23.2' ],
20 silly audit   'set-function-length': [ '1.2.2' ],
20 silly audit   'set-function-name': [ '2.0.2' ],
20 silly audit   'set-proto': [ '1.0.0' ],
20 silly audit   'shebang-command': [ '2.0.0' ],
20 silly audit   'shebang-regex': [ '3.0.0' ],
20 silly audit   'side-channel': [ '1.1.0' ],
20 silly audit   'side-channel-list': [ '1.0.1' ],
20 silly audit   'side-channel-map': [ '1.0.1' ],
20 silly audit   'side-channel-weakmap': [ '1.0.2' ],
20 silly audit   'signal-exit': [ '4.1.0' ],
20 silly audit   'source-map-js': [ '1.2.1' ],
20 silly audit   'stable-hash': [ '0.0.5' ],
20 silly audit   'stop-iteration-iterator': [ '1.1.0' ],
20 silly audit   streamsearch: [ '1.1.0' ],
20 silly audit   'string-width': [ '5.1.2', '4.2.3' ],
20 silly audit   'string.prototype.includes': [ '2.0.1' ],
20 silly audit   'string.prototype.matchall': [ '4.0.12' ],
20 silly audit   'string.prototype.repeat': [ '1.0.0' ],
20 silly audit   'string.prototype.trim': [ '1.2.10' ],
20 silly audit   'string.prototype.trimend': [ '1.0.9' ],
20 silly audit   'string.prototype.trimstart': [ '1.0.8' ],
20 silly audit   'strip-bom': [ '3.0.0' ],
20 silly audit   'strip-json-comments': [ '3.1.1' ],
20 silly audit   'styled-jsx': [ '5.1.1' ],
20 silly audit   sucrase: [ '3.35.1' ],
20 silly audit   'supports-color': [ '7.2.0' ],
20 silly audit   'supports-preserve-symlinks-flag': [ '1.0.0' ],
20 silly audit   'tailwind-merge': [ '3.5.0' ],
20 silly audit   tailwindcss: [ '3.4.19' ],
20 silly audit   'text-table': [ '0.2.0' ],
20 silly audit   thenify: [ '3.3.1' ],
20 silly audit   'thenify-all': [ '1.6.0' ],
20 silly audit   'tiny-invariant': [ '1.3.3' ],
20 silly audit   tinyglobby: [ '0.2.16' ],
20 silly audit   fdir: [ '6.5.0' ],
20 silly audit   'to-regex-range': [ '5.0.1' ],
20 silly audit   'ts-api-utils': [ '2.5.0' ],
20 silly audit   'ts-interface-checker': [ '0.1.13' ],
20 silly audit   'tsconfig-paths': [ '3.15.0' ],
20 silly audit   tslib: [ '2.8.1' ],
20 silly audit   'type-check': [ '0.4.0' ],
20 silly audit   'type-fest': [ '0.20.2' ],
20 silly audit   'typed-array-buffer': [ '1.0.3' ],
20 silly audit   'typed-array-byte-length': [ '1.0.3' ],
20 silly audit   'typed-array-byte-offset': [ '1.0.4' ],
20 silly audit   'typed-array-length': [ '1.0.7' ],
20 silly audit   typescript: [ '5.9.3' ],
20 silly audit   'unbox-primitive': [ '1.1.0' ],
20 silly audit   'undici-types': [ '6.21.0' ],
20 silly audit   'unrs-resolver': [ '1.11.1' ],
20 silly audit   'uri-js': [ '4.4.1' ],
20 silly audit   'use-sync-external-store': [ '1.6.0' ],
20 silly audit   'util-deprecate': [ '1.0.2' ],
20 silly audit   'victory-vendor': [ '37.3.6' ],
20 silly audit   which: [ '2.0.2' ],
20 silly audit   'which-boxed-primitive': [ '1.1.1' ],
20 silly audit   'which-builtin-type': [ '1.2.1' ],
20 silly audit   'which-collection': [ '1.0.2' ],
20 silly audit   'which-typed-array': [ '1.1.20' ],
20 silly audit   'word-wrap': [ '1.2.5' ],
20 silly audit   'wrap-ansi': [ '8.1.0', '7.0.0' ],
20 silly audit   wrappy: [ '1.0.2' ],
20 silly audit   ws: [ '8.20.0' ],
20 silly audit   'yocto-queue': [ '0.1.0' ],
20 silly audit   zod: [ '4.3.6' ],
20 silly audit   '@types/papaparse': [ '5.5.2' ]
20 silly audit }
21 verbose reify failed optional dependency /Users/aravindaart/Documents/Reference/exp-tracker/node_modules/@unrs/resolver-binding-win32-x64-msvc
22 silly reify mark deleted [
22 silly reify   '/Users/aravindaart/Documents/Reference/exp-tracker/node_modules/@unrs/resolver-binding-win32-x64-msvc'
22 silly reify ]
23 verbose reify failed optional dependency /Users/aravindaart/Documents/Reference/exp-tracker/node_modules/@unrs/resolver-binding-win32-ia32-msvc
24 silly reify mark deleted [
24 silly reify   '/Users/aravindaart/Documents/Reference/exp-tracker/node_modules/@unrs/resolver-binding-win32-ia32-msvc'
24 silly reify ]
25 verbose reify failed optional dependency /Users/aravindaart/Documents/Reference/exp-tracker/node_modules/@unrs/resolver-binding-win32-arm64-msvc
26 silly reify mark deleted [
26 silly reify   '/Users/aravindaart/Documents/Reference/exp-tracker/node_modules/@unrs/resolver-binding-win32-arm64-msvc'
26 silly reify ]
27 verbose reify failed optional dependency /Users/aravindaart/Documents/Reference/exp-tracker/node_modules/@unrs/resolver-binding-wasm32-wasi
28 silly reify mark deleted [
28 silly reify   '/Users/aravindaart/Documents/Reference/exp-tracker/node_modules/@unrs/resolver-binding-wasm32-wasi'
28 silly reify ]
29 verbose reify failed optional dependency /Users/aravindaart/Documents/Reference/exp-tracker/node_modules/@napi-rs/wasm-runtime
30 silly reify mark deleted [
30 silly reify   '/Users/aravindaart/Documents/Reference/exp-tracker/node_modules/@napi-rs/wasm-runtime'
30 silly reify ]
31 verbose reify failed optional dependency /Users/aravindaart/Documents/Reference/exp-tracker/node_modules/@emnapi/core
32 silly reify mark deleted [
32 silly reify   '/Users/aravindaart/Documents/Reference/exp-tracker/node_modules/@emnapi/core'
32 silly reify ]
33 verbose reify failed optional dependency /Users/aravindaart/Documents/Reference/exp-tracker/node_modules/@emnapi/runtime
34 silly reify mark deleted [
34 silly reify   '/Users/aravindaart/Documents/Reference/exp-tracker/node_modules/@emnapi/runtime'
34 silly reify ]
35 verbose reify failed optional dependency /Users/aravindaart/Documents/Reference/exp-tracker/node_modules/@tybys/wasm-util
36 silly reify mark deleted [
36 silly reify   '/Users/aravindaart/Documents/Reference/exp-tracker/node_modules/@tybys/wasm-util'
36 silly reify ]
37 verbose reify failed optional dependency /Users/aravindaart/Documents/Reference/exp-tracker/node_modules/@emnapi/wasi-threads
38 silly reify mark deleted [
38 silly reify   '/Users/aravindaart/Documents/Reference/exp-tracker/node_modules/@emnapi/wasi-threads'
38 silly reify ]
39 verbose reify failed optional dependency /Users/aravindaart/Documents/Reference/exp-tracker/node_modules/@unrs/resolver-binding-linux-x64-musl
40 silly reify mark deleted [
40 silly reify   '/Users/aravindaart/Documents/Reference/exp-tracker/node_modules/@unrs/resolver-binding-linux-x64-musl'
40 silly reify ]
41 verbose reify failed optional dependency /Users/aravindaart/Documents/Reference/exp-tracker/node_modules/@unrs/resolver-binding-linux-x64-gnu
42 silly reify mark deleted [
42 silly reify   '/Users/aravindaart/Documents/Reference/exp-tracker/node_modules/@unrs/resolver-binding-linux-x64-gnu'
42 silly reify ]
43 verbose reify failed optional dependency /Users/aravindaart/Documents/Reference/exp-tracker/node_modules/@unrs/resolver-binding-linux-s390x-gnu
44 silly reify mark deleted [
44 silly reify   '/Users/aravindaart/Documents/Reference/exp-tracker/node_modules/@unrs/resolver-binding-linux-s390x-gnu'
44 silly reify ]
45 verbose reify failed optional dependency /Users/aravindaart/Documents/Reference/exp-tracker/node_modules/@unrs/resolver-binding-linux-riscv64-musl
46 silly reify mark deleted [
46 silly reify   '/Users/aravindaart/Documents/Reference/exp-tracker/node_modules/@unrs/resolver-binding-linux-riscv64-musl'
46 silly reify ]
47 verbose reify failed optional dependency /Users/aravindaart/Documents/Reference/exp-tracker/node_modules/@unrs/resolver-binding-linux-riscv64-gnu
48 silly reify mark deleted [
48 silly reify   '/Users/aravindaart/Documents/Reference/exp-tracker/node_modules/@unrs/resolver-binding-linux-riscv64-gnu'
48 silly reify ]
49 verbose reify failed optional dependency /Users/aravindaart/Documents/Reference/exp-tracker/node_modules/@unrs/resolver-binding-linux-ppc64-gnu
50 silly reify mark deleted [
50 silly reify   '/Users/aravindaart/Documents/Reference/exp-tracker/node_modules/@unrs/resolver-binding-linux-ppc64-gnu'
50 silly reify ]
51 verbose reify failed optional dependency /Users/aravindaart/Documents/Reference/exp-tracker/node_modules/@unrs/resolver-binding-linux-arm64-musl
52 silly reify mark deleted [
52 silly reify   '/Users/aravindaart/Documents/Reference/exp-tracker/node_modules/@unrs/resolver-binding-linux-arm64-musl'
52 silly reify ]
53 verbose reify failed optional dependency /Users/aravindaart/Documents/Reference/exp-tracker/node_modules/@unrs/resolver-binding-linux-arm64-gnu
54 silly reify mark deleted [
54 silly reify   '/Users/aravindaart/Documents/Reference/exp-tracker/node_modules/@unrs/resolver-binding-linux-arm64-gnu'
54 silly reify ]
55 verbose reify failed optional dependency /Users/aravindaart/Documents/Reference/exp-tracker/node_modules/@unrs/resolver-binding-linux-arm-musleabihf
56 silly reify mark deleted [
56 silly reify   '/Users/aravindaart/Documents/Reference/exp-tracker/node_modules/@unrs/resolver-binding-linux-arm-musleabihf'
56 silly reify ]
57 verbose reify failed optional dependency /Users/aravindaart/Documents/Reference/exp-tracker/node_modules/@unrs/resolver-binding-linux-arm-gnueabihf
58 silly reify mark deleted [
58 silly reify   '/Users/aravindaart/Documents/Reference/exp-tracker/node_modules/@unrs/resolver-binding-linux-arm-gnueabihf'
58 silly reify ]
59 verbose reify failed optional dependency /Users/aravindaart/Documents/Reference/exp-tracker/node_modules/@unrs/resolver-binding-freebsd-x64
60 silly reify mark deleted [
60 silly reify   '/Users/aravindaart/Documents/Reference/exp-tracker/node_modules/@unrs/resolver-binding-freebsd-x64'
60 silly reify ]
61 verbose reify failed optional dependency /Users/aravindaart/Documents/Reference/exp-tracker/node_modules/@unrs/resolver-binding-darwin-arm64
62 silly reify mark deleted [
62 silly reify   '/Users/aravindaart/Documents/Reference/exp-tracker/node_modules/@unrs/resolver-binding-darwin-arm64'
62 silly reify ]
63 verbose reify failed optional dependency /Users/aravindaart/Documents/Reference/exp-tracker/node_modules/@unrs/resolver-binding-android-arm64
64 silly reify mark deleted [
64 silly reify   '/Users/aravindaart/Documents/Reference/exp-tracker/node_modules/@unrs/resolver-binding-android-arm64'
64 silly reify ]
65 verbose reify failed optional dependency /Users/aravindaart/Documents/Reference/exp-tracker/node_modules/@unrs/resolver-binding-android-arm-eabi
66 silly reify mark deleted [
66 silly reify   '/Users/aravindaart/Documents/Reference/exp-tracker/node_modules/@unrs/resolver-binding-android-arm-eabi'
66 silly reify ]
67 verbose reify failed optional dependency /Users/aravindaart/Documents/Reference/exp-tracker/node_modules/@next/swc-win32-x64-msvc
68 silly reify mark deleted [
68 silly reify   '/Users/aravindaart/Documents/Reference/exp-tracker/node_modules/@next/swc-win32-x64-msvc'
68 silly reify ]
69 verbose reify failed optional dependency /Users/aravindaart/Documents/Reference/exp-tracker/node_modules/@next/swc-win32-ia32-msvc
70 silly reify mark deleted [
70 silly reify   '/Users/aravindaart/Documents/Reference/exp-tracker/node_modules/@next/swc-win32-ia32-msvc'
70 silly reify ]
71 verbose reify failed optional dependency /Users/aravindaart/Documents/Reference/exp-tracker/node_modules/@next/swc-win32-arm64-msvc
72 silly reify mark deleted [
72 silly reify   '/Users/aravindaart/Documents/Reference/exp-tracker/node_modules/@next/swc-win32-arm64-msvc'
72 silly reify ]
73 verbose reify failed optional dependency /Users/aravindaart/Documents/Reference/exp-tracker/node_modules/@next/swc-linux-x64-musl
74 silly reify mark deleted [
74 silly reify   '/Users/aravindaart/Documents/Reference/exp-tracker/node_modules/@next/swc-linux-x64-musl'
74 silly reify ]
75 verbose reify failed optional dependency /Users/aravindaart/Documents/Reference/exp-tracker/node_modules/@next/swc-linux-x64-gnu
76 silly reify mark deleted [
76 silly reify   '/Users/aravindaart/Documents/Reference/exp-tracker/node_modules/@next/swc-linux-x64-gnu'
76 silly reify ]
77 verbose reify failed optional dependency /Users/aravindaart/Documents/Reference/exp-tracker/node_modules/@next/swc-linux-arm64-musl
78 silly reify mark deleted [
78 silly reify   '/Users/aravindaart/Documents/Reference/exp-tracker/node_modules/@next/swc-linux-arm64-musl'
78 silly reify ]
79 verbose reify failed optional dependency /Users/aravindaart/Documents/Reference/exp-tracker/node_modules/@next/swc-linux-arm64-gnu
80 silly reify mark deleted [
80 silly reify   '/Users/aravindaart/Documents/Reference/exp-tracker/node_modules/@next/swc-linux-arm64-gnu'
80 silly reify ]
81 verbose reify failed optional dependency /Users/aravindaart/Documents/Reference/exp-tracker/node_modules/@next/swc-darwin-arm64
82 silly reify mark deleted [
82 silly reify   '/Users/aravindaart/Documents/Reference/exp-tracker/node_modules/@next/swc-darwin-arm64'
82 silly reify ]
83 http cache @tybys/wasm-util@https://registry.npmjs.org/@tybys/wasm-util/-/wasm-util-0.10.1.tgz 0ms (cache hit)
84 http cache @types/papaparse@https://registry.npmjs.org/@types/papaparse/-/papaparse-5.5.2.tgz 0ms (cache hit)
85 http cache @emnapi/runtime@https://registry.npmjs.org/@emnapi/runtime/-/runtime-1.10.0.tgz 0ms (cache hit)
86 http cache @emnapi/wasi-threads@https://registry.npmjs.org/@emnapi/wasi-threads/-/wasi-threads-1.2.1.tgz 0ms (cache hit)
87 http cache @napi-rs/wasm-runtime@https://registry.npmjs.org/@napi-rs/wasm-runtime/-/wasm-runtime-0.2.12.tgz 0ms (cache hit)
88 http cache @emnapi/core@https://registry.npmjs.org/@emnapi/core/-/core-1.10.0.tgz 1ms (cache hit)
89 silly tarball no local data for @types/papaparse@https://registry.npmjs.org/@types/papaparse/-/papaparse-5.5.2.tgz. Extracting by manifest.
90 http fetch POST 200 https://registry.npmjs.org/-/npm/v1/security/advisories/bulk 257ms
91 silly audit report {
91 silly audit report   glob: [
91 silly audit report     {
91 silly audit report       id: 1109842,
91 silly audit report       url: 'https://github.com/advisories/GHSA-5j98-mcp5-4vw2',
91 silly audit report       title: 'glob CLI: Command injection via -c/--cmd executes matches with shell:true',
91 silly audit report       severity: 'high',
91 silly audit report       vulnerable_versions: '>=10.2.0 <10.5.0',
91 silly audit report       cwe: [Array],
91 silly audit report       cvss: [Object]
91 silly audit report     }
91 silly audit report   ],
91 silly audit report   next: [
91 silly audit report     {
91 silly audit report       id: 1112593,
91 silly audit report       url: 'https://github.com/advisories/GHSA-9g9p-9gw9-jx7f',
91 silly audit report       title: 'Next.js self-hosted applications vulnerable to DoS via Image Optimizer remotePatterns configuration',
91 silly audit report       severity: 'moderate',
91 silly audit report       vulnerable_versions: '>=10.0.0 <15.5.10',
91 silly audit report       cwe: [Array],
91 silly audit report       cvss: [Object]
91 silly audit report     },
91 silly audit report     {
91 silly audit report       id: 1112653,
91 silly audit report       url: 'https://github.com/advisories/GHSA-h25m-26qc-wcjf',
91 silly audit report       title: 'Next.js HTTP request deserialization can lead to DoS when using insecure React Server Components',
91 silly audit report       severity: 'high',
91 silly audit report       vulnerable_versions: '>=13.0.0 <15.0.8',
91 silly audit report       cwe: [Array],
91 silly audit report       cvss: [Object]
91 silly audit report     },
91 silly audit report     {
91 silly audit report       id: 1114897,
91 silly audit report       url: 'https://github.com/advisories/GHSA-ggv3-7p47-pfv8',
91 silly audit report       title: 'Next.js: HTTP request smuggling in rewrites',
91 silly audit report       severity: 'moderate',
91 silly audit report       vulnerable_versions: '>=9.5.0 <15.5.13',
91 silly audit report       cwe: [Array],
91 silly audit report       cvss: [Object]
91 silly audit report     },
91 silly audit report     {
91 silly audit report       id: 1114940,
91 silly audit report       url: 'https://github.com/advisories/GHSA-3x4c-7xq6-9pq8',
91 silly audit report       title: 'Next.js: Unbounded next/image disk cache growth can exhaust storage',
91 silly audit report       severity: 'moderate',
91 silly audit report       vulnerable_versions: '>=10.0.0 <15.5.14',
91 silly audit report       cwe: [Array],
91 silly audit report       cvss: [Object]
91 silly audit report     },
91 silly audit report     {
91 silly audit report       id: 1116376,
91 silly audit report       url: 'https://github.com/advisories/GHSA-q4gf-8mx6-v5v3',
91 silly audit report       title: 'Next.js has a Denial of Service with Server Components',
91 silly audit report       severity: 'high',
91 silly audit report       vulnerable_versions: '>=13.0.0 <15.5.15',
91 silly audit report       cwe: [Array],
91 silly audit report       cvss: [Object]
91 silly audit report     }
91 silly audit report   ]
91 silly audit report }
92 silly packumentCache corgi:https://registry.npmjs.org/glob cache-miss
93 silly packumentCache corgi:https://registry.npmjs.org/next cache-miss
94 http cache https://registry.npmjs.org/glob 34ms (cache hit)
95 silly packumentCache corgi:https://registry.npmjs.org/glob set size:199194 disposed:false
96 http cache https://registry.npmjs.org/next 123ms (cache hit)
97 silly packumentCache corgi:https://registry.npmjs.org/next set size:24754089 disposed:false
98 silly packumentCache corgi:https://registry.npmjs.org/@next%2feslint-plugin-next cache-miss
99 http fetch GET 200 https://registry.npmjs.org/@types/papaparse/-/papaparse-5.5.2.tgz 2006ms (cache miss)
100 http cache https://registry.npmjs.org/@next%2feslint-plugin-next 46ms (cache hit)
101 silly packumentCache corgi:https://registry.npmjs.org/@next%2feslint-plugin-next set size:3196896 disposed:false
102 silly packumentCache corgi:https://registry.npmjs.org/eslint-config-next cache-miss
103 http cache https://registry.npmjs.org/eslint-config-next 38ms (cache hit)
104 silly packumentCache corgi:https://registry.npmjs.org/eslint-config-next set size:3843801 disposed:false
105 silly ADD node_modules/@types/papaparse
106 silly ADD
107 silly ADD
108 silly ADD
109 silly ADD
110 silly ADD
111 silly ADD
112 silly ADD
113 silly ADD
114 silly ADD
115 silly ADD
116 silly ADD
117 silly ADD
118 silly ADD
119 silly ADD
120 silly ADD
121 silly ADD
122 silly ADD
123 silly ADD
124 silly ADD
125 silly ADD
126 silly ADD
127 silly ADD
128 silly ADD
129 silly ADD
130 silly ADD
131 silly ADD
132 silly ADD
133 silly ADD
134 silly ADD
135 silly ADD
136 silly ADD
137 verbose cwd /Users/aravindaart/Documents/Reference/exp-tracker
138 verbose os Darwin 24.6.0
139 verbose node v22.14.0
140 verbose npm  v10.9.2
141 verbose exit 0
142 info ok
